<?xml version="1.0" encoding="UTF-8"?>
<coverage generated="1778675653779" clover="3.2.0">
  <project timestamp="1778675653779" name="All files">
    <metrics statements="210" coveredstatements="206" conditionals="172" coveredconditionals="141" methods="39" coveredmethods="37" elements="421" coveredelements="384" complexity="0" loc="210" ncloc="210" packages="3" files="10" classes="10"/>
    <package name="src">
      <metrics statements="56" coveredstatements="55" conditionals="2" coveredconditionals="2" methods="6" coveredmethods="5"/>
      <file name="app.js" path="C:\projects\Data Governence\src\app.js">
        <metrics statements="56" coveredstatements="55" conditionals="2" coveredconditionals="2" methods="6" coveredmethods="5"/>
        <line num="46" count="2" type="stmt"/>
        <line num="47" count="2" type="stmt"/>
        <line num="48" count="2" type="stmt"/>
        <line num="49" count="2" type="stmt"/>
        <line num="50" count="2" type="stmt"/>
        <line num="51" count="2" type="stmt"/>
        <line num="52" count="2" type="stmt"/>
        <line num="53" count="2" type="stmt"/>
        <line num="54" count="2" type="stmt"/>
        <line num="55" count="2" type="stmt"/>
        <line num="63" count="9" type="stmt"/>
        <line num="64" count="9" type="stmt"/>
        <line num="65" count="9" type="stmt"/>
        <line num="68" count="9" type="stmt"/>
        <line num="70" count="9" type="stmt"/>
        <line num="73" count="9" type="stmt"/>
        <line num="97" count="9" type="stmt"/>
        <line num="100" count="9" type="stmt"/>
        <line num="101" count="9" type="stmt"/>
        <line num="104" count="9" type="stmt"/>
        <line num="105" count="9" type="stmt"/>
        <line num="106" count="89" type="cond" truecount="2" falsecount="0"/>
        <line num="107" count="89" type="stmt"/>
        <line num="108" count="89" type="stmt"/>
        <line num="110" count="9" type="stmt"/>
        <line num="111" count="9" type="stmt"/>
        <line num="114" count="9" type="stmt"/>
        <line num="117" count="9" type="stmt"/>
        <line num="120" count="9" type="stmt"/>
        <line num="123" count="9" type="stmt"/>
        <line num="124" count="9" type="stmt"/>
        <line num="125" count="9" type="stmt"/>
        <line num="126" count="9" type="stmt"/>
        <line num="127" count="9" type="stmt"/>
        <line num="128" count="9" type="stmt"/>
        <line num="129" count="9" type="stmt"/>
        <line num="130" count="9" type="stmt"/>
        <line num="131" count="9" type="stmt"/>
        <line num="132" count="9" type="stmt"/>
        <line num="133" count="9" type="stmt"/>
        <line num="134" count="9" type="stmt"/>
        <line num="135" count="9" type="stmt"/>
        <line num="136" count="9" type="stmt"/>
        <line num="137" count="9" type="stmt"/>
        <line num="138" count="9" type="stmt"/>
        <line num="139" count="9" type="stmt"/>
        <line num="142" count="9" type="stmt"/>
        <line num="143" count="1" type="stmt"/>
        <line num="180" count="9" type="stmt"/>
        <line num="183" count="9" type="stmt"/>
        <line num="185" count="9" type="stmt"/>
        <line num="186" count="0" type="stmt"/>
        <line num="190" count="9" type="stmt"/>
        <line num="191" count="1" type="stmt"/>
        <line num="195" count="9" type="stmt"/>
        <line num="197" count="9" type="stmt"/>
      </file>
    </package>
    <package name="src.middleware">
      <metrics statements="81" coveredstatements="80" conditionals="100" coveredconditionals="77" methods="13" coveredmethods="13"/>
      <file name="auth.js" path="C:\projects\Data Governence\src\middleware\auth.js">
        <metrics statements="25" coveredstatements="25" conditionals="20" coveredconditionals="20" methods="3" coveredmethods="3"/>
        <line num="14" count="81" type="stmt"/>
        <line num="15" count="81" type="stmt"/>
        <line num="17" count="80" type="cond" truecount="2" falsecount="0"/>
        <line num="18" count="7" type="stmt"/>
        <line num="23" count="73" type="stmt"/>
        <line num="25" count="73" type="cond" truecount="2" falsecount="0"/>
        <line num="26" count="2" type="stmt"/>
        <line num="30" count="71" type="stmt"/>
        <line num="32" count="71" type="stmt"/>
        <line num="34" count="1" type="stmt"/>
        <line num="35" count="1" type="stmt"/>
        <line num="44" count="22" type="cond" truecount="2" falsecount="0"/>
        <line num="45" count="1" type="stmt"/>
        <line num="48" count="21" type="cond" truecount="4" falsecount="0"/>
        <line num="49" count="3" type="stmt"/>
        <line num="52" count="18" type="stmt"/>
        <line num="60" count="4" type="cond" truecount="2" falsecount="0"/>
        <line num="61" count="1" type="stmt"/>
        <line num="64" count="3" type="cond" truecount="2" falsecount="0"/>
        <line num="66" count="3" type="cond" truecount="2" falsecount="0"/>
        <line num="67" count="1" type="stmt"/>
        <line num="70" count="2" type="cond" truecount="4" falsecount="0"/>
        <line num="71" count="1" type="stmt"/>
        <line num="76" count="1" type="stmt"/>
        <line num="77" count="1" type="stmt"/>
      </file>
      <file name="errorHandler.js" path="C:\projects\Data Governence\src\middleware\errorHandler.js">
        <metrics statements="44" coveredstatements="43" conditionals="76" coveredconditionals="53" methods="6" coveredmethods="6"/>
        <line num="7" count="40" type="stmt"/>
        <line num="8" count="40" type="stmt"/>
        <line num="9" count="40" type="stmt"/>
        <line num="10" count="40" type="stmt"/>
        <line num="11" count="40" type="stmt"/>
        <line num="12" count="40" type="stmt"/>
        <line num="17" count="34" type="cond" truecount="3" falsecount="0"/>
        <line num="19" count="34" type="cond" truecount="3" falsecount="0"/>
        <line num="20" count="34" type="cond" truecount="1" falsecount="1"/>
        <line num="24" count="33" type="cond" truecount="2" falsecount="2"/>
        <line num="25" count="0" type="stmt"/>
        <line num="28" count="33" type="cond" truecount="2" falsecount="0"/>
        <line num="29" count="21" type="cond" truecount="2" falsecount="0"/>
        <line num="30" count="13" type="cond" truecount="2" falsecount="0"/>
        <line num="31" count="8" type="cond" truecount="2" falsecount="0"/>
        <line num="32" count="3" type="cond" truecount="2" falsecount="0"/>
        <line num="33" count="2" type="cond" truecount="1" falsecount="1"/>
        <line num="34" count="2" type="cond" truecount="1" falsecount="1"/>
        <line num="35" count="2" type="stmt"/>
        <line num="39" count="13" type="stmt"/>
        <line num="40" count="13" type="cond" truecount="1" falsecount="1"/>
        <line num="41" count="13" type="stmt"/>
        <line num="42" count="13" type="stmt"/>
        <line num="43" count="13" type="cond" truecount="4" falsecount="0"/>
        <line num="44" count="13" type="stmt"/>
        <line num="45" count="13" type="cond" truecount="1" falsecount="2"/>
        <line num="46" count="13" type="stmt"/>
        <line num="47" count="13" type="cond" truecount="6" falsecount="0"/>
        <line num="49" count="13" type="stmt"/>
        <line num="54" count="13" type="stmt"/>
        <line num="73" count="13" type="stmt"/>
        <line num="79" count="21" type="stmt"/>
        <line num="80" count="21" type="cond" truecount="1" falsecount="2"/>
        <line num="81" count="21" type="stmt"/>
        <line num="82" count="21" type="stmt"/>
        <line num="83" count="21" type="cond" truecount="2" falsecount="2"/>
        <line num="84" count="21" type="cond" truecount="2" falsecount="0"/>
        <line num="85" count="21" type="cond" truecount="1" falsecount="2"/>
        <line num="86" count="21" type="cond" truecount="2" falsecount="0"/>
        <line num="88" count="21" type="cond" truecount="5" falsecount="2"/>
        <line num="90" count="21" type="stmt"/>
        <line num="114" count="21" type="stmt"/>
        <line num="115" count="21" type="stmt"/>
        <line num="116" count="21" type="stmt"/>
      </file>
      <file name="performanceMonitor.js" path="C:\projects\Data Governence\src\middleware\performanceMonitor.js">
        <metrics statements="7" coveredstatements="7" conditionals="4" coveredconditionals="4" methods="2" coveredmethods="2"/>
        <line num="4" count="89" type="stmt"/>
        <line num="6" count="89" type="stmt"/>
        <line num="7" count="89" type="stmt"/>
        <line num="8" count="89" type="stmt"/>
        <line num="9" count="89" type="cond" truecount="4" falsecount="0"/>
        <line num="11" count="89" type="stmt"/>
        <line num="19" count="89" type="stmt"/>
      </file>
      <file name="requestLogger.js" path="C:\projects\Data Governence\src\middleware\requestLogger.js">
        <metrics statements="5" coveredstatements="5" conditionals="0" coveredconditionals="0" methods="2" coveredmethods="2"/>
        <line num="6" count="89" type="stmt"/>
        <line num="9" count="89" type="stmt"/>
        <line num="10" count="89" type="stmt"/>
        <line num="11" count="89" type="stmt"/>
        <line num="16" count="89" type="stmt"/>
      </file>
    </package>
    <package name="src.utils">
      <metrics statements="73" coveredstatements="71" conditionals="70" coveredconditionals="62" methods="20" coveredmethods="19"/>
      <file name="apiRouter.js" path="C:\projects\Data Governence\src\utils\apiRouter.js">
        <metrics statements="20" coveredstatements="20" conditionals="10" coveredconditionals="10" methods="6" coveredmethods="6"/>
        <line num="4" count="3251" type="cond" truecount="2" falsecount="0"/>
        <line num="5" count="1084" type="stmt"/>
        <line num="8" count="2167" type="cond" truecount="2" falsecount="0"/>
        <line num="9" count="1" type="stmt"/>
        <line num="12" count="2166" type="stmt"/>
        <line num="13" count="180" type="stmt"/>
        <line num="14" count="180" type="stmt"/>
        <line num="15" count="178" type="cond" truecount="4" falsecount="0"/>
        <line num="16" count="12" type="stmt"/>
        <line num="18" count="178" type="stmt"/>
        <line num="20" count="2" type="stmt"/>
        <line num="26" count="3252" type="cond" truecount="2" falsecount="0"/>
        <line num="27" count="1" type="stmt"/>
        <line num="30" count="3251" type="stmt"/>
        <line num="34" count="174" type="stmt"/>
        <line num="35" count="174" type="stmt"/>
        <line num="37" count="174" type="stmt"/>
        <line num="38" count="1566" type="stmt"/>
        <line num="39" count="1566" type="stmt"/>
        <line num="42" count="174" type="stmt"/>
      </file>
      <file name="config.js" path="C:\projects\Data Governence\src\utils\config.js">
        <metrics statements="6" coveredstatements="5" conditionals="14" coveredconditionals="13" methods="1" coveredmethods="0"/>
        <line num="6" count="2" type="stmt"/>
        <line num="9" count="2" type="stmt"/>
        <line num="23" count="2" type="cond" truecount="2" falsecount="0"/>
        <line num="24" count="1" type="stmt"/>
        <line num="25" count="1" type="cond" truecount="1" falsecount="1"/>
        <line num="26" count="0" type="stmt"/>
      </file>
      <file name="entraConfig.js" path="C:\projects\Data Governence\src\utils\entraConfig.js">
        <metrics statements="7" coveredstatements="7" conditionals="14" coveredconditionals="13" methods="2" coveredmethods="2"/>
        <line num="8" count="12" type="stmt"/>
        <line num="10" count="12" type="stmt"/>
        <line num="24" count="12" type="cond" truecount="2" falsecount="0"/>
        <line num="25" count="2" type="stmt"/>
        <line num="26" count="6" type="stmt"/>
        <line num="28" count="2" type="cond" truecount="2" falsecount="0"/>
        <line num="29" count="1" type="stmt"/>
      </file>
      <file name="tokenManager.js" path="C:\projects\Data Governence\src\utils\tokenManager.js">
        <metrics statements="18" coveredstatements="18" conditionals="20" coveredconditionals="18" methods="5" coveredmethods="5"/>
        <line num="8" count="11" type="cond" truecount="2" falsecount="0"/>
        <line num="9" count="11" type="cond" truecount="2" falsecount="0"/>
        <line num="10" count="11" type="cond" truecount="2" falsecount="0"/>
        <line num="18" count="34" type="stmt"/>
        <line num="42" count="6" type="stmt"/>
        <line num="61" count="86" type="stmt"/>
        <line num="62" count="86" type="stmt"/>
        <line num="64" count="6" type="stmt"/>
        <line num="65" count="6" type="stmt"/>
        <line num="75" count="85" type="cond" truecount="2" falsecount="0"/>
        <line num="77" count="77" type="stmt"/>
        <line num="78" count="76" type="cond" truecount="4" falsecount="0"/>
        <line num="79" count="1" type="stmt"/>
        <line num="82" count="75" type="stmt"/>
        <line num="92" count="2" type="stmt"/>
        <line num="94" count="2" type="cond" truecount="4" falsecount="0"/>
        <line num="95" count="1" type="stmt"/>
        <line num="98" count="1" type="stmt"/>
      </file>
      <file name="ttlCache.js" path="C:\projects\Data Governence\src\utils\ttlCache.js">
        <metrics statements="22" coveredstatements="21" conditionals="12" coveredconditionals="8" methods="6" coveredmethods="6"/>
        <line num="2" count="23" type="stmt"/>
        <line num="5" count="19" type="stmt"/>
        <line num="6" count="21" type="cond" truecount="2" falsecount="0"/>
        <line num="7" count="1" type="stmt"/>
        <line num="13" count="9" type="cond" truecount="2" falsecount="0"/>
        <line num="14" count="7" type="stmt"/>
        <line num="17" count="2" type="stmt"/>
        <line num="18" count="2" type="stmt"/>
        <line num="19" count="2" type="stmt"/>
        <line num="20" count="2" type="cond" truecount="1" falsecount="1"/>
        <line num="21" count="0" type="stmt"/>
        <line num="23" count="2" type="stmt"/>
        <line num="27" count="23" type="stmt"/>
        <line num="29" count="10" type="stmt"/>
        <line num="30" count="10" type="stmt"/>
        <line num="32" count="10" type="stmt"/>
        <line num="33" count="10" type="cond" truecount="2" falsecount="0"/>
        <line num="36" count="9" type="stmt"/>
        <line num="37" count="9" type="stmt"/>
        <line num="41" count="9" type="stmt"/>
        <line num="42" count="9" type="stmt"/>
        <line num="45" count="5" type="stmt"/>
      </file>
    </package>
  </project>
</coverage>
