{"C:\\projects\\Data Governence\\src\\app.js": {"path":"C:\\projects\\Data Governence\\src\\app.js","statementMap":{"0":{"start":{"line":38,"column":2},"end":{"line":38,"column":43}},"1":{"start":{"line":39,"column":2},"end":{"line":39,"column":25}},"2":{"start":{"line":40,"column":2},"end":{"line":40,"column":29}},"3":{"start":{"line":41,"column":2},"end":{"line":41,"column":43}},"4":{"start":{"line":42,"column":2},"end":{"line":42,"column":45}},"5":{"start":{"line":50,"column":19},"end":{"line":50,"column":49}},"6":{"start":{"line":51,"column":18},"end":{"line":51,"column":40}},"7":{"start":{"line":52,"column":23},"end":{"line":52,"column":66}},"8":{"start":{"line":55,"column":2},"end":{"line":55,"column":24}},"9":{"start":{"line":57,"column":14},"end":{"line":57,"column":23}},"10":{"start":{"line":60,"column":2},"end":{"line":60,"column":20}},"11":{"start":{"line":61,"column":2},"end":{"line":61,"column":18}},"12":{"start":{"line":64,"column":2},"end":{"line":64,"column":26}},"13":{"start":{"line":65,"column":2},"end":{"line":65,"column":50}},"14":{"start":{"line":68,"column":2},"end":{"line":68,"column":30}},"15":{"start":{"line":69,"column":2},"end":{"line":73,"column":5}},"16":{"start":{"line":70,"column":4},"end":{"line":70,"column":64}},"17":{"start":{"line":71,"column":4},"end":{"line":71,"column":49}},"18":{"start":{"line":72,"column":4},"end":{"line":72,"column":11}},"19":{"start":{"line":74,"column":2},"end":{"line":74,"column":25}},"20":{"start":{"line":75,"column":2},"end":{"line":75,"column":30}},"21":{"start":{"line":78,"column":2},"end":{"line":78,"column":35}},"22":{"start":{"line":81,"column":20},"end":{"line":81,"column":36}},"23":{"start":{"line":84,"column":2},"end":{"line":84,"column":37}},"24":{"start":{"line":87,"column":2},"end":{"line":87,"column":41}},"25":{"start":{"line":88,"column":2},"end":{"line":88,"column":43}},"26":{"start":{"line":89,"column":2},"end":{"line":89,"column":43}},"27":{"start":{"line":90,"column":2},"end":{"line":90,"column":39}},"28":{"start":{"line":91,"column":2},"end":{"line":91,"column":47}},"29":{"start":{"line":92,"column":2},"end":{"line":92,"column":47}},"30":{"start":{"line":93,"column":2},"end":{"line":93,"column":47}},"31":{"start":{"line":94,"column":2},"end":{"line":94,"column":47}},"32":{"start":{"line":95,"column":2},"end":{"line":95,"column":53}},"33":{"start":{"line":98,"column":2},"end":{"line":122,"column":5}},"34":{"start":{"line":99,"column":4},"end":{"line":121,"column":7}},"35":{"start":{"line":124,"column":2},"end":{"line":124,"column":32}},"36":{"start":{"line":127,"column":2},"end":{"line":127,"column":40}},"37":{"start":{"line":129,"column":2},"end":{"line":131,"column":5}},"38":{"start":{"line":130,"column":4},"end":{"line":130,"column":56}},"39":{"start":{"line":134,"column":2},"end":{"line":136,"column":5}},"40":{"start":{"line":135,"column":4},"end":{"line":135,"column":96}},"41":{"start":{"line":139,"column":2},"end":{"line":139,"column":24}},"42":{"start":{"line":141,"column":2},"end":{"line":141,"column":13}}},"fnMap":{"0":{"name":"initializeCache","decl":{"start":{"line":37,"column":16},"end":{"line":37,"column":31}},"loc":{"start":{"line":37,"column":60},"end":{"line":43,"column":1}},"line":37},"1":{"name":"createApp","decl":{"start":{"line":49,"column":24},"end":{"line":49,"column":33}},"loc":{"start":{"line":49,"column":36},"end":{"line":142,"column":1}},"line":49},"2":{"name":"(anonymous_2)","decl":{"start":{"line":69,"column":10},"end":{"line":69,"column":11}},"loc":{"start":{"line":69,"column":30},"end":{"line":73,"column":3}},"line":69},"3":{"name":"(anonymous_3)","decl":{"start":{"line":98,"column":21},"end":{"line":98,"column":22}},"loc":{"start":{"line":98,"column":35},"end":{"line":122,"column":3}},"line":98},"4":{"name":"(anonymous_4)","decl":{"start":{"line":129,"column":15},"end":{"line":129,"column":16}},"loc":{"start":{"line":129,"column":29},"end":{"line":131,"column":3}},"line":129},"5":{"name":"(anonymous_5)","decl":{"start":{"line":134,"column":10},"end":{"line":134,"column":11}},"loc":{"start":{"line":134,"column":31},"end":{"line":136,"column":3}},"line":134}},"branchMap":{"0":{"loc":{"start":{"line":70,"column":20},"end":{"line":70,"column":63}},"type":"binary-expr","locations":[{"start":{"line":70,"column":20},"end":{"line":70,"column":47}},{"start":{"line":70,"column":51},"end":{"line":70,"column":63}}],"line":70}},"s":{"0":1,"1":1,"2":1,"3":1,"4":1,"5":3,"6":3,"7":3,"8":3,"9":3,"10":3,"11":3,"12":3,"13":3,"14":3,"15":3,"16":29,"17":29,"18":29,"19":3,"20":3,"21":3,"22":3,"23":3,"24":3,"25":3,"26":3,"27":3,"28":3,"29":3,"30":3,"31":3,"32":3,"33":3,"34":1,"35":3,"36":3,"37":3,"38":0,"39":3,"40":1,"41":3,"42":3},"f":{"0":1,"1":3,"2":29,"3":1,"4":0,"5":1},"b":{"0":[29,29]},"inputSourceMap":null,"_coverageSchema":"1a1c01bbd47fc00a2c39e90264f33305004495a9","hash":"70249cdd8d9c4e06e17dcb6a49db6631d311d450"}
,"C:\\projects\\Data Governence\\src\\api\\admin.js": {"path":"C:\\projects\\Data Governence\\src\\api\\admin.js","statementMap":{"0":{"start":{"line":32,"column":15},"end":{"line":32,"column":32}},"1":{"start":{"line":35,"column":20},"end":{"line":35,"column":29}},"2":{"start":{"line":42,"column":2},"end":{"line":42,"column":26}},"3":{"start":{"line":50,"column":0},"end":{"line":69,"column":3}},"4":{"start":{"line":51,"column":2},"end":{"line":68,"column":3}},"5":{"start":{"line":52,"column":29},"end":{"line":52,"column":38}},"6":{"start":{"line":53,"column":18},"end":{"line":53,"column":98}},"7":{"start":{"line":55,"column":4},"end":{"line":62,"column":7}},"8":{"start":{"line":64,"column":4},"end":{"line":67,"column":7}},"9":{"start":{"line":76,"column":0},"end":{"line":98,"column":3}},"10":{"start":{"line":77,"column":2},"end":{"line":97,"column":3}},"11":{"start":{"line":78,"column":17},"end":{"line":78,"column":43}},"12":{"start":{"line":80,"column":4},"end":{"line":91,"column":5}},"13":{"start":{"line":81,"column":6},"end":{"line":84,"column":9}},"14":{"start":{"line":86,"column":6},"end":{"line":90,"column":9}},"15":{"start":{"line":93,"column":4},"end":{"line":96,"column":7}},"16":{"start":{"line":105,"column":0},"end":{"line":137,"column":3}},"17":{"start":{"line":106,"column":2},"end":{"line":136,"column":3}},"18":{"start":{"line":109,"column":8},"end":{"line":109,"column":16}},"19":{"start":{"line":111,"column":4},"end":{"line":130,"column":5}},"20":{"start":{"line":112,"column":6},"end":{"line":115,"column":9}},"21":{"start":{"line":117,"column":19},"end":{"line":121,"column":8}},"22":{"start":{"line":123,"column":6},"end":{"line":123,"column":85}},"23":{"start":{"line":125,"column":6},"end":{"line":129,"column":9}},"24":{"start":{"line":132,"column":4},"end":{"line":135,"column":7}},"25":{"start":{"line":144,"column":0},"end":{"line":168,"column":3}},"26":{"start":{"line":145,"column":2},"end":{"line":167,"column":3}},"27":{"start":{"line":146,"column":20},"end":{"line":146,"column":59}},"28":{"start":{"line":148,"column":4},"end":{"line":161,"column":5}},"29":{"start":{"line":149,"column":6},"end":{"line":152,"column":9}},"30":{"start":{"line":154,"column":6},"end":{"line":154,"column":84}},"31":{"start":{"line":156,"column":6},"end":{"line":160,"column":9}},"32":{"start":{"line":163,"column":4},"end":{"line":166,"column":7}},"33":{"start":{"line":175,"column":0},"end":{"line":198,"column":3}},"34":{"start":{"line":176,"column":2},"end":{"line":197,"column":3}},"35":{"start":{"line":177,"column":20},"end":{"line":177,"column":49}},"36":{"start":{"line":179,"column":4},"end":{"line":191,"column":5}},"37":{"start":{"line":180,"column":6},"end":{"line":183,"column":9}},"38":{"start":{"line":185,"column":6},"end":{"line":185,"column":84}},"39":{"start":{"line":187,"column":6},"end":{"line":190,"column":9}},"40":{"start":{"line":193,"column":4},"end":{"line":196,"column":7}},"41":{"start":{"line":205,"column":0},"end":{"line":228,"column":3}},"42":{"start":{"line":206,"column":2},"end":{"line":227,"column":3}},"43":{"start":{"line":207,"column":20},"end":{"line":207,"column":53}},"44":{"start":{"line":209,"column":4},"end":{"line":221,"column":5}},"45":{"start":{"line":210,"column":6},"end":{"line":213,"column":9}},"46":{"start":{"line":215,"column":6},"end":{"line":215,"column":88}},"47":{"start":{"line":217,"column":6},"end":{"line":220,"column":9}},"48":{"start":{"line":223,"column":4},"end":{"line":226,"column":7}},"49":{"start":{"line":235,"column":0},"end":{"line":258,"column":3}},"50":{"start":{"line":236,"column":2},"end":{"line":257,"column":3}},"51":{"start":{"line":237,"column":20},"end":{"line":237,"column":53}},"52":{"start":{"line":239,"column":4},"end":{"line":251,"column":5}},"53":{"start":{"line":240,"column":6},"end":{"line":243,"column":9}},"54":{"start":{"line":245,"column":6},"end":{"line":245,"column":88}},"55":{"start":{"line":247,"column":6},"end":{"line":250,"column":9}},"56":{"start":{"line":253,"column":4},"end":{"line":256,"column":7}},"57":{"start":{"line":265,"column":0},"end":{"line":293,"column":3}},"58":{"start":{"line":266,"column":2},"end":{"line":292,"column":3}},"59":{"start":{"line":269,"column":8},"end":{"line":269,"column":17}},"60":{"start":{"line":270,"column":22},"end":{"line":270,"column":90}},"61":{"start":{"line":272,"column":19},"end":{"line":277,"column":6}},"62":{"start":{"line":279,"column":4},"end":{"line":286,"column":7}},"63":{"start":{"line":288,"column":4},"end":{"line":291,"column":7}},"64":{"start":{"line":300,"column":0},"end":{"line":315,"column":3}},"65":{"start":{"line":301,"column":2},"end":{"line":314,"column":3}},"66":{"start":{"line":302,"column":18},"end":{"line":302,"column":38}},"67":{"start":{"line":304,"column":4},"end":{"line":308,"column":7}},"68":{"start":{"line":310,"column":4},"end":{"line":313,"column":7}},"69":{"start":{"line":322,"column":0},"end":{"line":346,"column":3}},"70":{"start":{"line":323,"column":2},"end":{"line":345,"column":3}},"71":{"start":{"line":324,"column":38},"end":{"line":324,"column":47}},"72":{"start":{"line":326,"column":19},"end":{"line":330,"column":6}},"73":{"start":{"line":332,"column":4},"end":{"line":339,"column":7}},"74":{"start":{"line":341,"column":4},"end":{"line":344,"column":7}},"75":{"start":{"line":353,"column":0},"end":{"line":368,"column":3}},"76":{"start":{"line":354,"column":2},"end":{"line":367,"column":3}},"77":{"start":{"line":355,"column":18},"end":{"line":355,"column":41}},"78":{"start":{"line":357,"column":4},"end":{"line":361,"column":7}},"79":{"start":{"line":363,"column":4},"end":{"line":366,"column":7}},"80":{"start":{"line":375,"column":0},"end":{"line":391,"column":3}},"81":{"start":{"line":376,"column":2},"end":{"line":390,"column":3}},"82":{"start":{"line":377,"column":22},"end":{"line":377,"column":31}},"83":{"start":{"line":378,"column":18},"end":{"line":378,"column":65}},"84":{"start":{"line":380,"column":4},"end":{"line":384,"column":7}},"85":{"start":{"line":386,"column":4},"end":{"line":389,"column":7}},"86":{"start":{"line":398,"column":0},"end":{"line":413,"column":3}},"87":{"start":{"line":399,"column":2},"end":{"line":412,"column":3}},"88":{"start":{"line":400,"column":18},"end":{"line":400,"column":54}},"89":{"start":{"line":402,"column":4},"end":{"line":406,"column":7}},"90":{"start":{"line":408,"column":4},"end":{"line":411,"column":7}},"91":{"start":{"line":420,"column":0},"end":{"line":444,"column":3}},"92":{"start":{"line":421,"column":2},"end":{"line":443,"column":3}},"93":{"start":{"line":422,"column":16},"end":{"line":422,"column":54}},"94":{"start":{"line":424,"column":4},"end":{"line":437,"column":5}},"95":{"start":{"line":425,"column":6},"end":{"line":428,"column":9}},"96":{"start":{"line":430,"column":25},"end":{"line":430,"column":46}},"97":{"start":{"line":432,"column":6},"end":{"line":436,"column":9}},"98":{"start":{"line":439,"column":4},"end":{"line":442,"column":7}},"99":{"start":{"line":451,"column":0},"end":{"line":469,"column":3}},"100":{"start":{"line":452,"column":2},"end":{"line":468,"column":3}},"101":{"start":{"line":453,"column":20},"end":{"line":453,"column":66}},"102":{"start":{"line":455,"column":4},"end":{"line":462,"column":7}},"103":{"start":{"line":464,"column":4},"end":{"line":467,"column":7}},"104":{"start":{"line":476,"column":0},"end":{"line":494,"column":3}},"105":{"start":{"line":477,"column":2},"end":{"line":493,"column":3}},"106":{"start":{"line":478,"column":20},"end":{"line":478,"column":82}},"107":{"start":{"line":480,"column":4},"end":{"line":487,"column":7}},"108":{"start":{"line":489,"column":4},"end":{"line":492,"column":7}}},"fnMap":{"0":{"name":"setAdminCache","decl":{"start":{"line":41,"column":16},"end":{"line":41,"column":29}},"loc":{"start":{"line":41,"column":39},"end":{"line":43,"column":1}},"line":41},"1":{"name":"(anonymous_1)","decl":{"start":{"line":50,"column":49},"end":{"line":50,"column":50}},"loc":{"start":{"line":50,"column":63},"end":{"line":69,"column":1}},"line":50},"2":{"name":"(anonymous_2)","decl":{"start":{"line":76,"column":57},"end":{"line":76,"column":58}},"loc":{"start":{"line":76,"column":71},"end":{"line":98,"column":1}},"line":76},"3":{"name":"(anonymous_3)","decl":{"start":{"line":105,"column":50},"end":{"line":105,"column":51}},"loc":{"start":{"line":105,"column":64},"end":{"line":137,"column":1}},"line":105},"4":{"name":"(anonymous_4)","decl":{"start":{"line":144,"column":57},"end":{"line":144,"column":58}},"loc":{"start":{"line":144,"column":71},"end":{"line":168,"column":1}},"line":144},"5":{"name":"(anonymous_5)","decl":{"start":{"line":175,"column":60},"end":{"line":175,"column":61}},"loc":{"start":{"line":175,"column":74},"end":{"line":198,"column":1}},"line":175},"6":{"name":"(anonymous_6)","decl":{"start":{"line":205,"column":69},"end":{"line":205,"column":70}},"loc":{"start":{"line":205,"column":83},"end":{"line":228,"column":1}},"line":205},"7":{"name":"(anonymous_7)","decl":{"start":{"line":235,"column":69},"end":{"line":235,"column":70}},"loc":{"start":{"line":235,"column":83},"end":{"line":258,"column":1}},"line":235},"8":{"name":"(anonymous_8)","decl":{"start":{"line":265,"column":49},"end":{"line":265,"column":50}},"loc":{"start":{"line":265,"column":63},"end":{"line":293,"column":1}},"line":265},"9":{"name":"(anonymous_9)","decl":{"start":{"line":300,"column":60},"end":{"line":300,"column":61}},"loc":{"start":{"line":300,"column":74},"end":{"line":315,"column":1}},"line":300},"10":{"name":"(anonymous_10)","decl":{"start":{"line":322,"column":52},"end":{"line":322,"column":53}},"loc":{"start":{"line":322,"column":66},"end":{"line":346,"column":1}},"line":322},"11":{"name":"(anonymous_11)","decl":{"start":{"line":353,"column":63},"end":{"line":353,"column":64}},"loc":{"start":{"line":353,"column":77},"end":{"line":368,"column":1}},"line":353},"12":{"name":"(anonymous_12)","decl":{"start":{"line":375,"column":58},"end":{"line":375,"column":59}},"loc":{"start":{"line":375,"column":72},"end":{"line":391,"column":1}},"line":375},"13":{"name":"(anonymous_13)","decl":{"start":{"line":398,"column":63},"end":{"line":398,"column":64}},"loc":{"start":{"line":398,"column":77},"end":{"line":413,"column":1}},"line":398},"14":{"name":"(anonymous_14)","decl":{"start":{"line":420,"column":71},"end":{"line":420,"column":72}},"loc":{"start":{"line":420,"column":85},"end":{"line":444,"column":1}},"line":420},"15":{"name":"(anonymous_15)","decl":{"start":{"line":451,"column":63},"end":{"line":451,"column":64}},"loc":{"start":{"line":451,"column":77},"end":{"line":469,"column":1}},"line":451},"16":{"name":"(anonymous_16)","decl":{"start":{"line":476,"column":79},"end":{"line":476,"column":80}},"loc":{"start":{"line":476,"column":93},"end":{"line":494,"column":1}},"line":476}},"branchMap":{"0":{"loc":{"start":{"line":53,"column":38},"end":{"line":53,"column":55}},"type":"binary-expr","locations":[{"start":{"line":53,"column":38},"end":{"line":53,"column":42}},{"start":{"line":53,"column":46},"end":{"line":53,"column":55}}],"line":53},"1":{"loc":{"start":{"line":53,"column":65},"end":{"line":53,"column":95}},"type":"binary-expr","locations":[{"start":{"line":53,"column":65},"end":{"line":53,"column":82}},{"start":{"line":53,"column":86},"end":{"line":53,"column":95}}],"line":53},"2":{"loc":{"start":{"line":80,"column":4},"end":{"line":91,"column":5}},"type":"if","locations":[{"start":{"line":80,"column":4},"end":{"line":91,"column":5}},{"start":{"line":85,"column":11},"end":{"line":91,"column":5}}],"line":80},"3":{"loc":{"start":{"line":111,"column":4},"end":{"line":130,"column":5}},"type":"if","locations":[{"start":{"line":111,"column":4},"end":{"line":130,"column":5}},{"start":{"line":116,"column":11},"end":{"line":130,"column":5}}],"line":111},"4":{"loc":{"start":{"line":119,"column":14},"end":{"line":119,"column":30}},"type":"binary-expr","locations":[{"start":{"line":119,"column":14},"end":{"line":119,"column":18}},{"start":{"line":119,"column":22},"end":{"line":119,"column":30}}],"line":119},"5":{"loc":{"start":{"line":148,"column":4},"end":{"line":161,"column":5}},"type":"if","locations":[{"start":{"line":148,"column":4},"end":{"line":161,"column":5}},{"start":{"line":153,"column":11},"end":{"line":161,"column":5}}],"line":148},"6":{"loc":{"start":{"line":179,"column":4},"end":{"line":191,"column":5}},"type":"if","locations":[{"start":{"line":179,"column":4},"end":{"line":191,"column":5}},{"start":{"line":184,"column":11},"end":{"line":191,"column":5}}],"line":179},"7":{"loc":{"start":{"line":209,"column":4},"end":{"line":221,"column":5}},"type":"if","locations":[{"start":{"line":209,"column":4},"end":{"line":221,"column":5}},{"start":{"line":214,"column":11},"end":{"line":221,"column":5}}],"line":209},"8":{"loc":{"start":{"line":239,"column":4},"end":{"line":251,"column":5}},"type":"if","locations":[{"start":{"line":239,"column":4},"end":{"line":251,"column":5}},{"start":{"line":244,"column":11},"end":{"line":251,"column":5}}],"line":239},"9":{"loc":{"start":{"line":270,"column":22},"end":{"line":270,"column":90}},"type":"cond-expr","locations":[{"start":{"line":270,"column":29},"end":{"line":270,"column":78}},{"start":{"line":270,"column":81},"end":{"line":270,"column":90}}],"line":270},"10":{"loc":{"start":{"line":275,"column":13},"end":{"line":275,"column":39}},"type":"binary-expr","locations":[{"start":{"line":275,"column":13},"end":{"line":275,"column":32}},{"start":{"line":275,"column":36},"end":{"line":275,"column":39}}],"line":275},"11":{"loc":{"start":{"line":329,"column":13},"end":{"line":329,"column":39}},"type":"binary-expr","locations":[{"start":{"line":329,"column":13},"end":{"line":329,"column":32}},{"start":{"line":329,"column":36},"end":{"line":329,"column":39}}],"line":329},"12":{"loc":{"start":{"line":378,"column":39},"end":{"line":378,"column":64}},"type":"binary-expr","locations":[{"start":{"line":378,"column":39},"end":{"line":378,"column":58}},{"start":{"line":378,"column":62},"end":{"line":378,"column":64}}],"line":378},"13":{"loc":{"start":{"line":424,"column":4},"end":{"line":437,"column":5}},"type":"if","locations":[{"start":{"line":424,"column":4},"end":{"line":437,"column":5}},{"start":{"line":429,"column":11},"end":{"line":437,"column":5}}],"line":424}},"s":{"0":3,"1":3,"2":1,"3":3,"4":0,"5":0,"6":0,"7":0,"8":0,"9":3,"10":0,"11":0,"12":0,"13":0,"14":0,"15":0,"16":3,"17":0,"18":0,"19":0,"20":0,"21":0,"22":0,"23":0,"24":0,"25":3,"26":0,"27":0,"28":0,"29":0,"30":0,"31":0,"32":0,"33":3,"34":0,"35":0,"36":0,"37":0,"38":0,"39":0,"40":0,"41":3,"42":0,"43":0,"44":0,"45":0,"46":0,"47":0,"48":0,"49":3,"50":0,"51":0,"52":0,"53":0,"54":0,"55":0,"56":0,"57":3,"58":0,"59":0,"60":0,"61":0,"62":0,"63":0,"64":3,"65":0,"66":0,"67":0,"68":0,"69":3,"70":0,"71":0,"72":0,"73":0,"74":0,"75":3,"76":0,"77":0,"78":0,"79":0,"80":3,"81":0,"82":0,"83":0,"84":0,"85":0,"86":3,"87":0,"88":0,"89":0,"90":0,"91":3,"92":0,"93":0,"94":0,"95":0,"96":0,"97":0,"98":0,"99":3,"100":0,"101":0,"102":0,"103":0,"104":3,"105":0,"106":0,"107":0,"108":0},"f":{"0":1,"1":0,"2":0,"3":0,"4":0,"5":0,"6":0,"7":0,"8":0,"9":0,"10":0,"11":0,"12":0,"13":0,"14":0,"15":0,"16":0},"b":{"0":[0,0],"1":[0,0],"2":[0,0],"3":[0,0],"4":[0,0],"5":[0,0],"6":[0,0],"7":[0,0],"8":[0,0],"9":[0,0],"10":[0,0],"11":[0,0],"12":[0,0],"13":[0,0]},"inputSourceMap":null,"_coverageSchema":"1a1c01bbd47fc00a2c39e90264f33305004495a9","hash":"67a9c1d7e055b0aabbd149c59fa90688595d59b3"}
,"C:\\projects\\Data Governence\\src\\api\\auth.js": {"path":"C:\\projects\\Data Governence\\src\\api\\auth.js","statementMap":{"0":{"start":{"line":11,"column":15},"end":{"line":11,"column":32}},"1":{"start":{"line":18,"column":0},"end":{"line":53,"column":3}},"2":{"start":{"line":20,"column":20},"end":{"line":20,"column":28}},"3":{"start":{"line":22,"column":2},"end":{"line":28,"column":3}},"4":{"start":{"line":24,"column":4},"end":{"line":27,"column":7}},"5":{"start":{"line":31,"column":15},"end":{"line":35,"column":4}},"6":{"start":{"line":37,"column":16},"end":{"line":37,"column":35}},"7":{"start":{"line":38,"column":23},"end":{"line":38,"column":52}},"8":{"start":{"line":40,"column":2},"end":{"line":52,"column":5}},"9":{"start":{"line":59,"column":0},"end":{"line":69,"column":3}},"10":{"start":{"line":60,"column":26},"end":{"line":60,"column":34}},"11":{"start":{"line":65,"column":2},"end":{"line":68,"column":5}},"12":{"start":{"line":76,"column":0},"end":{"line":87,"column":3}},"13":{"start":{"line":77,"column":2},"end":{"line":86,"column":5}},"14":{"start":{"line":93,"column":0},"end":{"line":115,"column":3}},"15":{"start":{"line":94,"column":27},"end":{"line":94,"column":35}},"16":{"start":{"line":96,"column":2},"end":{"line":101,"column":3}},"17":{"start":{"line":97,"column":4},"end":{"line":100,"column":7}},"18":{"start":{"line":103,"column":2},"end":{"line":114,"column":3}},"19":{"start":{"line":105,"column":4},"end":{"line":108,"column":7}},"20":{"start":{"line":110,"column":4},"end":{"line":113,"column":7}},"21":{"start":{"line":122,"column":0},"end":{"line":127,"column":3}},"22":{"start":{"line":123,"column":2},"end":{"line":126,"column":5}}},"fnMap":{"0":{"name":"(anonymous_0)","decl":{"start":{"line":18,"column":22},"end":{"line":18,"column":23}},"loc":{"start":{"line":18,"column":36},"end":{"line":53,"column":1}},"line":18},"1":{"name":"(anonymous_1)","decl":{"start":{"line":59,"column":25},"end":{"line":59,"column":26}},"loc":{"start":{"line":59,"column":39},"end":{"line":69,"column":1}},"line":59},"2":{"name":"(anonymous_2)","decl":{"start":{"line":76,"column":32},"end":{"line":76,"column":33}},"loc":{"start":{"line":76,"column":46},"end":{"line":87,"column":1}},"line":76},"3":{"name":"(anonymous_3)","decl":{"start":{"line":93,"column":24},"end":{"line":93,"column":25}},"loc":{"start":{"line":93,"column":38},"end":{"line":115,"column":1}},"line":93},"4":{"name":"(anonymous_4)","decl":{"start":{"line":122,"column":37},"end":{"line":122,"column":38}},"loc":{"start":{"line":122,"column":51},"end":{"line":127,"column":1}},"line":122}},"branchMap":{"0":{"loc":{"start":{"line":22,"column":2},"end":{"line":28,"column":3}},"type":"if","locations":[{"start":{"line":22,"column":2},"end":{"line":28,"column":3}},{"start":{},"end":{}}],"line":22},"1":{"loc":{"start":{"line":26,"column":56},"end":{"line":26,"column":95}},"type":"binary-expr","locations":[{"start":{"line":26,"column":56},"end":{"line":26,"column":83}},{"start":{"line":26,"column":87},"end":{"line":26,"column":95}}],"line":26},"2":{"loc":{"start":{"line":96,"column":2},"end":{"line":101,"column":3}},"type":"if","locations":[{"start":{"line":96,"column":2},"end":{"line":101,"column":3}},{"start":{},"end":{}}],"line":96}},"s":{"0":3,"1":3,"2":2,"3":2,"4":1,"5":1,"6":1,"7":1,"8":1,"9":3,"10":1,"11":1,"12":3,"13":1,"14":3,"15":2,"16":2,"17":1,"18":1,"19":1,"20":0,"21":3,"22":1},"f":{"0":2,"1":1,"2":1,"3":2,"4":1},"b":{"0":[1,1],"1":[1,1],"2":[1,1]},"inputSourceMap":null,"_coverageSchema":"1a1c01bbd47fc00a2c39e90264f33305004495a9","hash":"b6bc32b59bfc49074f0894e7ca2b1113bd2965cb"}
,"C:\\projects\\Data Governence\\src\\api\\dashboard.js": {"path":"C:\\projects\\Data Governence\\src\\api\\dashboard.js","statementMap":{"0":{"start":{"line":21,"column":15},"end":{"line":21,"column":32}},"1":{"start":{"line":29,"column":2},"end":{"line":29,"column":26}},"2":{"start":{"line":33,"column":0},"end":{"line":33,"column":25}},"3":{"start":{"line":34,"column":0},"end":{"line":34,"column":25}},"4":{"start":{"line":40,"column":0},"end":{"line":47,"column":3}},"5":{"start":{"line":41,"column":2},"end":{"line":46,"column":3}},"6":{"start":{"line":42,"column":20},"end":{"line":42,"column":59}},"7":{"start":{"line":43,"column":4},"end":{"line":43,"column":29}},"8":{"start":{"line":45,"column":4},"end":{"line":45,"column":80}},"9":{"start":{"line":53,"column":0},"end":{"line":60,"column":3}},"10":{"start":{"line":54,"column":2},"end":{"line":59,"column":3}},"11":{"start":{"line":55,"column":17},"end":{"line":55,"column":53}},"12":{"start":{"line":56,"column":4},"end":{"line":56,"column":26}},"13":{"start":{"line":58,"column":4},"end":{"line":58,"column":83}},"14":{"start":{"line":66,"column":0},"end":{"line":73,"column":3}},"15":{"start":{"line":67,"column":2},"end":{"line":72,"column":3}},"16":{"start":{"line":68,"column":17},"end":{"line":68,"column":42}},"17":{"start":{"line":69,"column":4},"end":{"line":69,"column":26}},"18":{"start":{"line":71,"column":4},"end":{"line":71,"column":85}},"19":{"start":{"line":79,"column":0},"end":{"line":94,"column":3}},"20":{"start":{"line":80,"column":2},"end":{"line":93,"column":3}},"21":{"start":{"line":81,"column":20},"end":{"line":85,"column":5}},"22":{"start":{"line":86,"column":17},"end":{"line":86,"column":63}},"23":{"start":{"line":87,"column":21},"end":{"line":87,"column":74}},"24":{"start":{"line":89,"column":17},"end":{"line":89,"column":57}},"25":{"start":{"line":90,"column":4},"end":{"line":90,"column":26}},"26":{"start":{"line":92,"column":4},"end":{"line":92,"column":77}},"27":{"start":{"line":100,"column":0},"end":{"line":107,"column":3}},"28":{"start":{"line":101,"column":2},"end":{"line":106,"column":3}},"29":{"start":{"line":102,"column":17},"end":{"line":102,"column":43}},"30":{"start":{"line":103,"column":4},"end":{"line":103,"column":26}},"31":{"start":{"line":105,"column":4},"end":{"line":105,"column":76}},"32":{"start":{"line":113,"column":0},"end":{"line":120,"column":3}},"33":{"start":{"line":114,"column":2},"end":{"line":119,"column":3}},"34":{"start":{"line":115,"column":17},"end":{"line":115,"column":57}},"35":{"start":{"line":116,"column":4},"end":{"line":116,"column":26}},"36":{"start":{"line":118,"column":4},"end":{"line":118,"column":87}},"37":{"start":{"line":126,"column":0},"end":{"line":138,"column":3}},"38":{"start":{"line":127,"column":2},"end":{"line":137,"column":3}},"39":{"start":{"line":128,"column":18},"end":{"line":128,"column":68}},"40":{"start":{"line":129,"column":21},"end":{"line":129,"column":70}},"41":{"start":{"line":131,"column":4},"end":{"line":133,"column":5}},"42":{"start":{"line":132,"column":6},"end":{"line":132,"column":63}},"43":{"start":{"line":134,"column":4},"end":{"line":134,"column":30}},"44":{"start":{"line":136,"column":4},"end":{"line":136,"column":85}},"45":{"start":{"line":144,"column":0},"end":{"line":151,"column":3}},"46":{"start":{"line":145,"column":2},"end":{"line":150,"column":3}},"47":{"start":{"line":146,"column":20},"end":{"line":146,"column":57}},"48":{"start":{"line":147,"column":4},"end":{"line":147,"column":29}},"49":{"start":{"line":149,"column":4},"end":{"line":149,"column":84}},"50":{"start":{"line":157,"column":0},"end":{"line":167,"column":3}},"51":{"start":{"line":158,"column":2},"end":{"line":166,"column":3}},"52":{"start":{"line":159,"column":21},"end":{"line":159,"column":43}},"53":{"start":{"line":160,"column":4},"end":{"line":163,"column":7}},"54":{"start":{"line":165,"column":4},"end":{"line":165,"column":81}},"55":{"start":{"line":173,"column":0},"end":{"line":184,"column":3}},"56":{"start":{"line":174,"column":2},"end":{"line":183,"column":3}},"57":{"start":{"line":175,"column":21},"end":{"line":175,"column":60}},"58":{"start":{"line":176,"column":4},"end":{"line":180,"column":7}},"59":{"start":{"line":182,"column":4},"end":{"line":182,"column":82}}},"fnMap":{"0":{"name":"setDashboardCache","decl":{"start":{"line":28,"column":16},"end":{"line":28,"column":33}},"loc":{"start":{"line":28,"column":43},"end":{"line":30,"column":1}},"line":28},"1":{"name":"(anonymous_1)","decl":{"start":{"line":40,"column":21},"end":{"line":40,"column":22}},"loc":{"start":{"line":40,"column":35},"end":{"line":47,"column":1}},"line":40},"2":{"name":"(anonymous_2)","decl":{"start":{"line":53,"column":21},"end":{"line":53,"column":22}},"loc":{"start":{"line":53,"column":35},"end":{"line":60,"column":1}},"line":53},"3":{"name":"(anonymous_3)","decl":{"start":{"line":66,"column":27},"end":{"line":66,"column":28}},"loc":{"start":{"line":66,"column":41},"end":{"line":73,"column":1}},"line":66},"4":{"name":"(anonymous_4)","decl":{"start":{"line":79,"column":21},"end":{"line":79,"column":22}},"loc":{"start":{"line":79,"column":35},"end":{"line":94,"column":1}},"line":79},"5":{"name":"(anonymous_5)","decl":{"start":{"line":100,"column":24},"end":{"line":100,"column":25}},"loc":{"start":{"line":100,"column":38},"end":{"line":107,"column":1}},"line":100},"6":{"name":"(anonymous_6)","decl":{"start":{"line":113,"column":24},"end":{"line":113,"column":25}},"loc":{"start":{"line":113,"column":38},"end":{"line":120,"column":1}},"line":113},"7":{"name":"(anonymous_7)","decl":{"start":{"line":126,"column":38},"end":{"line":126,"column":39}},"loc":{"start":{"line":126,"column":52},"end":{"line":138,"column":1}},"line":126},"8":{"name":"(anonymous_8)","decl":{"start":{"line":144,"column":22},"end":{"line":144,"column":23}},"loc":{"start":{"line":144,"column":36},"end":{"line":151,"column":1}},"line":144},"9":{"name":"(anonymous_9)","decl":{"start":{"line":157,"column":24},"end":{"line":157,"column":25}},"loc":{"start":{"line":157,"column":38},"end":{"line":167,"column":1}},"line":157},"10":{"name":"(anonymous_10)","decl":{"start":{"line":173,"column":24},"end":{"line":173,"column":25}},"loc":{"start":{"line":173,"column":38},"end":{"line":184,"column":1}},"line":173}},"branchMap":{"0":{"loc":{"start":{"line":86,"column":29},"end":{"line":86,"column":62}},"type":"binary-expr","locations":[{"start":{"line":86,"column":29},"end":{"line":86,"column":57}},{"start":{"line":86,"column":61},"end":{"line":86,"column":62}}],"line":86},"1":{"loc":{"start":{"line":87,"column":35},"end":{"line":87,"column":73}},"type":"binary-expr","locations":[{"start":{"line":87,"column":35},"end":{"line":87,"column":67}},{"start":{"line":87,"column":71},"end":{"line":87,"column":73}}],"line":87},"2":{"loc":{"start":{"line":128,"column":32},"end":{"line":128,"column":67}},"type":"binary-expr","locations":[{"start":{"line":128,"column":32},"end":{"line":128,"column":61}},{"start":{"line":128,"column":65},"end":{"line":128,"column":67}}],"line":128},"3":{"loc":{"start":{"line":131,"column":4},"end":{"line":133,"column":5}},"type":"if","locations":[{"start":{"line":131,"column":4},"end":{"line":133,"column":5}},{"start":{},"end":{}}],"line":131},"4":{"loc":{"start":{"line":175,"column":45},"end":{"line":175,"column":59}},"type":"binary-expr","locations":[{"start":{"line":175,"column":45},"end":{"line":175,"column":53}},{"start":{"line":175,"column":57},"end":{"line":175,"column":59}}],"line":175}},"s":{"0":3,"1":1,"2":3,"3":3,"4":3,"5":0,"6":0,"7":0,"8":0,"9":3,"10":0,"11":0,"12":0,"13":0,"14":3,"15":0,"16":0,"17":0,"18":0,"19":3,"20":0,"21":0,"22":0,"23":0,"24":0,"25":0,"26":0,"27":3,"28":0,"29":0,"30":0,"31":0,"32":3,"33":0,"34":0,"35":0,"36":0,"37":3,"38":0,"39":0,"40":0,"41":0,"42":0,"43":0,"44":0,"45":3,"46":0,"47":0,"48":0,"49":0,"50":3,"51":0,"52":0,"53":0,"54":0,"55":3,"56":0,"57":0,"58":0,"59":0},"f":{"0":1,"1":0,"2":0,"3":0,"4":0,"5":0,"6":0,"7":0,"8":0,"9":0,"10":0},"b":{"0":[0,0],"1":[0,0],"2":[0,0],"3":[0,0],"4":[0,0]},"inputSourceMap":null,"_coverageSchema":"1a1c01bbd47fc00a2c39e90264f33305004495a9","hash":"9664952c7c891902beed58e4b7e14a69dc685abe"}
,"C:\\projects\\Data Governence\\src\\api\\discovery.js": {"path":"C:\\projects\\Data Governence\\src\\api\\discovery.js","statementMap":{"0":{"start":{"line":24,"column":15},"end":{"line":24,"column":32}},"1":{"start":{"line":27,"column":20},"end":{"line":27,"column":29}},"2":{"start":{"line":28,"column":25},"end":{"line":28,"column":34}},"3":{"start":{"line":29,"column":23},"end":{"line":29,"column":69}},"4":{"start":{"line":32,"column":17},"end":{"line":32,"column":40}},"5":{"start":{"line":33,"column":2},"end":{"line":35,"column":3}},"6":{"start":{"line":34,"column":4},"end":{"line":34,"column":18}},"7":{"start":{"line":37,"column":16},"end":{"line":37,"column":28}},"8":{"start":{"line":38,"column":2},"end":{"line":38,"column":33}},"9":{"start":{"line":39,"column":2},"end":{"line":39,"column":15}},"10":{"start":{"line":47,"column":2},"end":{"line":47,"column":26}},"11":{"start":{"line":48,"column":2},"end":{"line":48,"column":36}},"12":{"start":{"line":49,"column":2},"end":{"line":49,"column":25}},"13":{"start":{"line":57,"column":0},"end":{"line":79,"column":3}},"14":{"start":{"line":58,"column":2},"end":{"line":78,"column":3}},"15":{"start":{"line":59,"column":4},"end":{"line":64,"column":5}},"16":{"start":{"line":60,"column":6},"end":{"line":63,"column":9}},"17":{"start":{"line":66,"column":20},"end":{"line":66,"column":108}},"18":{"start":{"line":66,"column":53},"end":{"line":66,"column":107}},"19":{"start":{"line":68,"column":4},"end":{"line":72,"column":7}},"20":{"start":{"line":74,"column":4},"end":{"line":77,"column":7}},"21":{"start":{"line":86,"column":0},"end":{"line":108,"column":3}},"22":{"start":{"line":87,"column":2},"end":{"line":107,"column":3}},"23":{"start":{"line":88,"column":4},"end":{"line":93,"column":5}},"24":{"start":{"line":89,"column":6},"end":{"line":92,"column":9}},"25":{"start":{"line":95,"column":28},"end":{"line":95,"column":121}},"26":{"start":{"line":95,"column":67},"end":{"line":95,"column":120}},"27":{"start":{"line":97,"column":4},"end":{"line":101,"column":7}},"28":{"start":{"line":103,"column":4},"end":{"line":106,"column":7}},"29":{"start":{"line":115,"column":0},"end":{"line":137,"column":3}},"30":{"start":{"line":116,"column":2},"end":{"line":136,"column":3}},"31":{"start":{"line":117,"column":4},"end":{"line":122,"column":5}},"32":{"start":{"line":118,"column":6},"end":{"line":121,"column":9}},"33":{"start":{"line":124,"column":21},"end":{"line":124,"column":107}},"34":{"start":{"line":124,"column":53},"end":{"line":124,"column":106}},"35":{"start":{"line":126,"column":4},"end":{"line":130,"column":7}},"36":{"start":{"line":132,"column":4},"end":{"line":135,"column":7}},"37":{"start":{"line":144,"column":0},"end":{"line":159,"column":3}},"38":{"start":{"line":145,"column":2},"end":{"line":158,"column":3}},"39":{"start":{"line":146,"column":20},"end":{"line":146,"column":104}},"40":{"start":{"line":146,"column":51},"end":{"line":146,"column":103}},"41":{"start":{"line":148,"column":4},"end":{"line":152,"column":7}},"42":{"start":{"line":154,"column":4},"end":{"line":157,"column":7}},"43":{"start":{"line":166,"column":0},"end":{"line":181,"column":3}},"44":{"start":{"line":167,"column":2},"end":{"line":180,"column":3}},"45":{"start":{"line":168,"column":21},"end":{"line":168,"column":87}},"46":{"start":{"line":168,"column":53},"end":{"line":168,"column":86}},"47":{"start":{"line":170,"column":4},"end":{"line":174,"column":7}},"48":{"start":{"line":176,"column":4},"end":{"line":179,"column":7}},"49":{"start":{"line":189,"column":0},"end":{"line":239,"column":3}},"50":{"start":{"line":190,"column":2},"end":{"line":238,"column":3}},"51":{"start":{"line":191,"column":25},"end":{"line":191,"column":35}},"52":{"start":{"line":192,"column":48},"end":{"line":192,"column":57}},"53":{"start":{"line":194,"column":4},"end":{"line":199,"column":5}},"54":{"start":{"line":195,"column":6},"end":{"line":198,"column":9}},"55":{"start":{"line":201,"column":29},"end":{"line":201,"column":49}},"56":{"start":{"line":202,"column":24},"end":{"line":202,"column":43}},"57":{"start":{"line":203,"column":26},"end":{"line":203,"column":80}},"58":{"start":{"line":205,"column":22},"end":{"line":225,"column":6}},"59":{"start":{"line":206,"column":6},"end":{"line":224,"column":7}},"60":{"start":{"line":208,"column":10},"end":{"line":213,"column":12}},"61":{"start":{"line":215,"column":10},"end":{"line":215,"column":82}},"62":{"start":{"line":218,"column":10},"end":{"line":223,"column":12}},"63":{"start":{"line":227,"column":4},"end":{"line":232,"column":7}},"64":{"start":{"line":234,"column":4},"end":{"line":237,"column":7}},"65":{"start":{"line":246,"column":0},"end":{"line":273,"column":3}},"66":{"start":{"line":247,"column":2},"end":{"line":272,"column":3}},"67":{"start":{"line":248,"column":25},"end":{"line":248,"column":35}},"68":{"start":{"line":250,"column":4},"end":{"line":255,"column":5}},"69":{"start":{"line":251,"column":6},"end":{"line":254,"column":9}},"70":{"start":{"line":257,"column":19},"end":{"line":260,"column":5}},"71":{"start":{"line":259,"column":12},"end":{"line":259,"column":81}},"72":{"start":{"line":262,"column":4},"end":{"line":266,"column":7}},"73":{"start":{"line":268,"column":4},"end":{"line":271,"column":7}},"74":{"start":{"line":280,"column":0},"end":{"line":300,"column":3}},"75":{"start":{"line":281,"column":2},"end":{"line":299,"column":3}},"76":{"start":{"line":282,"column":25},"end":{"line":282,"column":35}},"77":{"start":{"line":284,"column":19},"end":{"line":287,"column":5}},"78":{"start":{"line":286,"column":12},"end":{"line":286,"column":78}},"79":{"start":{"line":289,"column":4},"end":{"line":293,"column":7}},"80":{"start":{"line":295,"column":4},"end":{"line":298,"column":7}}},"fnMap":{"0":{"name":"getOrSetCache","decl":{"start":{"line":31,"column":9},"end":{"line":31,"column":22}},"loc":{"start":{"line":31,"column":40},"end":{"line":40,"column":1}},"line":31},"1":{"name":"setDiscoveryCache","decl":{"start":{"line":46,"column":16},"end":{"line":46,"column":33}},"loc":{"start":{"line":46,"column":57},"end":{"line":50,"column":1}},"line":46},"2":{"name":"(anonymous_2)","decl":{"start":{"line":57,"column":39},"end":{"line":57,"column":40}},"loc":{"start":{"line":57,"column":53},"end":{"line":79,"column":1}},"line":57},"3":{"name":"(anonymous_3)","decl":{"start":{"line":66,"column":47},"end":{"line":66,"column":48}},"loc":{"start":{"line":66,"column":53},"end":{"line":66,"column":107}},"line":66},"4":{"name":"(anonymous_4)","decl":{"start":{"line":86,"column":45},"end":{"line":86,"column":46}},"loc":{"start":{"line":86,"column":59},"end":{"line":108,"column":1}},"line":86},"5":{"name":"(anonymous_5)","decl":{"start":{"line":95,"column":61},"end":{"line":95,"column":62}},"loc":{"start":{"line":95,"column":67},"end":{"line":95,"column":120}},"line":95},"6":{"name":"(anonymous_6)","decl":{"start":{"line":115,"column":38},"end":{"line":115,"column":39}},"loc":{"start":{"line":115,"column":52},"end":{"line":137,"column":1}},"line":115},"7":{"name":"(anonymous_7)","decl":{"start":{"line":124,"column":47},"end":{"line":124,"column":48}},"loc":{"start":{"line":124,"column":53},"end":{"line":124,"column":106}},"line":124},"8":{"name":"(anonymous_8)","decl":{"start":{"line":144,"column":37},"end":{"line":144,"column":38}},"loc":{"start":{"line":144,"column":51},"end":{"line":159,"column":1}},"line":144},"9":{"name":"(anonymous_9)","decl":{"start":{"line":146,"column":45},"end":{"line":146,"column":46}},"loc":{"start":{"line":146,"column":51},"end":{"line":146,"column":103}},"line":146},"10":{"name":"(anonymous_10)","decl":{"start":{"line":166,"column":38},"end":{"line":166,"column":39}},"loc":{"start":{"line":166,"column":52},"end":{"line":181,"column":1}},"line":166},"11":{"name":"(anonymous_11)","decl":{"start":{"line":168,"column":47},"end":{"line":168,"column":48}},"loc":{"start":{"line":168,"column":53},"end":{"line":168,"column":86}},"line":168},"12":{"name":"(anonymous_12)","decl":{"start":{"line":189,"column":45},"end":{"line":189,"column":46}},"loc":{"start":{"line":189,"column":59},"end":{"line":239,"column":1}},"line":189},"13":{"name":"(anonymous_13)","decl":{"start":{"line":205,"column":51},"end":{"line":205,"column":52}},"loc":{"start":{"line":205,"column":57},"end":{"line":225,"column":5}},"line":205},"14":{"name":"(anonymous_14)","decl":{"start":{"line":246,"column":46},"end":{"line":246,"column":47}},"loc":{"start":{"line":246,"column":60},"end":{"line":273,"column":1}},"line":246},"15":{"name":"(anonymous_15)","decl":{"start":{"line":259,"column":6},"end":{"line":259,"column":7}},"loc":{"start":{"line":259,"column":12},"end":{"line":259,"column":81}},"line":259},"16":{"name":"(anonymous_16)","decl":{"start":{"line":280,"column":46},"end":{"line":280,"column":47}},"loc":{"start":{"line":280,"column":60},"end":{"line":300,"column":1}},"line":280},"17":{"name":"(anonymous_17)","decl":{"start":{"line":286,"column":6},"end":{"line":286,"column":7}},"loc":{"start":{"line":286,"column":12},"end":{"line":286,"column":78}},"line":286}},"branchMap":{"0":{"loc":{"start":{"line":33,"column":2},"end":{"line":35,"column":3}},"type":"if","locations":[{"start":{"line":33,"column":2},"end":{"line":35,"column":3}},{"start":{},"end":{}}],"line":33},"1":{"loc":{"start":{"line":59,"column":4},"end":{"line":64,"column":5}},"type":"if","locations":[{"start":{"line":59,"column":4},"end":{"line":64,"column":5}},{"start":{},"end":{}}],"line":59},"2":{"loc":{"start":{"line":88,"column":4},"end":{"line":93,"column":5}},"type":"if","locations":[{"start":{"line":88,"column":4},"end":{"line":93,"column":5}},{"start":{},"end":{}}],"line":88},"3":{"loc":{"start":{"line":117,"column":4},"end":{"line":122,"column":5}},"type":"if","locations":[{"start":{"line":117,"column":4},"end":{"line":122,"column":5}},{"start":{},"end":{}}],"line":117},"4":{"loc":{"start":{"line":192,"column":12},"end":{"line":192,"column":32}},"type":"default-arg","locations":[{"start":{"line":192,"column":21},"end":{"line":192,"column":32}}],"line":192},"5":{"loc":{"start":{"line":192,"column":34},"end":{"line":192,"column":43}},"type":"default-arg","locations":[{"start":{"line":192,"column":42},"end":{"line":192,"column":43}}],"line":192},"6":{"loc":{"start":{"line":194,"column":4},"end":{"line":199,"column":5}},"type":"if","locations":[{"start":{"line":194,"column":4},"end":{"line":199,"column":5}},{"start":{},"end":{}}],"line":194},"7":{"loc":{"start":{"line":206,"column":6},"end":{"line":224,"column":7}},"type":"switch","locations":[{"start":{"line":207,"column":8},"end":{"line":213,"column":12}},{"start":{"line":214,"column":8},"end":{"line":215,"column":82}},{"start":{"line":216,"column":8},"end":{"line":216,"column":25}},{"start":{"line":217,"column":8},"end":{"line":223,"column":12}}],"line":206},"8":{"loc":{"start":{"line":250,"column":4},"end":{"line":255,"column":5}},"type":"if","locations":[{"start":{"line":250,"column":4},"end":{"line":255,"column":5}},{"start":{},"end":{}}],"line":250}},"s":{"0":3,"1":3,"2":3,"3":3,"4":0,"5":0,"6":0,"7":0,"8":0,"9":0,"10":1,"11":1,"12":1,"13":3,"14":0,"15":0,"16":0,"17":0,"18":0,"19":0,"20":0,"21":3,"22":0,"23":0,"24":0,"25":0,"26":0,"27":0,"28":0,"29":3,"30":0,"31":0,"32":0,"33":0,"34":0,"35":0,"36":0,"37":3,"38":0,"39":0,"40":0,"41":0,"42":0,"43":3,"44":0,"45":0,"46":0,"47":0,"48":0,"49":3,"50":0,"51":0,"52":0,"53":0,"54":0,"55":0,"56":0,"57":0,"58":0,"59":0,"60":0,"61":0,"62":0,"63":0,"64":0,"65":3,"66":0,"67":0,"68":0,"69":0,"70":0,"71":0,"72":0,"73":0,"74":3,"75":0,"76":0,"77":0,"78":0,"79":0,"80":0},"f":{"0":0,"1":1,"2":0,"3":0,"4":0,"5":0,"6":0,"7":0,"8":0,"9":0,"10":0,"11":0,"12":0,"13":0,"14":0,"15":0,"16":0,"17":0},"b":{"0":[0,0],"1":[0,0],"2":[0,0],"3":[0,0],"4":[0],"5":[0],"6":[0,0],"7":[0,0,0,0],"8":[0,0]},"inputSourceMap":null,"_coverageSchema":"1a1c01bbd47fc00a2c39e90264f33305004495a9","hash":"04699f98394d6753b4b4d13371cac7e220f02219"}
,"C:\\projects\\Data Governence\\src\\api\\health.js": {"path":"C:\\projects\\Data Governence\\src\\api\\health.js","statementMap":{"0":{"start":{"line":4,"column":15},"end":{"line":4,"column":32}},"1":{"start":{"line":10,"column":0},"end":{"line":17,"column":3}},"2":{"start":{"line":11,"column":2},"end":{"line":16,"column":5}},"3":{"start":{"line":19,"column":0},"end":{"line":24,"column":3}},"4":{"start":{"line":20,"column":2},"end":{"line":23,"column":5}}},"fnMap":{"0":{"name":"(anonymous_0)","decl":{"start":{"line":10,"column":16},"end":{"line":10,"column":17}},"loc":{"start":{"line":10,"column":30},"end":{"line":17,"column":1}},"line":10},"1":{"name":"(anonymous_1)","decl":{"start":{"line":19,"column":27},"end":{"line":19,"column":28}},"loc":{"start":{"line":19,"column":41},"end":{"line":24,"column":1}},"line":19}},"branchMap":{},"s":{"0":3,"1":3,"2":2,"3":3,"4":1},"f":{"0":2,"1":1},"b":{},"inputSourceMap":null,"_coverageSchema":"1a1c01bbd47fc00a2c39e90264f33305004495a9","hash":"b2ec1db2b4261ac4914e43a14bc473c8751d92c2"}
,"C:\\projects\\Data Governence\\src\\api\\ingestion.js": {"path":"C:\\projects\\Data Governence\\src\\api\\ingestion.js","statementMap":{"0":{"start":{"line":20,"column":15},"end":{"line":20,"column":32}},"1":{"start":{"line":21,"column":23},"end":{"line":28,"column":1}},"2":{"start":{"line":31,"column":16},"end":{"line":31,"column":35}},"3":{"start":{"line":32,"column":30},"end":{"line":34,"column":13}},"4":{"start":{"line":33,"column":22},"end":{"line":33,"column":46}},"5":{"start":{"line":36,"column":2},"end":{"line":39,"column":19}},"6":{"start":{"line":43,"column":26},"end":{"line":43,"column":54}},"7":{"start":{"line":44,"column":25},"end":{"line":44,"column":78}},"8":{"start":{"line":45,"column":23},"end":{"line":45,"column":52}},"9":{"start":{"line":47,"column":2},"end":{"line":55,"column":5}},"10":{"start":{"line":48,"column":32},"end":{"line":48,"column":87}},"11":{"start":{"line":49,"column":28},"end":{"line":49,"column":72}},"12":{"start":{"line":50,"column":21},"end":{"line":50,"column":83}},"13":{"start":{"line":51,"column":23},"end":{"line":51,"column":54}},"14":{"start":{"line":53,"column":4},"end":{"line":53,"column":52}},"15":{"start":{"line":54,"column":4},"end":{"line":54,"column":63}},"16":{"start":{"line":57,"column":2},"end":{"line":60,"column":4}},"17":{"start":{"line":64,"column":22},"end":{"line":64,"column":43}},"18":{"start":{"line":78,"column":6},"end":{"line":78,"column":13}},"19":{"start":{"line":80,"column":2},"end":{"line":90,"column":3}},"20":{"start":{"line":81,"column":4},"end":{"line":89,"column":6}},"21":{"start":{"line":92,"column":21},"end":{"line":108,"column":3}},"22":{"start":{"line":110,"column":18},"end":{"line":110,"column":37}},"23":{"start":{"line":112,"column":2},"end":{"line":217,"column":3}},"24":{"start":{"line":113,"column":4},"end":{"line":123,"column":5}},"25":{"start":{"line":114,"column":6},"end":{"line":122,"column":8}},"26":{"start":{"line":125,"column":4},"end":{"line":131,"column":6}},"27":{"start":{"line":132,"column":9},"end":{"line":217,"column":3}},"28":{"start":{"line":133,"column":4},"end":{"line":185,"column":5}},"29":{"start":{"line":134,"column":6},"end":{"line":153,"column":7}},"30":{"start":{"line":135,"column":35},"end":{"line":135,"column":71}},"31":{"start":{"line":136,"column":8},"end":{"line":136,"column":47}},"32":{"start":{"line":138,"column":8},"end":{"line":138,"column":52}},"33":{"start":{"line":139,"column":8},"end":{"line":139,"column":42}},"34":{"start":{"line":140,"column":8},"end":{"line":140,"column":141}},"35":{"start":{"line":141,"column":8},"end":{"line":141,"column":41}},"36":{"start":{"line":142,"column":8},"end":{"line":142,"column":31}},"37":{"start":{"line":144,"column":8},"end":{"line":152,"column":10}},"38":{"start":{"line":155,"column":6},"end":{"line":165,"column":7}},"39":{"start":{"line":156,"column":8},"end":{"line":164,"column":10}},"40":{"start":{"line":167,"column":27},"end":{"line":167,"column":39}},"41":{"start":{"line":168,"column":29},"end":{"line":168,"column":37}},"42":{"start":{"line":169,"column":6},"end":{"line":175,"column":7}},"43":{"start":{"line":170,"column":43},"end":{"line":170,"column":71}},"44":{"start":{"line":171,"column":8},"end":{"line":174,"column":9}},"45":{"start":{"line":172,"column":10},"end":{"line":172,"column":40}},"46":{"start":{"line":173,"column":10},"end":{"line":173,"column":40}},"47":{"start":{"line":177,"column":6},"end":{"line":184,"column":8}},"48":{"start":{"line":186,"column":9},"end":{"line":217,"column":3}},"49":{"start":{"line":187,"column":4},"end":{"line":197,"column":5}},"50":{"start":{"line":188,"column":6},"end":{"line":196,"column":8}},"51":{"start":{"line":199,"column":4},"end":{"line":206,"column":6}},"52":{"start":{"line":208,"column":4},"end":{"line":216,"column":6}},"53":{"start":{"line":219,"column":2},"end":{"line":222,"column":4}},"54":{"start":{"line":230,"column":0},"end":{"line":263,"column":3}},"55":{"start":{"line":231,"column":2},"end":{"line":262,"column":3}},"56":{"start":{"line":232,"column":25},"end":{"line":232,"column":33}},"57":{"start":{"line":234,"column":4},"end":{"line":239,"column":5}},"58":{"start":{"line":235,"column":6},"end":{"line":238,"column":9}},"59":{"start":{"line":241,"column":21},"end":{"line":241,"column":48}},"60":{"start":{"line":242,"column":19},"end":{"line":242,"column":45}},"61":{"start":{"line":244,"column":4},"end":{"line":250,"column":5}},"62":{"start":{"line":245,"column":6},"end":{"line":249,"column":9}},"63":{"start":{"line":252,"column":4},"end":{"line":256,"column":7}},"64":{"start":{"line":258,"column":4},"end":{"line":261,"column":7}},"65":{"start":{"line":270,"column":0},"end":{"line":303,"column":3}},"66":{"start":{"line":271,"column":2},"end":{"line":302,"column":3}},"67":{"start":{"line":272,"column":55},"end":{"line":272,"column":63}},"68":{"start":{"line":274,"column":4},"end":{"line":279,"column":5}},"69":{"start":{"line":275,"column":6},"end":{"line":278,"column":9}},"70":{"start":{"line":281,"column":21},"end":{"line":281,"column":60}},"71":{"start":{"line":282,"column":19},"end":{"line":282,"column":45}},"72":{"start":{"line":284,"column":4},"end":{"line":290,"column":5}},"73":{"start":{"line":285,"column":6},"end":{"line":289,"column":9}},"74":{"start":{"line":292,"column":4},"end":{"line":296,"column":7}},"75":{"start":{"line":298,"column":4},"end":{"line":301,"column":7}},"76":{"start":{"line":310,"column":0},"end":{"line":366,"column":3}},"77":{"start":{"line":311,"column":2},"end":{"line":365,"column":3}},"78":{"start":{"line":312,"column":45},"end":{"line":312,"column":53}},"79":{"start":{"line":313,"column":22},"end":{"line":313,"column":31}},"80":{"start":{"line":316,"column":20},"end":{"line":316,"column":45}},"81":{"start":{"line":318,"column":4},"end":{"line":323,"column":5}},"82":{"start":{"line":319,"column":6},"end":{"line":322,"column":9}},"83":{"start":{"line":326,"column":4},"end":{"line":326,"column":33}},"84":{"start":{"line":329,"column":25},"end":{"line":329,"column":53}},"85":{"start":{"line":330,"column":4},"end":{"line":330,"column":48}},"86":{"start":{"line":333,"column":4},"end":{"line":333,"column":31}},"87":{"start":{"line":335,"column":4},"end":{"line":335,"column":52}},"88":{"start":{"line":336,"column":4},"end":{"line":336,"column":41}},"89":{"start":{"line":337,"column":4},"end":{"line":337,"column":59}},"90":{"start":{"line":338,"column":4},"end":{"line":338,"column":43}},"91":{"start":{"line":340,"column":4},"end":{"line":348,"column":7}},"92":{"start":{"line":350,"column":25},"end":{"line":350,"column":65}},"93":{"start":{"line":351,"column":4},"end":{"line":359,"column":5}},"94":{"start":{"line":352,"column":6},"end":{"line":358,"column":9}},"95":{"start":{"line":361,"column":4},"end":{"line":364,"column":7}},"96":{"start":{"line":373,"column":0},"end":{"line":412,"column":3}},"97":{"start":{"line":374,"column":2},"end":{"line":411,"column":3}},"98":{"start":{"line":375,"column":45},"end":{"line":375,"column":53}},"99":{"start":{"line":377,"column":20},"end":{"line":377,"column":45}},"100":{"start":{"line":378,"column":20},"end":{"line":382,"column":5}},"101":{"start":{"line":384,"column":4},"end":{"line":396,"column":5}},"102":{"start":{"line":385,"column":21},"end":{"line":385,"column":47}},"103":{"start":{"line":387,"column":6},"end":{"line":395,"column":7}},"104":{"start":{"line":388,"column":8},"end":{"line":388,"column":27}},"105":{"start":{"line":390,"column":8},"end":{"line":390,"column":29}},"106":{"start":{"line":391,"column":8},"end":{"line":394,"column":11}},"107":{"start":{"line":398,"column":4},"end":{"line":398,"column":62}},"108":{"start":{"line":399,"column":4},"end":{"line":399,"column":43}},"109":{"start":{"line":401,"column":4},"end":{"line":405,"column":7}},"110":{"start":{"line":407,"column":4},"end":{"line":410,"column":7}},"111":{"start":{"line":420,"column":0},"end":{"line":499,"column":3}},"112":{"start":{"line":422,"column":2},"end":{"line":498,"column":3}},"113":{"start":{"line":423,"column":39},"end":{"line":423,"column":98}},"114":{"start":{"line":424,"column":30},"end":{"line":424,"column":92}},"115":{"start":{"line":430,"column":8},"end":{"line":430,"column":16}},"116":{"start":{"line":431,"column":30},"end":{"line":431,"column":71}},"117":{"start":{"line":432,"column":4},"end":{"line":434,"column":5}},"118":{"start":{"line":433,"column":6},"end":{"line":433,"column":91}},"119":{"start":{"line":436,"column":38},"end":{"line":436,"column":55}},"120":{"start":{"line":439,"column":4},"end":{"line":439,"column":70}},"121":{"start":{"line":440,"column":4},"end":{"line":440,"column":30}},"122":{"start":{"line":443,"column":18},"end":{"line":446,"column":5}},"123":{"start":{"line":448,"column":21},"end":{"line":448,"column":72}},"124":{"start":{"line":449,"column":4},"end":{"line":449,"column":33}},"125":{"start":{"line":452,"column":22},"end":{"line":452,"column":53}},"126":{"start":{"line":453,"column":22},"end":{"line":453,"column":54}},"127":{"start":{"line":454,"column":22},"end":{"line":454,"column":79}},"128":{"start":{"line":455,"column":4},"end":{"line":455,"column":64}},"129":{"start":{"line":457,"column":4},"end":{"line":484,"column":7}},"130":{"start":{"line":470,"column":69},"end":{"line":470,"column":89}},"131":{"start":{"line":477,"column":59},"end":{"line":481,"column":9}},"132":{"start":{"line":486,"column":4},"end":{"line":489,"column":7}},"133":{"start":{"line":491,"column":4},"end":{"line":497,"column":5}},"134":{"start":{"line":492,"column":6},"end":{"line":496,"column":7}},"135":{"start":{"line":493,"column":8},"end":{"line":493,"column":37}},"136":{"start":{"line":501,"column":0},"end":{"line":560,"column":3}},"137":{"start":{"line":503,"column":2},"end":{"line":559,"column":3}},"138":{"start":{"line":504,"column":39},"end":{"line":504,"column":98}},"139":{"start":{"line":505,"column":30},"end":{"line":505,"column":71}},"140":{"start":{"line":506,"column":4},"end":{"line":508,"column":5}},"141":{"start":{"line":507,"column":6},"end":{"line":507,"column":91}},"142":{"start":{"line":510,"column":38},"end":{"line":510,"column":55}},"143":{"start":{"line":511,"column":4},"end":{"line":511,"column":70}},"144":{"start":{"line":512,"column":4},"end":{"line":512,"column":30}},"145":{"start":{"line":515,"column":42},"end":{"line":518,"column":6}},"146":{"start":{"line":521,"column":28},"end":{"line":534,"column":6}},"147":{"start":{"line":522,"column":24},"end":{"line":522,"column":59}},"148":{"start":{"line":523,"column":6},"end":{"line":533,"column":8}},"149":{"start":{"line":536,"column":4},"end":{"line":545,"column":7}},"150":{"start":{"line":547,"column":4},"end":{"line":550,"column":7}},"151":{"start":{"line":552,"column":4},"end":{"line":558,"column":5}},"152":{"start":{"line":553,"column":6},"end":{"line":557,"column":7}},"153":{"start":{"line":554,"column":8},"end":{"line":554,"column":37}},"154":{"start":{"line":567,"column":0},"end":{"line":603,"column":3}},"155":{"start":{"line":568,"column":2},"end":{"line":602,"column":3}},"156":{"start":{"line":569,"column":26},"end":{"line":569,"column":84}},"157":{"start":{"line":570,"column":25},"end":{"line":570,"column":62}},"158":{"start":{"line":572,"column":4},"end":{"line":577,"column":5}},"159":{"start":{"line":573,"column":6},"end":{"line":576,"column":9}},"160":{"start":{"line":579,"column":24},"end":{"line":579,"column":62}},"161":{"start":{"line":580,"column":4},"end":{"line":580,"column":53}},"162":{"start":{"line":581,"column":4},"end":{"line":581,"column":82}},"163":{"start":{"line":583,"column":20},"end":{"line":583,"column":58}},"164":{"start":{"line":584,"column":4},"end":{"line":590,"column":7}},"165":{"start":{"line":585,"column":6},"end":{"line":589,"column":7}},"166":{"start":{"line":586,"column":8},"end":{"line":586,"column":82}},"167":{"start":{"line":588,"column":8},"end":{"line":588,"column":18}},"168":{"start":{"line":592,"column":4},"end":{"line":592,"column":22}},"169":{"start":{"line":593,"column":4},"end":{"line":593,"column":43}},"170":{"start":{"line":594,"column":4},"end":{"line":594,"column":23}},"171":{"start":{"line":596,"column":4},"end":{"line":596,"column":21}},"172":{"start":{"line":598,"column":4},"end":{"line":601,"column":7}},"173":{"start":{"line":610,"column":0},"end":{"line":628,"column":3}},"174":{"start":{"line":611,"column":29},"end":{"line":611,"column":48}},"175":{"start":{"line":612,"column":2},"end":{"line":627,"column":5}}},"fnMap":{"0":{"name":"sanitizePathSegment","decl":{"start":{"line":30,"column":9},"end":{"line":30,"column":28}},"loc":{"start":{"line":30,"column":36},"end":{"line":40,"column":1}},"line":30},"1":{"name":"(anonymous_1)","decl":{"start":{"line":33,"column":12},"end":{"line":33,"column":13}},"loc":{"start":{"line":33,"column":22},"end":{"line":33,"column":46}},"line":33},"2":{"name":"persistGeneratedMarkdown","decl":{"start":{"line":42,"column":9},"end":{"line":42,"column":33}},"loc":{"start":{"line":42,"column":67},"end":{"line":61,"column":1}},"line":42},"3":{"name":"(anonymous_3)","decl":{"start":{"line":47,"column":20},"end":{"line":47,"column":21}},"loc":{"start":{"line":47,"column":34},"end":{"line":55,"column":3}},"line":47},"4":{"name":"buildSqlConnectionContext","decl":{"start":{"line":63,"column":15},"end":{"line":63,"column":40}},"loc":{"start":{"line":63,"column":50},"end":{"line":223,"column":1}},"line":63},"5":{"name":"(anonymous_5)","decl":{"start":{"line":230,"column":36},"end":{"line":230,"column":37}},"loc":{"start":{"line":230,"column":50},"end":{"line":263,"column":1}},"line":230},"6":{"name":"(anonymous_6)","decl":{"start":{"line":270,"column":44},"end":{"line":270,"column":45}},"loc":{"start":{"line":270,"column":58},"end":{"line":303,"column":1}},"line":270},"7":{"name":"(anonymous_7)","decl":{"start":{"line":310,"column":49},"end":{"line":310,"column":50}},"loc":{"start":{"line":310,"column":69},"end":{"line":366,"column":1}},"line":310},"8":{"name":"(anonymous_8)","decl":{"start":{"line":373,"column":53},"end":{"line":373,"column":54}},"loc":{"start":{"line":373,"column":67},"end":{"line":412,"column":1}},"line":373},"9":{"name":"(anonymous_9)","decl":{"start":{"line":420,"column":63},"end":{"line":420,"column":64}},"loc":{"start":{"line":420,"column":83},"end":{"line":499,"column":1}},"line":420},"10":{"name":"(anonymous_10)","decl":{"start":{"line":470,"column":62},"end":{"line":470,"column":63}},"loc":{"start":{"line":470,"column":69},"end":{"line":470,"column":89}},"line":470},"11":{"name":"(anonymous_11)","decl":{"start":{"line":477,"column":51},"end":{"line":477,"column":52}},"loc":{"start":{"line":477,"column":59},"end":{"line":481,"column":9}},"line":477},"12":{"name":"(anonymous_12)","decl":{"start":{"line":501,"column":72},"end":{"line":501,"column":73}},"loc":{"start":{"line":501,"column":92},"end":{"line":560,"column":1}},"line":501},"13":{"name":"(anonymous_13)","decl":{"start":{"line":521,"column":50},"end":{"line":521,"column":51}},"loc":{"start":{"line":521,"column":62},"end":{"line":534,"column":5}},"line":521},"14":{"name":"(anonymous_14)","decl":{"start":{"line":567,"column":54},"end":{"line":567,"column":55}},"loc":{"start":{"line":567,"column":68},"end":{"line":603,"column":1}},"line":567},"15":{"name":"(anonymous_15)","decl":{"start":{"line":584,"column":24},"end":{"line":584,"column":25}},"loc":{"start":{"line":584,"column":33},"end":{"line":590,"column":5}},"line":584},"16":{"name":"(anonymous_16)","decl":{"start":{"line":610,"column":36},"end":{"line":610,"column":37}},"loc":{"start":{"line":610,"column":56},"end":{"line":628,"column":1}},"line":610}},"branchMap":{"0":{"loc":{"start":{"line":31,"column":23},"end":{"line":31,"column":34}},"type":"binary-expr","locations":[{"start":{"line":31,"column":23},"end":{"line":31,"column":28}},{"start":{"line":31,"column":32},"end":{"line":31,"column":34}}],"line":31},"1":{"loc":{"start":{"line":44,"column":48},"end":{"line":44,"column":77}},"type":"binary-expr","locations":[{"start":{"line":44,"column":48},"end":{"line":44,"column":58}},{"start":{"line":44,"column":62},"end":{"line":44,"column":77}}],"line":44},"2":{"loc":{"start":{"line":48,"column":39},"end":{"line":48,"column":63}},"type":"binary-expr","locations":[{"start":{"line":48,"column":39},"end":{"line":48,"column":57}},{"start":{"line":48,"column":61},"end":{"line":48,"column":63}}],"line":48},"3":{"loc":{"start":{"line":50,"column":41},"end":{"line":50,"column":82}},"type":"binary-expr","locations":[{"start":{"line":50,"column":41},"end":{"line":50,"column":58}},{"start":{"line":50,"column":62},"end":{"line":50,"column":82}}],"line":50},"4":{"loc":{"start":{"line":54,"column":30},"end":{"line":54,"column":52}},"type":"binary-expr","locations":[{"start":{"line":54,"column":30},"end":{"line":54,"column":46}},{"start":{"line":54,"column":50},"end":{"line":54,"column":52}}],"line":54},"5":{"loc":{"start":{"line":67,"column":4},"end":{"line":67,"column":15}},"type":"default-arg","locations":[{"start":{"line":67,"column":11},"end":{"line":67,"column":15}}],"line":67},"6":{"loc":{"start":{"line":75,"column":4},"end":{"line":75,"column":33}},"type":"default-arg","locations":[{"start":{"line":75,"column":21},"end":{"line":75,"column":33}}],"line":75},"7":{"loc":{"start":{"line":76,"column":4},"end":{"line":76,"column":18}},"type":"default-arg","locations":[{"start":{"line":76,"column":14},"end":{"line":76,"column":18}}],"line":76},"8":{"loc":{"start":{"line":77,"column":4},"end":{"line":77,"column":34}},"type":"default-arg","locations":[{"start":{"line":77,"column":29},"end":{"line":77,"column":34}}],"line":77},"9":{"loc":{"start":{"line":80,"column":2},"end":{"line":90,"column":3}},"type":"if","locations":[{"start":{"line":80,"column":2},"end":{"line":90,"column":3}},{"start":{},"end":{}}],"line":80},"10":{"loc":{"start":{"line":80,"column":6},"end":{"line":80,"column":26}},"type":"binary-expr","locations":[{"start":{"line":80,"column":6},"end":{"line":80,"column":13}},{"start":{"line":80,"column":17},"end":{"line":80,"column":26}}],"line":80},"11":{"loc":{"start":{"line":94,"column":10},"end":{"line":94,"column":30}},"type":"binary-expr","locations":[{"start":{"line":94,"column":10},"end":{"line":94,"column":22}},{"start":{"line":94,"column":26},"end":{"line":94,"column":30}}],"line":94},"12":{"loc":{"start":{"line":97,"column":15},"end":{"line":97,"column":53}},"type":"binary-expr","locations":[{"start":{"line":97,"column":15},"end":{"line":97,"column":31}},{"start":{"line":97,"column":35},"end":{"line":97,"column":53}}],"line":97},"13":{"loc":{"start":{"line":98,"column":30},"end":{"line":98,"column":98}},"type":"binary-expr","locations":[{"start":{"line":98,"column":30},"end":{"line":98,"column":61}},{"start":{"line":98,"column":65},"end":{"line":98,"column":98}}],"line":98},"14":{"loc":{"start":{"line":112,"column":2},"end":{"line":217,"column":3}},"type":"if","locations":[{"start":{"line":112,"column":2},"end":{"line":217,"column":3}},{"start":{"line":132,"column":9},"end":{"line":217,"column":3}}],"line":112},"15":{"loc":{"start":{"line":113,"column":4},"end":{"line":123,"column":5}},"type":"if","locations":[{"start":{"line":113,"column":4},"end":{"line":123,"column":5}},{"start":{},"end":{}}],"line":113},"16":{"loc":{"start":{"line":113,"column":8},"end":{"line":113,"column":30}},"type":"binary-expr","locations":[{"start":{"line":113,"column":8},"end":{"line":113,"column":17}},{"start":{"line":113,"column":21},"end":{"line":113,"column":30}}],"line":113},"17":{"loc":{"start":{"line":132,"column":9},"end":{"line":217,"column":3}},"type":"if","locations":[{"start":{"line":132,"column":9},"end":{"line":217,"column":3}},{"start":{"line":186,"column":9},"end":{"line":217,"column":3}}],"line":132},"18":{"loc":{"start":{"line":133,"column":4},"end":{"line":185,"column":5}},"type":"if","locations":[{"start":{"line":133,"column":4},"end":{"line":185,"column":5}},{"start":{"line":154,"column":11},"end":{"line":185,"column":5}}],"line":133},"19":{"loc":{"start":{"line":133,"column":8},"end":{"line":133,"column":30}},"type":"binary-expr","locations":[{"start":{"line":133,"column":8},"end":{"line":133,"column":17}},{"start":{"line":133,"column":21},"end":{"line":133,"column":30}}],"line":133},"20":{"loc":{"start":{"line":155,"column":6},"end":{"line":165,"column":7}},"type":"if","locations":[{"start":{"line":155,"column":6},"end":{"line":165,"column":7}},{"start":{},"end":{}}],"line":155},"21":{"loc":{"start":{"line":155,"column":10},"end":{"line":155,"column":32}},"type":"binary-expr","locations":[{"start":{"line":155,"column":10},"end":{"line":155,"column":19}},{"start":{"line":155,"column":23},"end":{"line":155,"column":32}}],"line":155},"22":{"loc":{"start":{"line":167,"column":27},"end":{"line":167,"column":39}},"type":"binary-expr","locations":[{"start":{"line":167,"column":27},"end":{"line":167,"column":33}},{"start":{"line":167,"column":37},"end":{"line":167,"column":39}}],"line":167},"23":{"loc":{"start":{"line":169,"column":6},"end":{"line":175,"column":7}},"type":"if","locations":[{"start":{"line":169,"column":6},"end":{"line":175,"column":7}},{"start":{},"end":{}}],"line":169},"24":{"loc":{"start":{"line":169,"column":10},"end":{"line":169,"column":60}},"type":"binary-expr","locations":[{"start":{"line":169,"column":10},"end":{"line":169,"column":25}},{"start":{"line":169,"column":29},"end":{"line":169,"column":60}}],"line":169},"25":{"loc":{"start":{"line":171,"column":8},"end":{"line":174,"column":9}},"type":"if","locations":[{"start":{"line":171,"column":8},"end":{"line":174,"column":9}},{"start":{},"end":{}}],"line":171},"26":{"loc":{"start":{"line":171,"column":12},"end":{"line":171,"column":38}},"type":"binary-expr","locations":[{"start":{"line":171,"column":12},"end":{"line":171,"column":24}},{"start":{"line":171,"column":28},"end":{"line":171,"column":38}}],"line":171},"27":{"loc":{"start":{"line":186,"column":9},"end":{"line":217,"column":3}},"type":"if","locations":[{"start":{"line":186,"column":9},"end":{"line":217,"column":3}},{"start":{"line":207,"column":9},"end":{"line":217,"column":3}}],"line":186},"28":{"loc":{"start":{"line":187,"column":4},"end":{"line":197,"column":5}},"type":"if","locations":[{"start":{"line":187,"column":4},"end":{"line":197,"column":5}},{"start":{},"end":{}}],"line":187},"29":{"loc":{"start":{"line":187,"column":8},"end":{"line":187,"column":47}},"type":"binary-expr","locations":[{"start":{"line":187,"column":8},"end":{"line":187,"column":17}},{"start":{"line":187,"column":21},"end":{"line":187,"column":34}},{"start":{"line":187,"column":38},"end":{"line":187,"column":47}}],"line":187},"30":{"loc":{"start":{"line":234,"column":4},"end":{"line":239,"column":5}},"type":"if","locations":[{"start":{"line":234,"column":4},"end":{"line":239,"column":5}},{"start":{},"end":{}}],"line":234},"31":{"loc":{"start":{"line":244,"column":4},"end":{"line":250,"column":5}},"type":"if","locations":[{"start":{"line":244,"column":4},"end":{"line":250,"column":5}},{"start":{},"end":{}}],"line":244},"32":{"loc":{"start":{"line":272,"column":21},"end":{"line":272,"column":50}},"type":"default-arg","locations":[{"start":{"line":272,"column":32},"end":{"line":272,"column":50}}],"line":272},"33":{"loc":{"start":{"line":274,"column":4},"end":{"line":279,"column":5}},"type":"if","locations":[{"start":{"line":274,"column":4},"end":{"line":279,"column":5}},{"start":{},"end":{}}],"line":274},"34":{"loc":{"start":{"line":274,"column":8},"end":{"line":274,"column":47}},"type":"binary-expr","locations":[{"start":{"line":274,"column":8},"end":{"line":274,"column":16}},{"start":{"line":274,"column":20},"end":{"line":274,"column":47}}],"line":274},"35":{"loc":{"start":{"line":284,"column":4},"end":{"line":290,"column":5}},"type":"if","locations":[{"start":{"line":284,"column":4},"end":{"line":290,"column":5}},{"start":{},"end":{}}],"line":284},"36":{"loc":{"start":{"line":312,"column":12},"end":{"line":312,"column":40}},"type":"default-arg","locations":[{"start":{"line":312,"column":23},"end":{"line":312,"column":40}}],"line":312},"37":{"loc":{"start":{"line":318,"column":4},"end":{"line":323,"column":5}},"type":"if","locations":[{"start":{"line":318,"column":4},"end":{"line":323,"column":5}},{"start":{},"end":{}}],"line":318},"38":{"loc":{"start":{"line":350,"column":32},"end":{"line":350,"column":50}},"type":"binary-expr","locations":[{"start":{"line":350,"column":32},"end":{"line":350,"column":44}},{"start":{"line":350,"column":48},"end":{"line":350,"column":50}}],"line":350},"39":{"loc":{"start":{"line":351,"column":4},"end":{"line":359,"column":5}},"type":"if","locations":[{"start":{"line":351,"column":4},"end":{"line":359,"column":5}},{"start":{},"end":{}}],"line":351},"40":{"loc":{"start":{"line":351,"column":8},"end":{"line":351,"column":81}},"type":"binary-expr","locations":[{"start":{"line":351,"column":8},"end":{"line":351,"column":45}},{"start":{"line":351,"column":49},"end":{"line":351,"column":81}}],"line":351},"41":{"loc":{"start":{"line":356,"column":26},"end":{"line":356,"column":112}},"type":"binary-expr","locations":[{"start":{"line":356,"column":26},"end":{"line":356,"column":53}},{"start":{"line":356,"column":57},"end":{"line":356,"column":85}},{"start":{"line":356,"column":89},"end":{"line":356,"column":112}}],"line":356},"42":{"loc":{"start":{"line":375,"column":12},"end":{"line":375,"column":40}},"type":"default-arg","locations":[{"start":{"line":375,"column":23},"end":{"line":375,"column":40}}],"line":375},"43":{"loc":{"start":{"line":387,"column":6},"end":{"line":395,"column":7}},"type":"if","locations":[{"start":{"line":387,"column":6},"end":{"line":395,"column":7}},{"start":{"line":389,"column":13},"end":{"line":395,"column":7}}],"line":387},"44":{"loc":{"start":{"line":427,"column":6},"end":{"line":427,"column":26}},"type":"default-arg","locations":[{"start":{"line":427,"column":24},"end":{"line":427,"column":26}}],"line":427},"45":{"loc":{"start":{"line":428,"column":6},"end":{"line":428,"column":25}},"type":"default-arg","locations":[{"start":{"line":428,"column":23},"end":{"line":428,"column":25}}],"line":428},"46":{"loc":{"start":{"line":432,"column":4},"end":{"line":434,"column":5}},"type":"if","locations":[{"start":{"line":432,"column":4},"end":{"line":434,"column":5}},{"start":{},"end":{}}],"line":432},"47":{"loc":{"start":{"line":444,"column":15},"end":{"line":444,"column":68}},"type":"cond-expr","locations":[{"start":{"line":444,"column":48},"end":{"line":444,"column":63}},{"start":{"line":444,"column":66},"end":{"line":444,"column":68}}],"line":444},"48":{"loc":{"start":{"line":445,"column":14},"end":{"line":445,"column":65}},"type":"cond-expr","locations":[{"start":{"line":445,"column":46},"end":{"line":445,"column":60}},{"start":{"line":445,"column":63},"end":{"line":445,"column":65}}],"line":445},"49":{"loc":{"start":{"line":467,"column":25},"end":{"line":467,"column":57}},"type":"binary-expr","locations":[{"start":{"line":467,"column":25},"end":{"line":467,"column":49}},{"start":{"line":467,"column":53},"end":{"line":467,"column":57}}],"line":467},"50":{"loc":{"start":{"line":468,"column":24},"end":{"line":468,"column":55}},"type":"binary-expr","locations":[{"start":{"line":468,"column":24},"end":{"line":468,"column":47}},{"start":{"line":468,"column":51},"end":{"line":468,"column":55}}],"line":468},"51":{"loc":{"start":{"line":471,"column":28},"end":{"line":471,"column":61}},"type":"binary-expr","locations":[{"start":{"line":471,"column":28},"end":{"line":471,"column":55}},{"start":{"line":471,"column":59},"end":{"line":471,"column":61}}],"line":471},"52":{"loc":{"start":{"line":491,"column":4},"end":{"line":497,"column":5}},"type":"if","locations":[{"start":{"line":491,"column":4},"end":{"line":497,"column":5}},{"start":{},"end":{}}],"line":491},"53":{"loc":{"start":{"line":506,"column":4},"end":{"line":508,"column":5}},"type":"if","locations":[{"start":{"line":506,"column":4},"end":{"line":508,"column":5}},{"start":{},"end":{}}],"line":506},"54":{"loc":{"start":{"line":522,"column":24},"end":{"line":522,"column":59}},"type":"binary-expr","locations":[{"start":{"line":522,"column":24},"end":{"line":522,"column":53}},{"start":{"line":522,"column":57},"end":{"line":522,"column":59}}],"line":522},"55":{"loc":{"start":{"line":525,"column":20},"end":{"line":525,"column":40}},"type":"binary-expr","locations":[{"start":{"line":525,"column":20},"end":{"line":525,"column":35}},{"start":{"line":525,"column":39},"end":{"line":525,"column":40}}],"line":525},"56":{"loc":{"start":{"line":526,"column":19},"end":{"line":526,"column":38}},"type":"binary-expr","locations":[{"start":{"line":526,"column":19},"end":{"line":526,"column":33}},{"start":{"line":526,"column":37},"end":{"line":526,"column":38}}],"line":526},"57":{"loc":{"start":{"line":527,"column":24},"end":{"line":527,"column":55}},"type":"binary-expr","locations":[{"start":{"line":527,"column":24},"end":{"line":527,"column":50}},{"start":{"line":527,"column":54},"end":{"line":527,"column":55}}],"line":527},"58":{"loc":{"start":{"line":528,"column":23},"end":{"line":528,"column":74}},"type":"binary-expr","locations":[{"start":{"line":528,"column":23},"end":{"line":528,"column":41}},{"start":{"line":528,"column":45},"end":{"line":528,"column":69}},{"start":{"line":528,"column":73},"end":{"line":528,"column":74}}],"line":528},"59":{"loc":{"start":{"line":529,"column":22},"end":{"line":529,"column":44}},"type":"binary-expr","locations":[{"start":{"line":529,"column":22},"end":{"line":529,"column":39}},{"start":{"line":529,"column":43},"end":{"line":529,"column":44}}],"line":529},"60":{"loc":{"start":{"line":530,"column":27},"end":{"line":530,"column":47}},"type":"binary-expr","locations":[{"start":{"line":530,"column":27},"end":{"line":530,"column":42}},{"start":{"line":530,"column":46},"end":{"line":530,"column":47}}],"line":530},"61":{"loc":{"start":{"line":530,"column":52},"end":{"line":530,"column":71}},"type":"binary-expr","locations":[{"start":{"line":530,"column":52},"end":{"line":530,"column":66}},{"start":{"line":530,"column":70},"end":{"line":530,"column":71}}],"line":530},"62":{"loc":{"start":{"line":531,"column":29},"end":{"line":531,"column":60}},"type":"binary-expr","locations":[{"start":{"line":531,"column":29},"end":{"line":531,"column":55}},{"start":{"line":531,"column":59},"end":{"line":531,"column":60}}],"line":531},"63":{"loc":{"start":{"line":531,"column":65},"end":{"line":531,"column":88}},"type":"binary-expr","locations":[{"start":{"line":531,"column":65},"end":{"line":531,"column":83}},{"start":{"line":531,"column":87},"end":{"line":531,"column":88}}],"line":531},"64":{"loc":{"start":{"line":532,"column":29},"end":{"line":532,"column":58}},"type":"binary-expr","locations":[{"start":{"line":532,"column":29},"end":{"line":532,"column":53}},{"start":{"line":532,"column":57},"end":{"line":532,"column":58}}],"line":532},"65":{"loc":{"start":{"line":532,"column":63},"end":{"line":532,"column":85}},"type":"binary-expr","locations":[{"start":{"line":532,"column":63},"end":{"line":532,"column":80}},{"start":{"line":532,"column":84},"end":{"line":532,"column":85}}],"line":532},"66":{"loc":{"start":{"line":552,"column":4},"end":{"line":558,"column":5}},"type":"if","locations":[{"start":{"line":552,"column":4},"end":{"line":558,"column":5}},{"start":{},"end":{}}],"line":552},"67":{"loc":{"start":{"line":569,"column":33},"end":{"line":569,"column":83}},"type":"binary-expr","locations":[{"start":{"line":569,"column":33},"end":{"line":569,"column":51}},{"start":{"line":569,"column":55},"end":{"line":569,"column":83}}],"line":569},"68":{"loc":{"start":{"line":572,"column":4},"end":{"line":577,"column":5}},"type":"if","locations":[{"start":{"line":572,"column":4},"end":{"line":577,"column":5}},{"start":{},"end":{}}],"line":572},"69":{"loc":{"start":{"line":585,"column":6},"end":{"line":589,"column":7}},"type":"if","locations":[{"start":{"line":585,"column":6},"end":{"line":589,"column":7}},{"start":{"line":587,"column":13},"end":{"line":589,"column":7}}],"line":585},"70":{"loc":{"start":{"line":617,"column":14},"end":{"line":617,"column":71}},"type":"cond-expr","locations":[{"start":{"line":617,"column":53},"end":{"line":617,"column":61}},{"start":{"line":617,"column":64},"end":{"line":617,"column":71}}],"line":617},"71":{"loc":{"start":{"line":624,"column":22},"end":{"line":624,"column":108}},"type":"binary-expr","locations":[{"start":{"line":624,"column":22},"end":{"line":624,"column":49}},{"start":{"line":624,"column":53},"end":{"line":624,"column":81}},{"start":{"line":624,"column":85},"end":{"line":624,"column":108}}],"line":624}},"s":{"0":3,"1":3,"2":0,"3":0,"4":0,"5":0,"6":0,"7":0,"8":0,"9":0,"10":0,"11":0,"12":0,"13":0,"14":0,"15":0,"16":0,"17":0,"18":0,"19":0,"20":0,"21":0,"22":0,"23":0,"24":0,"25":0,"26":0,"27":0,"28":0,"29":0,"30":0,"31":0,"32":0,"33":0,"34":0,"35":0,"36":0,"37":0,"38":0,"39":0,"40":0,"41":0,"42":0,"43":0,"44":0,"45":0,"46":0,"47":0,"48":0,"49":0,"50":0,"51":0,"52":0,"53":0,"54":3,"55":0,"56":0,"57":0,"58":0,"59":0,"60":0,"61":0,"62":0,"63":0,"64":0,"65":3,"66":0,"67":0,"68":0,"69":0,"70":0,"71":0,"72":0,"73":0,"74":0,"75":0,"76":3,"77":0,"78":0,"79":0,"80":0,"81":0,"82":0,"83":0,"84":0,"85":0,"86":0,"87":0,"88":0,"89":0,"90":0,"91":0,"92":0,"93":0,"94":0,"95":0,"96":3,"97":0,"98":0,"99":0,"100":0,"101":0,"102":0,"103":0,"104":0,"105":0,"106":0,"107":0,"108":0,"109":0,"110":0,"111":3,"112":0,"113":0,"114":0,"115":0,"116":0,"117":0,"118":0,"119":0,"120":0,"121":0,"122":0,"123":0,"124":0,"125":0,"126":0,"127":0,"128":0,"129":0,"130":0,"131":0,"132":0,"133":0,"134":0,"135":0,"136":3,"137":0,"138":0,"139":0,"140":0,"141":0,"142":0,"143":0,"144":0,"145":0,"146":0,"147":0,"148":0,"149":0,"150":0,"151":0,"152":0,"153":0,"154":3,"155":0,"156":0,"157":0,"158":0,"159":0,"160":0,"161":0,"162":0,"163":0,"164":0,"165":0,"166":0,"167":0,"168":0,"169":0,"170":0,"171":0,"172":0,"173":3,"174":0,"175":0},"f":{"0":0,"1":0,"2":0,"3":0,"4":0,"5":0,"6":0,"7":0,"8":0,"9":0,"10":0,"11":0,"12":0,"13":0,"14":0,"15":0,"16":0},"b":{"0":[0,0],"1":[0,0],"2":[0,0],"3":[0,0],"4":[0,0],"5":[0],"6":[0],"7":[0],"8":[0],"9":[0,0],"10":[0,0],"11":[0,0],"12":[0,0],"13":[0,0],"14":[0,0],"15":[0,0],"16":[0,0],"17":[0,0],"18":[0,0],"19":[0,0],"20":[0,0],"21":[0,0],"22":[0,0],"23":[0,0],"24":[0,0],"25":[0,0],"26":[0,0],"27":[0,0],"28":[0,0],"29":[0,0,0],"30":[0,0],"31":[0,0],"32":[0],"33":[0,0],"34":[0,0],"35":[0,0],"36":[0],"37":[0,0],"38":[0,0],"39":[0,0],"40":[0,0],"41":[0,0,0],"42":[0],"43":[0,0],"44":[0],"45":[0],"46":[0,0],"47":[0,0],"48":[0,0],"49":[0,0],"50":[0,0],"51":[0,0],"52":[0,0],"53":[0,0],"54":[0,0],"55":[0,0],"56":[0,0],"57":[0,0],"58":[0,0,0],"59":[0,0],"60":[0,0],"61":[0,0],"62":[0,0],"63":[0,0],"64":[0,0],"65":[0,0],"66":[0,0],"67":[0,0],"68":[0,0],"69":[0,0],"70":[0,0],"71":[0,0,0]},"inputSourceMap":null,"_coverageSchema":"1a1c01bbd47fc00a2
[...]
,"C:\\projects\\Data Governence\\src\\utils\\apiRouter.js": {"path":"C:\\projects\\Data Governence\\src\\utils\\apiRouter.js","statementMap":{"0":{"start":{"line":4,"column":2},"end":{"line":6,"column":3}},"1":{"start":{"line":5,"column":4},"end":{"line":5,"column":19}},"2":{"start":{"line":8,"column":2},"end":{"line":10,"column":3}},"3":{"start":{"line":9,"column":4},"end":{"line":9,"column":19}},"4":{"start":{"line":12,"column":2},"end":{"line":22,"column":4}},"5":{"start":{"line":13,"column":4},"end":{"line":21,"column":5}},"6":{"start":{"line":14,"column":21},"end":{"line":14,"column":44}},"7":{"start":{"line":15,"column":6},"end":{"line":17,"column":7}},"8":{"start":{"line":16,"column":8},"end":{"line":16,"column":27}},"9":{"start":{"line":18,"column":6},"end":{"line":18,"column":20}},"10":{"start":{"line":20,"column":6},"end":{"line":20,"column":25}},"11":{"start":{"line":26,"column":2},"end":{"line":28,"column":3}},"12":{"start":{"line":27,"column":4},"end":{"line":27,"column":28}},"13":{"start":{"line":30,"column":2},"end":{"line":30,"column":26}},"14":{"start":{"line":34,"column":17},"end":{"line":34,"column":25}},"15":{"start":{"line":35,"column":18},"end":{"line":35,"column":92}},"16":{"start":{"line":37,"column":2},"end":{"line":40,"column":5}},"17":{"start":{"line":38,"column":21},"end":{"line":38,"column":48}},"18":{"start":{"line":39,"column":4},"end":{"line":39,"column":65}},"19":{"start":{"line":39,"column":34},"end":{"line":39,"column":64}},"20":{"start":{"line":42,"column":2},"end":{"line":42,"column":16}}},"fnMap":{"0":{"name":"wrapHandler","decl":{"start":{"line":3,"column":9},"end":{"line":3,"column":20}},"loc":{"start":{"line":3,"column":30},"end":{"line":23,"column":1}},"line":3},"1":{"name":"wrappedHandler","decl":{"start":{"line":12,"column":18},"end":{"line":12,"column":32}},"loc":{"start":{"line":12,"column":49},"end":{"line":22,"column":3}},"line":12},"2":{"name":"wrapArg","decl":{"start":{"line":25,"column":9},"end":{"line":25,"column":16}},"loc":{"start":{"line":25,"column":22},"end":{"line":31,"column":1}},"line":25},"3":{"name":"createApiRouter","decl":{"start":{"line":33,"column":16},"end":{"line":33,"column":31}},"loc":{"start":{"line":33,"column":34},"end":{"line":43,"column":1}},"line":33},"4":{"name":"(anonymous_4)","decl":{"start":{"line":37,"column":18},"end":{"line":37,"column":19}},"loc":{"start":{"line":37,"column":30},"end":{"line":40,"column":3}},"line":37},"5":{"name":"(anonymous_5)","decl":{"start":{"line":39,"column":21},"end":{"line":39,"column":22}},"loc":{"start":{"line":39,"column":34},"end":{"line":39,"column":64}},"line":39}},"branchMap":{"0":{"loc":{"start":{"line":4,"column":2},"end":{"line":6,"column":3}},"type":"if","locations":[{"start":{"line":4,"column":2},"end":{"line":6,"column":3}},{"start":{},"end":{}}],"line":4},"1":{"loc":{"start":{"line":8,"column":2},"end":{"line":10,"column":3}},"type":"if","locations":[{"start":{"line":8,"column":2},"end":{"line":10,"column":3}},{"start":{},"end":{}}],"line":8},"2":{"loc":{"start":{"line":15,"column":6},"end":{"line":17,"column":7}},"type":"if","locations":[{"start":{"line":15,"column":6},"end":{"line":17,"column":7}},{"start":{},"end":{}}],"line":15},"3":{"loc":{"start":{"line":15,"column":10},"end":{"line":15,"column":53}},"type":"binary-expr","locations":[{"start":{"line":15,"column":10},"end":{"line":15,"column":16}},{"start":{"line":15,"column":20},"end":{"line":15,"column":53}}],"line":15},"4":{"loc":{"start":{"line":26,"column":2},"end":{"line":28,"column":3}},"type":"if","locations":[{"start":{"line":26,"column":2},"end":{"line":28,"column":3}},{"start":{},"end":{}}],"line":26}},"s":{"0":735,"1":237,"2":498,"3":0,"4":498,"5":53,"6":53,"7":53,"8":0,"9":53,"10":0,"11":735,"12":0,"13":735,"14":33,"15":33,"16":33,"17":297,"18":297,"19":249,"20":33},"f":{"0":735,"1":53,"2":735,"3":33,"4":297,"5":249},"b":{"0":[237,498],"1":[0,498],"2":[0,53],"3":[53,16],"4":[0,735]},"inputSourceMap":null,"_coverageSchema":"1a1c01bbd47fc00a2c39e90264f33305004495a9","hash":"4e5f9890579d87729b9ad66a68fce227ec9b30fd"}
,"C:\\projects\\Data Governence\\src\\utils\\config.js": {"path":"C:\\projects\\Data Governence\\src\\utils\\config.js","statementMap":{"0":{"start":{"line":6,"column":21},"end":{"line":6,"column":23}},"1":{"start":{"line":9,"column":15},"end":{"line":20,"column":1}},"2":{"start":{"line":23,"column":0},"end":{"line":28,"column":1}},"3":{"start":{"line":24,"column":18},"end":{"line":24,"column":65}},"4":{"start":{"line":24,"column":47},"end":{"line":24,"column":64}},"5":{"start":{"line":25,"column":2},"end":{"line":27,"column":3}},"6":{"start":{"line":26,"column":4},"end":{"line":26,"column":85}}},"fnMap":{"0":{"name":"(anonymous_0)","decl":{"start":{"line":24,"column":38},"end":{"line":24,"column":39}},"loc":{"start":{"line":24,"column":47},"end":{"line":24,"column":64}},"line":24}},"branchMap":{"0":{"loc":{"start":{"line":10,"column":8},"end":{"line":10,"column":32}},"type":"binary-expr","locations":[{"start":{"line":10,"column":8},"end":{"line":10,"column":24}},{"start":{"line":10,"column":28},"end":{"line":10,"column":32}}],"line":10},"1":{"loc":{"start":{"line":11,"column":11},"end":{"line":11,"column":48}},"type":"binary-expr","locations":[{"start":{"line":11,"column":11},"end":{"line":11,"column":31}},{"start":{"line":11,"column":35},"end":{"line":11,"column":48}}],"line":11},"2":{"loc":{"start":{"line":12,"column":19},"end":{"line":12,"column":74}},"type":"binary-expr","locations":[{"start":{"line":12,"column":19},"end":{"line":12,"column":47}},{"start":{"line":12,"column":51},"end":{"line":12,"column":74}}],"line":12},"3":{"loc":{"start":{"line":13,"column":18},"end":{"line":13,"column":65}},"type":"binary-expr","locations":[{"start":{"line":13,"column":18},"end":{"line":13,"column":52}},{"start":{"line":13,"column":56},"end":{"line":13,"column":65}}],"line":13},"4":{"loc":{"start":{"line":14,"column":16},"end":{"line":14,"column":67}},"type":"binary-expr","locations":[{"start":{"line":14,"column":16},"end":{"line":14,"column":46}},{"start":{"line":14,"column":50},"end":{"line":14,"column":67}}],"line":14},"5":{"loc":{"start":{"line":23,"column":0},"end":{"line":28,"column":1}},"type":"if","locations":[{"start":{"line":23,"column":0},"end":{"line":28,"column":1}},{"start":{},"end":{}}],"line":23},"6":{"loc":{"start":{"line":25,"column":2},"end":{"line":27,"column":3}},"type":"if","locations":[{"start":{"line":25,"column":2},"end":{"line":27,"column":3}},{"start":{},"end":{}}],"line":25}},"s":{"0":0,"1":0,"2":0,"3":0,"4":0,"5":0,"6":0},"f":{"0":0},"b":{"0":[0,0],"1":[0,0],"2":[0,0],"3":[0,0],"4":[0,0],"5":[0,0],"6":[0,0]},"inputSourceMap":null}
,"C:\\projects\\Data Governence\\src\\utils\\entraConfig.js": {"path":"C:\\projects\\Data Governence\\src\\utils\\entraConfig.js","statementMap":{"0":{"start":{"line":8,"column":0},"end":{"line":8,"column":16}},"1":{"start":{"line":10,"column":27},"end":{"line":17,"column":1}},"2":{"start":{"line":24,"column":2},"end":{"line":34,"column":3}},"3":{"start":{"line":25,"column":21},"end":{"line":25,"column":82}},"4":{"start":{"line":26,"column":20},"end":{"line":26,"column":63}},"5":{"start":{"line":26,"column":45},"end":{"line":26,"column":62}},"6":{"start":{"line":28,"column":4},"end":{"line":33,"column":5}},"7":{"start":{"line":29,"column":6},"end":{"line":32,"column":8}}},"fnMap":{"0":{"name":"validateEntraConfig","decl":{"start":{"line":23,"column":16},"end":{"line":23,"column":35}},"loc":{"start":{"line":23,"column":38},"end":{"line":35,"column":1}},"line":23},"1":{"name":"(anonymous_1)","decl":{"start":{"line":26,"column":36},"end":{"line":26,"column":37}},"loc":{"start":{"line":26,"column":45},"end":{"line":26,"column":62}},"line":26}},"branchMap":{"0":{"loc":{"start":{"line":11,"column":12},"end":{"line":11,"column":45}},"type":"binary-expr","locations":[{"start":{"line":11,"column":12},"end":{"line":11,"column":39}},{"start":{"line":11,"column":43},"end":{"line":11,"column":45}}],"line":11},"1":{"loc":{"start":{"line":12,"column":16},"end":{"line":12,"column":53}},"type":"binary-expr","locations":[{"start":{"line":12,"column":16},"end":{"line":12,"column":47}},{"start":{"line":12,"column":51},"end":{"line":12,"column":53}}],"line":12},"2":{"loc":{"start":{"line":13,"column":12},"end":{"line":13,"column":45}},"type":"binary-expr","locations":[{"start":{"line":13,"column":12},"end":{"line":13,"column":39}},{"start":{"line":13,"column":43},"end":{"line":13,"column":45}}],"line":13},"3":{"loc":{"start":{"line":14,"column":15},"end":{"line":14,"column":86}},"type":"binary-expr","locations":[{"start":{"line":14,"column":15},"end":{"line":14,"column":45}},{"start":{"line":14,"column":49},"end":{"line":14,"column":86}}],"line":14},"4":{"loc":{"start":{"line":15,"column":50},"end":{"line":15,"column":89}},"type":"binary-expr","locations":[{"start":{"line":15,"column":50},"end":{"line":15,"column":77}},{"start":{"line":15,"column":81},"end":{"line":15,"column":89}}],"line":15},"5":{"loc":{"start":{"line":24,"column":2},"end":{"line":34,"column":3}},"type":"if","locations":[{"start":{"line":24,"column":2},"end":{"line":34,"column":3}},{"start":{},"end":{}}],"line":24},"6":{"loc":{"start":{"line":28,"column":4},"end":{"line":33,"column":5}},"type":"if","locations":[{"start":{"line":28,"column":4},"end":{"line":33,"column":5}},{"start":{},"end":{}}],"line":28}},"s":{"0":3,"1":3,"2":3,"3":0,"4":0,"5":0,"6":0,"7":0},"f":{"0":3,"1":0},"b":{"0":[3,3],"1":[3,3],"2":[3,3],"3":[3,3],"4":[3,3],"5":[0,3],"6":[0,0]},"inputSourceMap":null,"_coverageSchema":"1a1c01bbd47fc00a2c39e90264f33305004495a9","hash":"85a52e9e23c3fa63f2c6c7bc3c0e1c7b0256ab89"}
,"C:\\projects\\Data Governence\\src\\utils\\tokenManager.js": {"path":"C:\\projects\\Data Governence\\src\\utils\\tokenManager.js","statementMap":{"0":{"start":{"line":8,"column":19},"end":{"line":8,"column":82}},"1":{"start":{"line":9,"column":19},"end":{"line":9,"column":50}},"2":{"start":{"line":10,"column":29},"end":{"line":10,"column":69}},"3":{"start":{"line":18,"column":2},"end":{"line":33,"column":4}},"4":{"start":{"line":42,"column":2},"end":{"line":52,"column":4}},"5":{"start":{"line":61,"column":2},"end":{"line":66,"column":3}},"6":{"start":{"line":62,"column":4},"end":{"line":62,"column":68}},"7":{"start":{"line":64,"column":4},"end":{"line":64,"column":61}},"8":{"start":{"line":65,"column":4},"end":{"line":65,"column":16}},"9":{"start":{"line":75,"column":2},"end":{"line":75,"column":31}},"10":{"start":{"line":75,"column":19},"end":{"line":75,"column":31}},"11":{"start":{"line":77,"column":16},"end":{"line":77,"column":37}},"12":{"start":{"line":78,"column":2},"end":{"line":80,"column":3}},"13":{"start":{"line":79,"column":4},"end":{"line":79,"column":16}},"14":{"start":{"line":82,"column":2},"end":{"line":82,"column":18}},"15":{"start":{"line":92,"column":18},"end":{"line":92,"column":43}},"16":{"start":{"line":94,"column":2},"end":{"line":96,"column":3}},"17":{"start":{"line":95,"column":4},"end":{"line":95,"column":45}},"18":{"start":{"line":98,"column":2},"end":{"line":98,"column":29}}},"fnMap":{"0":{"name":"generateToken","decl":{"start":{"line":17,"column":16},"end":{"line":17,"column":29}},"loc":{"start":{"line":17,"column":36},"end":{"line":34,"column":1}},"line":17},"1":{"name":"generateRefreshToken","decl":{"start":{"line":41,"column":16},"end":{"line":41,"column":36}},"loc":{"start":{"line":41,"column":45},"end":{"line":53,"column":1}},"line":41},"2":{"name":"verifyToken","decl":{"start":{"line":60,"column":16},"end":{"line":60,"column":27}},"loc":{"start":{"line":60,"column":35},"end":{"line":67,"column":1}},"line":60},"3":{"name":"extractToken","decl":{"start":{"line":74,"column":16},"end":{"line":74,"column":28}},"loc":{"start":{"line":74,"column":41},"end":{"line":83,"column":1}},"line":74},"4":{"name":"refreshAccessToken","decl":{"start":{"line":91,"column":16},"end":{"line":91,"column":34}},"loc":{"start":{"line":91,"column":55},"end":{"line":99,"column":1}},"line":91}},"branchMap":{"0":{"loc":{"start":{"line":8,"column":19},"end":{"line":8,"column":82}},"type":"binary-expr","locations":[{"start":{"line":8,"column":19},"end":{"line":8,"column":41}},{"start":{"line":8,"column":45},"end":{"line":8,"column":82}}],"line":8},"1":{"loc":{"start":{"line":9,"column":19},"end":{"line":9,"column":50}},"type":"binary-expr","locations":[{"start":{"line":9,"column":19},"end":{"line":9,"column":41}},{"start":{"line":9,"column":45},"end":{"line":9,"column":50}}],"line":9},"2":{"loc":{"start":{"line":10,"column":29},"end":{"line":10,"column":69}},"type":"binary-expr","locations":[{"start":{"line":10,"column":29},"end":{"line":10,"column":61}},{"start":{"line":10,"column":65},"end":{"line":10,"column":69}}],"line":10},"3":{"loc":{"start":{"line":23,"column":13},"end":{"line":23,"column":29}},"type":"binary-expr","locations":[{"start":{"line":23,"column":13},"end":{"line":23,"column":23}},{"start":{"line":23,"column":27},"end":{"line":23,"column":29}}],"line":23},"4":{"loc":{"start":{"line":24,"column":17},"end":{"line":24,"column":37}},"type":"binary-expr","locations":[{"start":{"line":24,"column":17},"end":{"line":24,"column":31}},{"start":{"line":24,"column":35},"end":{"line":24,"column":37}}],"line":24},"5":{"loc":{"start":{"line":75,"column":2},"end":{"line":75,"column":31}},"type":"if","locations":[{"start":{"line":75,"column":2},"end":{"line":75,"column":31}},{"start":{},"end":{}}],"line":75},"6":{"loc":{"start":{"line":78,"column":2},"end":{"line":80,"column":3}},"type":"if","locations":[{"start":{"line":78,"column":2},"end":{"line":80,"column":3}},{"start":{},"end":{}}],"line":78},"7":{"loc":{"start":{"line":78,"column":6},"end":{"line":78,"column":63}},"type":"binary-expr","locations":[{"start":{"line":78,"column":6},"end":{"line":78,"column":24}},{"start":{"line":78,"column":28},"end":{"line":78,"column":63}}],"line":78},"8":{"loc":{"start":{"line":94,"column":2},"end":{"line":96,"column":3}},"type":"if","locations":[{"start":{"line":94,"column":2},"end":{"line":96,"column":3}},{"start":{},"end":{}}],"line":94},"9":{"loc":{"start":{"line":94,"column":6},"end":{"line":94,"column":44}},"type":"binary-expr","locations":[{"start":{"line":94,"column":6},"end":{"line":94,"column":14}},{"start":{"line":94,"column":18},"end":{"line":94,"column":44}}],"line":94}},"s":{"0":4,"1":4,"2":4,"3":17,"4":4,"5":26,"6":26,"7":4,"8":4,"9":23,"10":4,"11":19,"12":19,"13":1,"14":18,"15":1,"16":1,"17":1,"18":0},"f":{"0":17,"1":4,"2":26,"3":23,"4":1},"b":{"0":[4,4],"1":[4,4],"2":[4,4],"3":[17,0],"4":[17,0],"5":[4,19],"6":[1,18],"7":[19,19],"8":[1,0],"9":[1,0]},"inputSourceMap":null,"_coverageSchema":"1a1c01bbd47fc00a2c39e90264f33305004495a9","hash":"a21812e3307d38c81269be044ba0e46bec225977"}
,"C:\\projects\\Data Governence\\src\\utils\\ttlCache.js": {"path":"C:\\projects\\Data Governence\\src\\utils\\ttlCache.js","statementMap":{"0":{"start":{"line":2,"column":16},"end":{"line":2,"column":25}},"1":{"start":{"line":5,"column":4},"end":{"line":9,"column":5}},"2":{"start":{"line":6,"column":6},"end":{"line":8,"column":7}},"3":{"start":{"line":7,"column":8},"end":{"line":7,"column":26}},"4":{"start":{"line":13,"column":4},"end":{"line":15,"column":5}},"5":{"start":{"line":14,"column":6},"end":{"line":14,"column":13}},"6":{"start":{"line":17,"column":17},"end":{"line":17,"column":29}},"7":{"start":{"line":18,"column":4},"end":{"line":24,"column":5}},"8":{"start":{"line":19,"column":22},"end":{"line":19,"column":39}},"9":{"start":{"line":20,"column":6},"end":{"line":22,"column":7}},"10":{"start":{"line":21,"column":8},"end":{"line":21,"column":14}},"11":{"start":{"line":23,"column":6},"end":{"line":23,"column":28}},"12":{"start":{"line":27,"column":2},"end":{"line":47,"column":4}},"13":{"start":{"line":29,"column":18},"end":{"line":29,"column":28}},"14":{"start":{"line":30,"column":6},"end":{"line":30,"column":24}},"15":{"start":{"line":32,"column":20},"end":{"line":32,"column":34}},"16":{"start":{"line":33,"column":6},"end":{"line":33,"column":40}},"17":{"start":{"line":36,"column":6},"end":{"line":36,"column":21}},"18":{"start":{"line":37,"column":6},"end":{"line":40,"column":9}},"19":{"start":{"line":41,"column":6},"end":{"line":41,"column":22}},"20":{"start":{"line":42,"column":6},"end":{"line":42,"column":19}},"21":{"start":{"line":45,"column":6},"end":{"line":45,"column":20}}},"fnMap":{"0":{"name":"createTtlCache","decl":{"start":{"line":1,"column":16},"end":{"line":1,"column":30}},"loc":{"start":{"line":1,"column":70},"end":{"line":48,"column":1}},"line":1},"1":{"name":"evictExpired","decl":{"start":{"line":4,"column":11},"end":{"line":4,"column":23}},"loc":{"start":{"line":4,"column":42},"end":{"line":10,"column":3}},"line":4},"2":{"name":"evictOverflow","decl":{"start":{"line":12,"column":11},"end":{"line":12,"column":24}},"loc":{"start":{"line":12,"column":27},"end":{"line":25,"column":3}},"line":12},"3":{"name":"(anonymous_3)","decl":{"start":{"line":28,"column":4},"end":{"line":28,"column":5}},"loc":{"start":{"line":28,"column":13},"end":{"line":34,"column":5}},"line":28},"4":{"name":"(anonymous_4)","decl":{"start":{"line":35,"column":4},"end":{"line":35,"column":5}},"loc":{"start":{"line":35,"column":20},"end":{"line":43,"column":5}},"line":35},"5":{"name":"(anonymous_5)","decl":{"start":{"line":44,"column":4},"end":{"line":44,"column":5}},"loc":{"start":{"line":44,"column":12},"end":{"line":46,"column":5}},"line":44}},"branchMap":{"0":{"loc":{"start":{"line":1,"column":31},"end":{"line":1,"column":68}},"type":"default-arg","locations":[{"start":{"line":1,"column":66},"end":{"line":1,"column":68}}],"line":1},"1":{"loc":{"start":{"line":1,"column":33},"end":{"line":1,"column":46}},"type":"default-arg","locations":[{"start":{"line":1,"column":41},"end":{"line":1,"column":46}}],"line":1},"2":{"loc":{"start":{"line":1,"column":48},"end":{"line":1,"column":61}},"type":"default-arg","locations":[{"start":{"line":1,"column":58},"end":{"line":1,"column":61}}],"line":1},"3":{"loc":{"start":{"line":4,"column":24},"end":{"line":4,"column":40}},"type":"default-arg","locations":[{"start":{"line":4,"column":30},"end":{"line":4,"column":40}}],"line":4},"4":{"loc":{"start":{"line":6,"column":6},"end":{"line":8,"column":7}},"type":"if","locations":[{"start":{"line":6,"column":6},"end":{"line":8,"column":7}},{"start":{},"end":{}}],"line":6},"5":{"loc":{"start":{"line":13,"column":4},"end":{"line":15,"column":5}},"type":"if","locations":[{"start":{"line":13,"column":4},"end":{"line":15,"column":5}},{"start":{},"end":{}}],"line":13},"6":{"loc":{"start":{"line":20,"column":6},"end":{"line":22,"column":7}},"type":"if","locations":[{"start":{"line":20,"column":6},"end":{"line":22,"column":7}},{"start":{},"end":{}}],"line":20},"7":{"loc":{"start":{"line":33,"column":13},"end":{"line":33,"column":39}},"type":"cond-expr","locations":[{"start":{"line":33,"column":21},"end":{"line":33,"column":32}},{"start":{"line":33,"column":35},"end":{"line":33,"column":39}}],"line":33}},"s":{"0":8,"1":8,"2":10,"3":0,"4":4,"5":3,"6":1,"7":1,"8":1,"9":1,"10":0,"11":1,"12":8,"13":4,"14":4,"15":4,"16":4,"17":4,"18":4,"19":4,"20":4,"21":2},"f":{"0":8,"1":8,"2":4,"3":4,"4":4,"5":2},"b":{"0":[0],"1":[0],"2":[0],"3":[4],"4":[0,10],"5":[3,1],"6":[0,1],"7":[3,1]},"inputSourceMap":null,"_coverageSchema":"1a1c01bbd47fc00a2c39e90264f33305004495a9","hash":"53d9db72792d312537774e336878ff079c1e8c21"}
}
