{
  "C:\\projects\\Data Governence\\src\\app.js": {
    "path": "C:\\projects\\Data Governence\\src\\app.js",
    "statementMap": {
      "0": { "start": { "line": 46, "column": 2 }, "end": { "line": 46, "column": 27 } },
      "1": { "start": { "line": 47, "column": 2 }, "end": { "line": 47, "column": 26 } },
      "2": { "start": { "line": 48, "column": 2 }, "end": { "line": 48, "column": 43 } },
      "3": { "start": { "line": 49, "column": 2 }, "end": { "line": 49, "column": 25 } },
      "4": { "start": { "line": 50, "column": 2 }, "end": { "line": 50, "column": 29 } },
      "5": { "start": { "line": 51, "column": 2 }, "end": { "line": 51, "column": 43 } },
      "6": { "start": { "line": 52, "column": 2 }, "end": { "line": 52, "column": 45 } },
      "7": { "start": { "line": 53, "column": 2 }, "end": { "line": 53, "column": 31 } },
      "8": { "start": { "line": 54, "column": 2 }, "end": { "line": 54, "column": 34 } },
      "9": { "start": { "line": 55, "column": 2 }, "end": { "line": 55, "column": 44 } },
      "10": { "start": { "line": 63, "column": 19 }, "end": { "line": 63, "column": 49 } },
      "11": { "start": { "line": 64, "column": 18 }, "end": { "line": 64, "column": 40 } },
      "12": { "start": { "line": 65, "column": 23 }, "end": { "line": 65, "column": 66 } },
      "13": { "start": { "line": 68, "column": 2 }, "end": { "line": 68, "column": 24 } },
      "14": { "start": { "line": 70, "column": 14 }, "end": { "line": 70, "column": 23 } },
      "15": { "start": { "line": 73, "column": 2 }, "end": { "line": 96, "column": 4 } },
      "16": { "start": { "line": 97, "column": 2 }, "end": { "line": 97, "column": 18 } },
      "17": { "start": { "line": 100, "column": 2 }, "end": { "line": 100, "column": 43 } },
      "18": { "start": { "line": 101, "column": 2 }, "end": { "line": 101, "column": 65 } },
      "19": { "start": { "line": 104, "column": 2 }, "end": { "line": 104, "column": 30 } },
      "20": { "start": { "line": 105, "column": 2 }, "end": { "line": 109, "column": 5 } },
      "21": { "start": { "line": 106, "column": 4 }, "end": { "line": 106, "column": 64 } },
      "22": { "start": { "line": 107, "column": 4 }, "end": { "line": 107, "column": 49 } },
      "23": { "start": { "line": 108, "column": 4 }, "end": { "line": 108, "column": 11 } },
      "24": { "start": { "line": 110, "column": 2 }, "end": { "line": 110, "column": 25 } },
      "25": { "start": { "line": 111, "column": 2 }, "end": { "line": 111, "column": 30 } },
      "26": { "start": { "line": 114, "column": 2 }, "end": { "line": 114, "column": 35 } },
      "27": { "start": { "line": 117, "column": 20 }, "end": { "line": 117, "column": 36 } },
      "28": { "start": { "line": 120, "column": 2 }, "end": { "line": 120, "column": 37 } },
      "29": { "start": { "line": 123, "column": 2 }, "end": { "line": 123, "column": 41 } },
      "30": { "start": { "line": 124, "column": 2 }, "end": { "line": 124, "column": 43 } },
      "31": { "start": { "line": 125, "column": 2 }, "end": { "line": 125, "column": 43 } },
      "32": { "start": { "line": 126, "column": 2 }, "end": { "line": 126, "column": 39 } },
      "33": { "start": { "line": 127, "column": 2 }, "end": { "line": 127, "column": 47 } },
      "34": { "start": { "line": 128, "column": 2 }, "end": { "line": 128, "column": 47 } },
      "35": { "start": { "line": 129, "column": 2 }, "end": { "line": 129, "column": 47 } },
      "36": { "start": { "line": 130, "column": 2 }, "end": { "line": 130, "column": 47 } },
      "37": { "start": { "line": 131, "column": 2 }, "end": { "line": 131, "column": 53 } },
      "38": { "start": { "line": 132, "column": 2 }, "end": { "line": 132, "column": 37 } },
      "39": { "start": { "line": 133, "column": 2 }, "end": { "line": 133, "column": 37 } },
      "40": { "start": { "line": 134, "column": 2 }, "end": { "line": 134, "column": 51 } },
      "41": { "start": { "line": 135, "column": 2 }, "end": { "line": 135, "column": 54 } },
      "42": { "start": { "line": 136, "column": 2 }, "end": { "line": 136, "column": 45 } },
      "43": { "start": { "line": 137, "column": 2 }, "end": { "line": 137, "column": 57 } },
      "44": { "start": { "line": 138, "column": 2 }, "end": { "line": 138, "column": 49 } },
      "45": { "start": { "line": 139, "column": 2 }, "end": { "line": 139, "column": 45 } },
      "46": { "start": { "line": 142, "column": 2 }, "end": { "line": 178, "column": 5 } },
      "47": { "start": { "line": 143, "column": 4 }, "end": { "line": 177, "column": 7 } },
      "48": { "start": { "line": 180, "column": 2 }, "end": { "line": 180, "column": 32 } },
      "49": { "start": { "line": 183, "column": 2 }, "end": { "line": 183, "column": 40 } },
      "50": { "start": { "line": 185, "column": 2 }, "end": { "line": 187, "column": 5 } },
      "51": { "start": { "line": 186, "column": 4 }, "end": { "line": 186, "column": 56 } },
      "52": { "start": { "line": 190, "column": 2 }, "end": { "line": 192, "column": 5 } },
      "53": { "start": { "line": 191, "column": 4 }, "end": { "line": 191, "column": 96 } },
      "54": { "start": { "line": 195, "column": 2 }, "end": { "line": 195, "column": 24 } },
      "55": { "start": { "line": 197, "column": 2 }, "end": { "line": 197, "column": 13 } }
    },
    "fnMap": {
      "0": {
        "name": "initializeCache",
        "decl": { "start": { "line": 45, "column": 16 }, "end": { "line": 45, "column": 31 } },
        "loc": { "start": { "line": 45, "column": 60 }, "end": { "line": 56, "column": 1 } },
        "line": 45
      },
      "1": {
        "name": "createApp",
        "decl": { "start": { "line": 62, "column": 24 }, "end": { "line": 62, "column": 33 } },
        "loc": { "start": { "line": 62, "column": 36 }, "end": { "line": 198, "column": 1 } },
        "line": 62
      },
      "2": {
        "name": "(anonymous_2)",
        "decl": { "start": { "line": 105, "column": 10 }, "end": { "line": 105, "column": 11 } },
        "loc": { "start": { "line": 105, "column": 30 }, "end": { "line": 109, "column": 3 } },
        "line": 105
      },
      "3": {
        "name": "(anonymous_3)",
        "decl": { "start": { "line": 142, "column": 21 }, "end": { "line": 142, "column": 22 } },
        "loc": { "start": { "line": 142, "column": 35 }, "end": { "line": 178, "column": 3 } },
        "line": 142
      },
      "4": {
        "name": "(anonymous_4)",
        "decl": { "start": { "line": 185, "column": 15 }, "end": { "line": 185, "column": 16 } },
        "loc": { "start": { "line": 185, "column": 29 }, "end": { "line": 187, "column": 3 } },
        "line": 185
      },
      "5": {
        "name": "(anonymous_5)",
        "decl": { "start": { "line": 190, "column": 10 }, "end": { "line": 190, "column": 11 } },
        "loc": { "start": { "line": 190, "column": 31 }, "end": { "line": 192, "column": 3 } },
        "line": 190
      }
    },
    "branchMap": {
      "0": {
        "loc": { "start": { "line": 106, "column": 20 }, "end": { "line": 106, "column": 63 } },
        "type": "binary-expr",
        "locations": [
          { "start": { "line": 106, "column": 20 }, "end": { "line": 106, "column": 47 } },
          { "start": { "line": 106, "column": 51 }, "end": { "line": 106, "column": 63 } }
        ],
        "line": 106
      }
    },
    "s": {
      "0": 2,
      "1": 2,
      "2": 2,
      "3": 2,
      "4": 2,
      "5": 2,
      "6": 2,
      "7": 2,
      "8": 2,
      "9": 2,
      "10": 9,
      "11": 9,
      "12": 9,
      "13": 9,
      "14": 9,
      "15": 9,
      "16": 9,
      "17": 9,
      "18": 9,
      "19": 9,
      "20": 9,
      "21": 89,
      "22": 89,
      "23": 89,
      "24": 9,
      "25": 9,
      "26": 9,
      "27": 9,
      "28": 9,
      "29": 9,
      "30": 9,
      "31": 9,
      "32": 9,
      "33": 9,
      "34": 9,
      "35": 9,
      "36": 9,
      "37": 9,
      "38": 9,
      "39": 9,
      "40": 9,
      "41": 9,
      "42": 9,
      "43": 9,
      "44": 9,
      "45": 9,
      "46": 9,
      "47": 1,
      "48": 9,
      "49": 9,
      "50": 9,
      "51": 0,
      "52": 9,
      "53": 1,
      "54": 9,
      "55": 9
    },
    "f": { "0": 2, "1": 9, "2": 89, "3": 1, "4": 0, "5": 1 },
    "b": { "0": [89, 89] },
    "inputSourceMap": null,
    "_coverageSchema": "1a1c01bbd47fc00a2c39e90264f33305004495a9",
    "hash": "a8866d976c8ee70dd18d4ebc47c299d081e2334f"
  },
  "C:\\projects\\Data Governence\\src\\middleware\\auth.js": {
    "path": "C:\\projects\\Data Governence\\src\\middleware\\auth.js",
    "statementMap": {
      "0": { "start": { "line": 14, "column": 2 }, "end": { "line": 36, "column": 3 } },
      "1": { "start": { "line": 15, "column": 18 }, "end": { "line": 15, "column": 57 } },
      "2": { "start": { "line": 17, "column": 4 }, "end": { "line": 21, "column": 5 } },
      "3": { "start": { "line": 18, "column": 6 }, "end": { "line": 20, "column": 8 } },
      "4": { "start": { "line": 23, "column": 20 }, "end": { "line": 23, "column": 38 } },
      "5": { "start": { "line": 25, "column": 4 }, "end": { "line": 27, "column": 5 } },
      "6": { "start": { "line": 26, "column": 6 }, "end": { "line": 26, "column": 91 } },
      "7": { "start": { "line": 30, "column": 4 }, "end": { "line": 30, "column": 23 } },
      "8": { "start": { "line": 32, "column": 4 }, "end": { "line": 32, "column": 18 } },
      "9": { "start": { "line": 34, "column": 4 }, "end": { "line": 34, "column": 56 } },
      "10": { "start": { "line": 35, "column": 4 }, "end": { "line": 35, "column": 82 } },
      "11": { "start": { "line": 44, "column": 2 }, "end": { "line": 46, "column": 3 } },
      "12": { "start": { "line": 45, "column": 4 }, "end": { "line": 45, "column": 87 } },
      "13": { "start": { "line": 48, "column": 2 }, "end": { "line": 50, "column": 3 } },
      "14": { "start": { "line": 49, "column": 4 }, "end": { "line": 49, "column": 81 } },
      "15": { "start": { "line": 52, "column": 2 }, "end": { "line": 52, "column": 16 } },
      "16": { "start": { "line": 60, "column": 2 }, "end": { "line": 62, "column": 3 } },
      "17": { "start": { "line": 61, "column": 4 }, "end": { "line": 61, "column": 87 } },
      "18": { "start": { "line": 64, "column": 17 }, "end": { "line": 64, "column": 58 } },
      "19": { "start": { "line": 66, "column": 2 }, "end": { "line": 68, "column": 3 } },
      "20": { "start": { "line": 67, "column": 4 }, "end": { "line": 67, "column": 91 } },
      "21": { "start": { "line": 70, "column": 2 }, "end": { "line": 74, "column": 3 } },
      "22": { "start": { "line": 71, "column": 4 }, "end": { "line": 73, "column": 6 } },
      "23": { "start": { "line": 76, "column": 2 }, "end": { "line": 76, "column": 24 } },
      "24": { "start": { "line": 77, "column": 2 }, "end": { "line": 77, "column": 16 } }
    },
    "fnMap": {
      "0": {
        "name": "authenticate",
        "decl": { "start": { "line": 13, "column": 16 }, "end": { "line": 13, "column": 28 } },
        "loc": { "start": { "line": 13, "column": 45 }, "end": { "line": 37, "column": 1 } },
        "line": 13
      },
      "1": {
        "name": "requireAdmin",
        "decl": { "start": { "line": 43, "column": 16 }, "end": { "line": 43, "column": 28 } },
        "loc": { "start": { "line": 43, "column": 45 }, "end": { "line": 53, "column": 1 } },
        "line": 43
      },
      "2": {
        "name": "requireDatabaseAccess",
        "decl": { "start": { "line": 59, "column": 16 }, "end": { "line": 59, "column": 37 } },
        "loc": { "start": { "line": 59, "column": 54 }, "end": { "line": 78, "column": 1 } },
        "line": 59
      }
    },
    "branchMap": {
      "0": {
        "loc": { "start": { "line": 17, "column": 4 }, "end": { "line": 21, "column": 5 } },
        "type": "if",
        "locations": [
          { "start": { "line": 17, "column": 4 }, "end": { "line": 21, "column": 5 } },
          { "start": {}, "end": {} }
        ],
        "line": 17
      },
      "1": {
        "loc": { "start": { "line": 25, "column": 4 }, "end": { "line": 27, "column": 5 } },
        "type": "if",
        "locations": [
          { "start": { "line": 25, "column": 4 }, "end": { "line": 27, "column": 5 } },
          { "start": {}, "end": {} }
        ],
        "line": 25
      },
      "2": {
        "loc": { "start": { "line": 44, "column": 2 }, "end": { "line": 46, "column": 3 } },
        "type": "if",
        "locations": [
          { "start": { "line": 44, "column": 2 }, "end": { "line": 46, "column": 3 } },
          { "start": {}, "end": {} }
        ],
        "line": 44
      },
      "3": {
        "loc": { "start": { "line": 48, "column": 2 }, "end": { "line": 50, "column": 3 } },
        "type": "if",
        "locations": [
          { "start": { "line": 48, "column": 2 }, "end": { "line": 50, "column": 3 } },
          { "start": {}, "end": {} }
        ],
        "line": 48
      },
      "4": {
        "loc": { "start": { "line": 48, "column": 6 }, "end": { "line": 48, "column": 58 } },
        "type": "binary-expr",
        "locations": [
          { "start": { "line": 48, "column": 6 }, "end": { "line": 48, "column": 21 } },
          { "start": { "line": 48, "column": 25 }, "end": { "line": 48, "column": 58 } }
        ],
        "line": 48
      },
      "5": {
        "loc": { "start": { "line": 60, "column": 2 }, "end": { "line": 62, "column": 3 } },
        "type": "if",
        "locations": [
          { "start": { "line": 60, "column": 2 }, "end": { "line": 62, "column": 3 } },
          { "start": {}, "end": {} }
        ],
        "line": 60
      },
      "6": {
        "loc": { "start": { "line": 64, "column": 17 }, "end": { "line": 64, "column": 58 } },
        "type": "binary-expr",
        "locations": [
          { "start": { "line": 64, "column": 17 }, "end": { "line": 64, "column": 36 } },
          { "start": { "line": 64, "column": 40 }, "end": { "line": 64, "column": 58 } }
        ],
        "line": 64
      },
      "7": {
        "loc": { "start": { "line": 66, "column": 2 }, "end": { "line": 68, "column": 3 } },
        "type": "if",
        "locations": [
          { "start": { "line": 66, "column": 2 }, "end": { "line": 68, "column": 3 } },
          { "start": {}, "end": {} }
        ],
        "line": 66
      },
      "8": {
        "loc": { "start": { "line": 70, "column": 2 }, "end": { "line": 74, "column": 3 } },
        "type": "if",
        "locations": [
          { "start": { "line": 70, "column": 2 }, "end": { "line": 74, "column": 3 } },
          { "start": {}, "end": {} }
        ],
        "line": 70
      },
      "9": {
        "loc": { "start": { "line": 70, "column": 6 }, "end": { "line": 70, "column": 65 } },
        "type": "binary-expr",
        "locations": [
          { "start": { "line": 70, "column": 6 }, "end": { "line": 70, "column": 25 } },
          { "start": { "line": 70, "column": 29 }, "end": { "line": 70, "column": 65 } }
        ],
        "line": 70
      }
    },
    "s": {
      "0": 81,
      "1": 81,
      "2": 80,
      "3": 7,
      "4": 73,
      "5": 73,
      "6": 2,
      "7": 71,
      "8": 71,
      "9": 1,
      "10": 1,
      "11": 22,
      "12": 1,
      "13": 21,
      "14": 3,
      "15": 18,
      "16": 4,
      "17": 1,
      "18": 3,
      "19": 3,
      "20": 1,
      "21": 2,
      "22": 1,
      "23": 1,
      "24": 1
    },
    "f": { "0": 81, "1": 22, "2": 4 },
    "b": {
      "0": [7, 73],
      "1": [2, 71],
      "2": [1, 21],
      "3": [3, 18],
      "4": [21, 21],
      "5": [1, 3],
      "6": [3, 2],
      "7": [1, 2],
      "8": [1, 1],
      "9": [2, 2]
    },
    "inputSourceMap": null,
    "_coverageSchema": "1a1c01bbd47fc00a2c39e90264f33305004495a9",
    "hash": "4d9567e955282cf118d7882c1626372029be6dc0"
  },
  "C:\\projects\\Data Governence\\src\\middleware\\errorHandler.js": {
    "path": "C:\\projects\\Data Governence\\src\\middleware\\errorHandler.js",
    "statementMap": {
      "0": { "start": { "line": 7, "column": 4 }, "end": { "line": 7, "column": 19 } },
      "1": { "start": { "line": 8, "column": 4 }, "end": { "line": 8, "column": 27 } },
      "2": { "start": { "line": 9, "column": 4 }, "end": { "line": 9, "column": 25 } },
      "3": { "start": { "line": 10, "column": 4 }, "end": { "line": 10, "column": 29 } },
      "4": { "start": { "line": 11, "column": 4 }, "end": { "line": 11, "column": 29 } },
      "5": { "start": { "line": 12, "column": 4 }, "end": { "line": 12, "column": 35 } },
      "6": { "start": { "line": 17, "column": 26 }, "end": { "line": 17, "column": 69 } },
      "7": { "start": { "line": 19, "column": 4 }, "end": { "line": 19, "column": 89 } },
      "8": { "start": { "line": 20, "column": 2 }, "end": { "line": 20, "column": 51 } },
      "9": { "start": { "line": 24, "column": 2 }, "end": { "line": 26, "column": 3 } },
      "10": { "start": { "line": 25, "column": 4 }, "end": { "line": 25, "column": 21 } },
      "11": { "start": { "line": 28, "column": 2 }, "end": { "line": 28, "column": 43 } },
      "12": { "start": { "line": 28, "column": 22 }, "end": { "line": 28, "column": 43 } },
      "13": { "start": { "line": 29, "column": 2 }, "end": { "line": 29, "column": 44 } },
      "14": { "start": { "line": 29, "column": 22 }, "end": { "line": 29, "column": 44 } },
      "15": { "start": { "line": 30, "column": 2 }, "end": { "line": 30, "column": 41 } },
      "16": { "start": { "line": 30, "column": 22 }, "end": { "line": 30, "column": 41 } },
      "17": { "start": { "line": 31, "column": 2 }, "end": { "line": 31, "column": 41 } },
      "18": { "start": { "line": 31, "column": 22 }, "end": { "line": 31, "column": 41 } },
      "19": { "start": { "line": 32, "column": 2 }, "end": { "line": 32, "column": 40 } },
      "20": { "start": { "line": 32, "column": 22 }, "end": { "line": 32, "column": 40 } },
      "21": { "start": { "line": 33, "column": 2 }, "end": { "line": 33, "column": 48 } },
      "22": { "start": { "line": 33, "column": 22 }, "end": { "line": 33, "column": 48 } },
      "23": { "start": { "line": 34, "column": 2 }, "end": { "line": 34, "column": 51 } },
      "24": { "start": { "line": 34, "column": 22 }, "end": { "line": 34, "column": 51 } },
      "25": { "start": { "line": 35, "column": 2 }, "end": { "line": 35, "column": 33 } },
      "26": { "start": { "line": 39, "column": 17 }, "end": { "line": 39, "column": 37 } },
      "27": { "start": { "line": 40, "column": 26 }, "end": { "line": 40, "column": 64 } },
      "28": { "start": { "line": 41, "column": 24 }, "end": { "line": 41, "column": 62 } },
      "29": { "start": { "line": 42, "column": 24 }, "end": { "line": 42, "column": 37 } },
      "30": { "start": { "line": 43, "column": 18 }, "end": { "line": 43, "column": 93 } },
      "31": { "start": { "line": 44, "column": 20 }, "end": { "line": 44, "column": 44 } },
      "32": { "start": { "line": 45, "column": 20 }, "end": { "line": 45, "column": 72 } },
      "33": { "start": { "line": 46, "column": 22 }, "end": { "line": 46, "column": 54 } },
      "34": { "start": { "line": 47, "column": 22 }, "end": { "line": 47, "column": 82 } },
      "35": { "start": { "line": 49, "column": 2 }, "end": { "line": 52, "column": 4 } },
      "36": { "start": { "line": 54, "column": 18 }, "end": { "line": 71, "column": 3 } },
      "37": { "start": { "line": 73, "column": 2 }, "end": { "line": 75, "column": 5 } },
      "38": { "start": { "line": 79, "column": 17 }, "end": { "line": 79, "column": 37 } },
      "39": { "start": { "line": 80, "column": 26 }, "end": { "line": 80, "column": 90 } },
      "40": { "start": { "line": 81, "column": 24 }, "end": { "line": 81, "column": 62 } },
      "41": { "start": { "line": 82, "column": 24 }, "end": { "line": 82, "column": 37 } },
      "42": { "start": { "line": 83, "column": 18 }, "end": { "line": 83, "column": 93 } },
      "43": { "start": { "line": 84, "column": 20 }, "end": { "line": 84, "column": 65 } },
      "44": { "start": { "line": 85, "column": 20 }, "end": { "line": 85, "column": 72 } },
      "45": { "start": { "line": 86, "column": 22 }, "end": { "line": 86, "column": 76 } },
      "46": { "start": { "line": 88, "column": 4 }, "end": { "line": 88, "column": 83 } },
      "47": { "start": { "line": 90, "column": 2 }, "end": { "line": 110, "column": 4 } },
      "48": { "start": { "line": 114, "column": 19 }, "end": { "line": 114, "column": 57 } },
      "49": { "start": { "line": 115, "column": 16 }, "end": { "line": 115, "column": 58 } },
      "50": { "start": { "line": 116, "column": 2 }, "end": { "line": 116, "column": 51 } }
    },
    "fnMap": {
      "0": {
        "name": "(anonymous_0)",
        "decl": { "start": { "line": 6, "column": 2 }, "end": { "line": 6, "column": 3 } },
        "loc": { "start": { "line": 6, "column": 45 }, "end": { "line": 13, "column": 3 } },
        "line": 6
      },
      "1": {
        "name": "normalizeStatus",
        "decl": { "start": { "line": 16, "column": 9 }, "end": { "line": 16, "column": 24 } },
        "loc": { "start": { "line": 16, "column": 30 }, "end": { "line": 21, "column": 1 } },
        "line": 16
      },
      "2": {
        "name": "getLegacyErrorLabel",
        "decl": { "start": { "line": 23, "column": 9 }, "end": { "line": 23, "column": 28 } },
        "loc": { "start": { "line": 23, "column": 42 }, "end": { "line": 36, "column": 1 } },
        "line": 23
      },
      "3": {
        "name": "errorHandler",
        "decl": { "start": { "line": 38, "column": 24 }, "end": { "line": 38, "column": 36 } },
        "loc": { "start": { "line": 38, "column": 59 }, "end": { "line": 76, "column": 1 } },
        "line": 38
      },
      "4": {
        "name": "buildErrorResponse",
        "decl": { "start": { "line": 78, "column": 16 }, "end": { "line": 78, "column": 34 } },
        "loc": { "start": { "line": 78, "column": 59 }, "end": { "line": 111, "column": 1 } },
        "line": 78
      },
      "5": {
        "name": "sendErrorResponse",
        "decl": { "start": { "line": 113, "column": 16 }, "end": { "line": 113, "column": 33 } },
        "loc": { "start": { "line": 113, "column": 75 }, "end": { "line": 117, "column": 1 } },
        "line": 113
      }
    },
    "branchMap": {
      "0": {
        "loc": { "start": { "line": 6, "column": 31 }, "end": { "line": 6, "column": 43 } },
        "type": "default-arg",
        "locations": [{ "start": { "line": 6, "column": 41 }, "end": { "line": 6, "column": 43 } }],
        "line": 6
      },
      "1": {
        "loc": { "start": { "line": 17, "column": 33 }, "end": { "line": 17, "column": 68 } },
        "type": "binary-expr",
        "locations": [
          { "start": { "line": 17, "column": 33 }, "end": { "line": 17, "column": 43 } },
          { "start": { "line": 17, "column": 47 }, "end": { "line": 17, "column": 61 } },
          { "start": { "line": 17, "column": 65 }, "end": { "line": 17, "column": 68 } }
        ],
        "line": 17
      },
      "2": {
        "loc": { "start": { "line": 19, "column": 4 }, "end": { "line": 19, "column": 89 } },
        "type": "binary-expr",
        "locations": [
          { "start": { "line": 19, "column": 4 }, "end": { "line": 19, "column": 37 } },
          { "start": { "line": 19, "column": 41 }, "end": { "line": 19, "column": 63 } },
          { "start": { "line": 19, "column": 67 }, "end": { "line": 19, "column": 89 } }
        ],
        "line": 19
      },
      "3": {
        "loc": { "start": { "line": 20, "column": 9 }, "end": { "line": 20, "column": 50 } },
        "type": "cond-expr",
        "locations": [
          { "start": { "line": 20, "column": 29 }, "end": { "line": 20, "column": 44 } },
          { "start": { "line": 20, "column": 47 }, "end": { "line": 20, "column": 50 } }
        ],
        "line": 20
      },
      "4": {
        "loc": { "start": { "line": 24, "column": 2 }, "end": { "line": 26, "column": 3 } },
        "type": "if",
        "locations": [
          { "start": { "line": 24, "column": 2 }, "end": { "line": 26, "column": 3 } },
          { "start": {}, "end": {} }
        ],
        "line": 24
      },
      "5": {
        "loc": { "start": { "line": 24, "column": 6 }, "end": { "line": 24, "column": 48 } },
        "type": "binary-expr",
        "locations": [
          { "start": { "line": 24, "column": 6 }, "end": { "line": 24, "column": 15 } },
          { "start": { "line": 24, "column": 19 }, "end": { "line": 24, "column": 48 } }
        ],
        "line": 24
      },
      "6": {
        "loc": { "start": { "line": 28, "column": 2 }, "end": { "line": 28, "column": 43 } },
        "type": "if",
        "locations": [
          { "start": { "line": 28, "column": 2 }, "end": { "line": 28, "column": 43 } },
          { "start": {}, "end": {} }
        ],
        "line": 28
      },
      "7": {
        "loc": { "start": { "line": 29, "column": 2 }, "end": { "line": 29, "column": 44 } },
        "type": "if",
        "locations": [
          { "start": { "line": 29, "column": 2 }, "end": { "line": 29, "column": 44 } },
          { "start": {}, "end": {} }
        ],
        "line": 29
      },
      "8": {
        "loc": { "start": { "line": 30, "column": 2 }, "end": { "line": 30, "column": 41 } },
        "type": "if",
        "locations": [
          { "start": { "line": 30, "column": 2 }, "end": { "line": 30, "column": 41 } },
          { "start": {}, "end": {} }
        ],
        "line": 30
      },
      "9": {
        "loc": { "start": { "line": 31, "column": 2 }, "end": { "line": 31, "column": 41 } },
        "type": "if",
        "locations": [
          { "start": { "line": 31, "column": 2 }, "end": { "line": 31, "column": 41 } },
          { "start": {}, "end": {} }
        ],
        "line": 31
      },
      "10": {
        "loc": { "start": { "line": 32, "column": 2 }, "end": { "line": 32, "column": 40 } },
        "type": "if",
        "locations": [
          { "start": { "line": 32, "column": 2 }, "end": { "line": 32, "column": 40 } },
          { "start": {}, "end": {} }
        ],
        "line": 32
      },
      "11": {
        "loc": { "start": { "line": 33, "column": 2 }, "end": { "line": 33, "column": 48 } },
        "type": "if",
        "locations": [
          { "start": { "line": 33, "column": 2 }, "end": { "line": 33, "column": 48 } },
          { "start": {}, "end": {} }
        ],
        "line": 33
      },
      "12": {
        "loc": { "start": { "line": 34, "column": 2 }, "end": { "line": 34, "column": 51 } },
        "type": "if",
        "locations": [
          { "start": { "line": 34, "column": 2 }, "end": { "line": 34, "column": 51 } },
          { "start": {}, "end": {} }
        ],
        "line": 34
      },
      "13": {
        "loc": { "start": { "line": 40, "column": 26 }, "end": { "line": 40, "column": 64 } },
        "type": "binary-expr",
        "locations": [
          { "start": { "line": 40, "column": 26 }, "end": { "line": 40, "column": 37 } },
          { "start": { "line": 40, "column": 41 }, "end": { "line": 40, "column": 64 } }
        ],
        "line": 40
      },
      "14": {
        "loc": { "start": { "line": 43, "column": 18 }, "end": { "line": 43, "column": 93 } },
        "type": "cond-expr",
        "locations": [
          { "start": { "line": 43, "column": 52 }, "end": { "line": 43, "column": 75 } },
          { "start": { "line": 43, "column": 78 }, "end": { "line": 43, "column": 93 } }
        ],
        "line": 43
      },
      "15": {
        "loc": { "start": { "line": 43, "column": 18 }, "end": { "line": 43, "column": 49 } },
        "type": "binary-expr",
        "locations": [
          { "start": { "line": 43, "column": 18 }, "end": { "line": 43, "column": 31 } },
          { "start": { "line": 43, "column": 35 }, "end": { "line": 43, "column": 49 } }
        ],
        "line": 43
      },
      "16": {
        "loc": { "start": { "line": 45, "column": 20 }, "end": { "line": 45, "column": 72 } },
        "type": "binary-expr",
        "locations": [
          { "start": { "line": 45, "column": 20 }, "end": { "line": 45, "column": 33 } },
          { "start": { "line": 45, "column": 37 }, "end": { "line": 45, "column": 64 } },
          { "start": { "line": 45, "column": 68 }, "end": { "line": 45, "column": 72 } }
        ],
        "line": 45
      },
      "17": {
        "loc": { "start": { "line": 47, "column": 22 }, "end": { "line": 47, "column": 82 } },
        "type": "cond-expr",
        "locations": [
          { "start": { "line": 47, "column": 56 }, "end": { "line": 47, "column": 60 } },
          { "start": { "line": 47, "column": 63 }, "end": { "line": 47, "column": 82 } }
        ],
        "line": 47
      },
      "18": {
        "loc": { "start": { "line": 47, "column": 22 }, "end": { "line": 47, "column": 53 } },
        "type": "binary-expr",
        "locations": [
          { "start": { "line": 47, "column": 22 }, "end": { "line": 47, "column": 35 } },
          { "start": { "line": 47, "column": 39 }, "end": { "line": 47, "column": 53 } }
        ],
        "line": 47
      },
      "19": {
        "loc": { "start": { "line": 47, "column": 63 }, "end": { "line": 47, "column": 82 } },
        "type": "binary-expr",
        "locations": [
          { "start": { "line": 47, "column": 63 }, "end": { "line": 47, "column": 74 } },
          { "start": { "line": 47, "column": 78 }, "end": { "line": 47, "column": 82 } }
        ],
        "line": 47
      },
      "20": {
        "loc": { "start": { "line": 50, "column": 68 }, "end": { "line": 50, "column": 86 } },
        "type": "binary-expr",
        "locations": [
          { "start": { "line": 50, "column": 68 }, "end": { "line": 50, "column": 77 } },
          { "start": { "line": 50, "column": 81 }, "end": { "line": 50, "column": 86 } }
        ],
        "line": 50
      },
      "21": {
        "loc": { "start": { "line": 62, "column": 12 }, "end": { "line": 62, "column": 35 } },
        "type": "binary-expr",
        "locations": [
          { "start": { "line": 62, "column": 12 }, "end": { "line": 62, "column": 20 } },
          { "start": { "line": 62, "column": 24 }, "end": { "line": 62, "column": 35 } }
        ],
        "line": 62
      },
      "22": {
        "loc": { "start": { "line": 69, "column": 10 }, "end": { "line": 69, "column": 47 } },
        "type": "binary-expr",
        "locations": [
          { "start": { "line": 69, "column": 10 }, "end": { "line": 69, "column": 23 } },
          { "start": { "line": 69, "column": 27 }, "end": { "line": 69, "column": 47 } }
        ],
        "line": 69
      },
      "23": {
        "loc": { "start": { "line": 78, "column": 45 }, "end": { "line": 78, "column": 57 } },
        "type": "default-arg",
        "locations": [
          { "start": { "line": 78, "column": 55 }, "end": { "line": 78, "column": 57 } }
        ],
        "line": 78
      },
      "24": {
        "loc": { "start": { "line": 80, "column": 26 }, "end": { "line": 80, "column": 90 } },
        "type": "binary-expr",
        "locations": [
          { "start": { "line": 80, "column": 26 }, "end": { "line": 80, "column": 37 } },
          { "start": { "line": 80, "column": 41 }, "end": { "line": 80, "column": 63 } },
          { "start": { "line": 80, "column": 67 }, "end": { "line": 80, "column": 90 } }
        ],
        "line": 80
      },
      "25": {
        "loc": { "start": { "line": 83, "column": 18 }, "end": { "line": 83, "column": 93 } },
        "type": "cond-expr",
        "locations": [
          { "start": { "line": 83, "column": 52 }, "end": { "line": 83, "column": 75 } },
          { "start": { "line": 83, "column": 78 }, "end": { "line": 83, "column": 93 } }
        ],
        "line": 83
      },
      "26": {
        "loc": { "start": { "line": 83, "column": 18 }, "end": { "line": 83, "column": 49 } },
        "type": "binary-expr",
        "locations": [
          { "start": { "line": 83, "column": 18 }, "end": { "line": 83, "column": 31 } },
          { "start": { "line": 83, "column": 35 }, "end": { "line": 83, "column": 49 } }
        ],
        "line": 83
      },
      "27": {
        "loc": { "start": { "line": 84, "column": 20 }, "end": { "line": 84, "column": 65 } },
        "type": "binary-expr",
        "locations": [
          { "start": { "line": 84, "column": 20 }, "end": { "line": 84, "column": 37 } },
          { "start": { "line": 84, "column": 41 }, "end": { "line": 84, "column": 65 } }
        ],
        "line": 84
      },
      "28": {
        "loc": { "start": { "line": 85, "column": 20 }, "end": { "line": 85, "column": 72 } },
        "type": "binary-expr",
        "locations": [
          { "start": { "line": 85, "column": 20 }, "end": { "line": 85, "column": 33 } },
          { "start": { "line": 85, "column": 37 }, "end": { "line": 85, "column": 64 } },
          { "start": { "line": 85, "column": 68 }, "end": { "line": 85, "column": 72 } }
        ],
        "line": 85
      },
      "29": {
        "loc": { "start": { "line": 86, "column": 22 }, "end": { "line": 86, "column": 76 } },
        "type": "binary-expr",
        "locations": [
          { "start": { "line": 86, "column": 22 }, "end": { "line": 86, "column": 40 } },
          { "start": { "line": 86, "column": 44 }, "end": { "line": 86, "column": 76 } }
        ],
        "line": 86
      },
      "30": {
        "loc": { "start": { "line": 88, "column": 4 }, "end": { "line": 88, "column": 83 } },
        "type": "cond-expr",
        "locations": [
          { "start": { "line": 88, "column": 38 }, "end": { "line": 88, "column": 42 } },
          { "start": { "line": 88, "column": 45 }, "end": { "line": 88, "column": 83 } }
        ],
        "line": 88
      },
      "31": {
        "loc": { "start": { "line": 88, "column": 4 }, "end": { "line": 88, "column": 35 } },
        "type": "binary-expr",
        "locations": [
          { "start": { "line": 88, "column": 4 }, "end": { "line": 88, "column": 17 } },
          { "start": { "line": 88, "column": 21 }, "end": { "line": 88, "column": 35 } }
        ],
        "line": 88
      },
      "32": {
        "loc": { "start": { "line": 88, "column": 45 }, "end": { "line": 88, "column": 83 } },
        "type": "binary-expr",
        "locations": [
          { "start": { "line": 88, "column": 45 }, "end": { "line": 88, "column": 56 } },
          { "start": { "line": 88, "column": 60 }, "end": { "line": 88, "column": 75 } },
          { "start": { "line": 88, "column": 79 }, "end": { "line": 88, "column": 83 } }
        ],
        "line": 88
      },
      "33": {
        "loc": { "start": { "line": 100, "column": 14 }, "end": { "line": 100, "column": 53 } },
        "type": "binary-expr",
        "locations": [
          { "start": { "line": 100, "column": 14 }, "end": { "line": 100, "column": 22 } },
          { "start": { "line": 100, "column": 26 }, "end": { "line": 100, "column": 38 } },
          { "start": { "line": 100, "column": 42 }, "end": { "line": 100, "column": 53 } }
        ],
        "line": 100
      },
      "34": {
        "loc": { "start": { "line": 107, "column": 12 }, "end": { "line": 107, "column": 49 } },
        "type": "binary-expr",
        "locations": [
          { "start": { "line": 107, "column": 12 }, "end": { "line": 107, "column": 25 } },
          { "start": { "line": 107, "column": 29 }, "end": { "line": 107, "column": 49 } }
        ],
        "line": 107
      },
      "35": {
        "loc": { "start": { "line": 113, "column": 61 }, "end": { "line": 113, "column": 73 } },
        "type": "default-arg",
        "locations": [
          { "start": { "line": 113, "column": 71 }, "end": { "line": 113, "column": 73 } }
        ],
        "line": 113
      }
    },
    "s": {
      "0": 40,
      "1": 40,
      "2": 40,
      "3": 40,
      "4": 40,
      "5": 40,
      "6": 34,
      "7": 34,
      "8": 34,
      "9": 33,
      "10": 0,
      "11": 33,
      "12": 12,
      "13": 21,
      "14": 8,
      "15": 13,
      "16": 5,
      "17": 8,
      "18": 5,
      "19": 3,
      "20": 1,
      "21": 2,
      "22": 0,
      "23": 2,
      "24": 0,
      "25": 2,
      "26": 13,
      "27": 13,
      "28": 13,
      "29": 13,
      "30": 13,
      "31": 13,
      "32": 13,
      "33": 13,
      "34": 13,
      "35": 13,
      "36": 13,
      "37": 13,
      "38": 21,
      "39": 21,
      "40": 21,
      "41": 21,
      "42": 21,
      "43": 21,
      "44": 21,
      "45": 21,
      "46": 21,
      "47": 21,
      "48": 21,
      "49": 21,
      "50": 21
    },
    "f": { "0": 40, "1": 34, "2": 33, "3": 13, "4": 21, "5": 21 },
    "b": {
      "0": [0],
      "1": [34, 1, 1],
      "2": [34, 34, 34],
      "3": [34, 0],
      "4": [0, 33],
      "5": [33, 0],
      "6": [12, 21],
      "7": [8, 13],
      "8": [5, 8],
      "9": [5, 3],
      "10": [1, 2],
      "11": [0, 2],
      "12": [0, 2],
      "13": [13, 0],
      "14": [1, 12],
      "15": [13, 2],
      "16": [13, 0, 0],
      "17": [1, 12],
      "18": [13, 2],
      "19": [12, 11],
      "20": [13, 0],
      "21": [13, 2],
      "22": [13, 1],
      "23": [0],
      "24": [21, 0, 0],
      "25": [0, 21],
      "26": [21, 0],
      "27": [21, 21],
      "28": [21, 0, 0],
      "29": [21, 20],
      "30": [0, 21],
      "31": [21, 0],
      "32": [21, 21, 21],
      "33": [21, 0, 0],
      "34": [21, 0],
      "35": [0]
    },
    "inputSourceMap": null,
    "_coverageSchema": "1a1c01bbd47fc00a2c39e90264f33305004495a9",
    "hash": "ba0842874c2d33b16b26105654af3bf26e8c7196"
  },
  "C:\\projects\\Data Governence\\src\\middleware\\performanceMonitor.js": {
    "path": "C:\\projects\\Data Governence\\src\\middleware\\performanceMonitor.js",
    "statementMap": {
      "0": { "start": { "line": 4, "column": 16 }, "end": { "line": 4, "column": 39 } },
      "1": { "start": { "line": 6, "column": 2 }, "end": { "line": 17, "column": 5 } },
      "2": { "start": { "line": 7, "column": 22 }, "end": { "line": 7, "column": 53 } },
      "3": { "start": { "line": 8, "column": 23 }, "end": { "line": 8, "column": 46 } },
      "4": { "start": { "line": 9, "column": 22 }, "end": { "line": 9, "column": 90 } },
      "5": { "start": { "line": 11, "column": 4 }, "end": { "line": 16, "column": 7 } },
      "6": { "start": { "line": 19, "column": 2 }, "end": { "line": 19, "column": 9 } }
    },
    "fnMap": {
      "0": {
        "name": "performanceMonitor",
        "decl": { "start": { "line": 3, "column": 24 }, "end": { "line": 3, "column": 42 } },
        "loc": { "start": { "line": 3, "column": 59 }, "end": { "line": 20, "column": 1 } },
        "line": 3
      },
      "1": {
        "name": "(anonymous_1)",
        "decl": { "start": { "line": 6, "column": 19 }, "end": { "line": 6, "column": 20 } },
        "loc": { "start": { "line": 6, "column": 25 }, "end": { "line": 17, "column": 3 } },
        "line": 6
      }
    },
    "branchMap": {
      "0": {
        "loc": { "start": { "line": 9, "column": 22 }, "end": { "line": 9, "column": 90 } },
        "type": "cond-expr",
        "locations": [
          { "start": { "line": 9, "column": 40 }, "end": { "line": 9, "column": 79 } },
          { "start": { "line": 9, "column": 82 }, "end": { "line": 9, "column": 90 } }
        ],
        "line": 9
      },
      "1": {
        "loc": { "start": { "line": 9, "column": 43 }, "end": { "line": 9, "column": 60 } },
        "type": "binary-expr",
        "locations": [
          { "start": { "line": 9, "column": 43 }, "end": { "line": 9, "column": 54 } },
          { "start": { "line": 9, "column": 58 }, "end": { "line": 9, "column": 60 } }
        ],
        "line": 9
      }
    },
    "s": { "0": 89, "1": 89, "2": 89, "3": 89, "4": 89, "5": 89, "6": 89 },
    "f": { "0": 89, "1": 89 },
    "b": { "0": [86, 3], "1": [86, 7] },
    "inputSourceMap": null,
    "_coverageSchema": "1a1c01bbd47fc00a2c39e90264f33305004495a9",
    "hash": "a885e1677314349e90672af5b0f1a03383a80000"
  },
  "C:\\projects\\Data Governence\\src\\middleware\\requestLogger.js": {
    "path": "C:\\projects\\Data Governence\\src\\middleware\\requestLogger.js",
    "statementMap": {
      "0": { "start": { "line": 6, "column": 16 }, "end": { "line": 6, "column": 26 } },
      "1": { "start": { "line": 9, "column": 2 }, "end": { "line": 14, "column": 5 } },
      "2": { "start": { "line": 10, "column": 21 }, "end": { "line": 10, "column": 39 } },
      "3": { "start": { "line": 11, "column": 4 }, "end": { "line": 13, "column": 6 } },
      "4": { "start": { "line": 16, "column": 2 }, "end": { "line": 16, "column": 9 } }
    },
    "fnMap": {
      "0": {
        "name": "requestLogger",
        "decl": { "start": { "line": 5, "column": 24 }, "end": { "line": 5, "column": 37 } },
        "loc": { "start": { "line": 5, "column": 54 }, "end": { "line": 17, "column": 1 } },
        "line": 5
      },
      "1": {
        "name": "(anonymous_1)",
        "decl": { "start": { "line": 9, "column": 19 }, "end": { "line": 9, "column": 20 } },
        "loc": { "start": { "line": 9, "column": 25 }, "end": { "line": 14, "column": 3 } },
        "line": 9
      }
    },
    "branchMap": {},
    "s": { "0": 89, "1": 89, "2": 89, "3": 89, "4": 89 },
    "f": { "0": 89, "1": 89 },
    "b": {},
    "inputSourceMap": null,
    "_coverageSchema": "1a1c01bbd47fc00a2c39e90264f33305004495a9",
    "hash": "ec92397c6f447687adcbcb55f8f298dbbdc7115f"
  },
  "C:\\projects\\Data Governence\\src\\utils\\apiRouter.js": {
    "path": "C:\\projects\\Data Governence\\src\\utils\\apiRouter.js",
    "statementMap": {
      "0": { "start": { "line": 4, "column": 2 }, "end": { "line": 6, "column": 3 } },
      "1": { "start": { "line": 5, "column": 4 }, "end": { "line": 5, "column": 19 } },
      "2": { "start": { "line": 8, "column": 2 }, "end": { "line": 10, "column": 3 } },
      "3": { "start": { "line": 9, "column": 4 }, "end": { "line": 9, "column": 19 } },
      "4": { "start": { "line": 12, "column": 2 }, "end": { "line": 22, "column": 4 } },
      "5": { "start": { "line": 13, "column": 4 }, "end": { "line": 21, "column": 5 } },
      "6": { "start": { "line": 14, "column": 21 }, "end": { "line": 14, "column": 44 } },
      "7": { "start": { "line": 15, "column": 6 }, "end": { "line": 17, "column": 7 } },
      "8": { "start": { "line": 16, "column": 8 }, "end": { "line": 16, "column": 27 } },
      "9": { "start": { "line": 18, "column": 6 }, "end": { "line": 18, "column": 20 } },
      "10": { "start": { "line": 20, "column": 6 }, "end": { "line": 20, "column": 25 } },
      "11": { "start": { "line": 26, "column": 2 }, "end": { "line": 28, "column": 3 } },
      "12": { "start": { "line": 27, "column": 4 }, "end": { "line": 27, "column": 28 } },
      "13": { "start": { "line": 30, "column": 2 }, "end": { "line": 30, "column": 26 } },
      "14": { "start": { "line": 34, "column": 17 }, "end": { "line": 34, "column": 25 } },
      "15": { "start": { "line": 35, "column": 18 }, "end": { "line": 35, "column": 92 } },
      "16": { "start": { "line": 37, "column": 2 }, "end": { "line": 40, "column": 5 } },
      "17": { "start": { "line": 38, "column": 21 }, "end": { "line": 38, "column": 48 } },
      "18": { "start": { "line": 39, "column": 4 }, "end": { "line": 39, "column": 65 } },
      "19": { "start": { "line": 39, "column": 34 }, "end": { "line": 39, "column": 64 } },
      "20": { "start": { "line": 42, "column": 2 }, "end": { "line": 42, "column": 16 } }
    },
    "fnMap": {
      "0": {
        "name": "wrapHandler",
        "decl": { "start": { "line": 3, "column": 9 }, "end": { "line": 3, "column": 20 } },
        "loc": { "start": { "line": 3, "column": 30 }, "end": { "line": 23, "column": 1 } },
        "line": 3
      },
      "1": {
        "name": "wrappedHandler",
        "decl": { "start": { "line": 12, "column": 18 }, "end": { "line": 12, "column": 32 } },
        "loc": { "start": { "line": 12, "column": 49 }, "end": { "line": 22, "column": 3 } },
        "line": 12
      },
      "2": {
        "name": "wrapArg",
        "decl": { "start": { "line": 25, "column": 9 }, "end": { "line": 25, "column": 16 } },
        "loc": { "start": { "line": 25, "column": 22 }, "end": { "line": 31, "column": 1 } },
        "line": 25
      },
      "3": {
        "name": "createApiRouter",
        "decl": { "start": { "line": 33, "column": 16 }, "end": { "line": 33, "column": 31 } },
        "loc": { "start": { "line": 33, "column": 34 }, "end": { "line": 43, "column": 1 } },
        "line": 33
      },
      "4": {
        "name": "(anonymous_4)",
        "decl": { "start": { "line": 37, "column": 18 }, "end": { "line": 37, "column": 19 } },
        "loc": { "start": { "line": 37, "column": 30 }, "end": { "line": 40, "column": 3 } },
        "line": 37
      },
      "5": {
        "name": "(anonymous_5)",
        "decl": { "start": { "line": 39, "column": 21 }, "end": { "line": 39, "column": 22 } },
        "loc": { "start": { "line": 39, "column": 34 }, "end": { "line": 39, "column": 64 } },
        "line": 39
      }
    },
    "branchMap": {
      "0": {
        "loc": { "start": { "line": 4, "column": 2 }, "end": { "line": 6, "column": 3 } },
        "type": "if",
        "locations": [
          { "start": { "line": 4, "column": 2 }, "end": { "line": 6, "column": 3 } },
          { "start": {}, "end": {} }
        ],
        "line": 4
      },
      "1": {
        "loc": { "start": { "line": 8, "column": 2 }, "end": { "line": 10, "column": 3 } },
        "type": "if",
        "locations": [
          { "start": { "line": 8, "column": 2 }, "end": { "line": 10, "column": 3 } },
          { "start": {}, "end": {} }
        ],
        "line": 8
      },
      "2": {
        "loc": { "start": { "line": 15, "column": 6 }, "end": { "line": 17, "column": 7 } },
        "type": "if",
        "locations": [
          { "start": { "line": 15, "column": 6 }, "end": { "line": 17, "column": 7 } },
          { "start": {}, "end": {} }
        ],
        "line": 15
      },
      "3": {
        "loc": { "start": { "line": 15, "column": 10 }, "end": { "line": 15, "column": 53 } },
        "type": "binary-expr",
        "locations": [
          { "start": { "line": 15, "column": 10 }, "end": { "line": 15, "column": 16 } },
          { "start": { "line": 15, "column": 20 }, "end": { "line": 15, "column": 53 } }
        ],
        "line": 15
      },
      "4": {
        "loc": { "start": { "line": 26, "column": 2 }, "end": { "line": 28, "column": 3 } },
        "type": "if",
        "locations": [
          { "start": { "line": 26, "column": 2 }, "end": { "line": 28, "column": 3 } },
          { "start": {}, "end": {} }
        ],
        "line": 26
      }
    },
    "s": {
      "0": 3251,
      "1": 1084,
      "2": 2167,
      "3": 1,
      "4": 2166,
      "5": 180,
      "6": 180,
      "7": 178,
      "8": 12,
      "9": 178,
      "10": 2,
      "11": 3252,
      "12": 1,
      "13": 3251,
      "14": 174,
      "15": 174,
      "16": 174,
      "17": 1566,
      "18": 1566,
      "19": 1139,
      "20": 174
    },
    "f": { "0": 3251, "1": 180, "2": 3252, "3": 174, "4": 1566, "5": 1139 },
    "b": { "0": [1084, 2167], "1": [1, 2166], "2": [12, 166], "3": [178, 72], "4": [1, 3251] },
    "inputSourceMap": null,
    "_coverageSchema": "1a1c01bbd47fc00a2c39e90264f33305004495a9",
    "hash": "4e5f9890579d87729b9ad66a68fce227ec9b30fd"
  },
  "C:\\projects\\Data Governence\\src\\utils\\config.js": {
    "path": "C:\\projects\\Data Governence\\src\\utils\\config.js",
    "statementMap": {
      "0": { "start": { "line": 6, "column": 21 }, "end": { "line": 6, "column": 23 } },
      "1": { "start": { "line": 9, "column": 15 }, "end": { "line": 20, "column": 1 } },
      "2": { "start": { "line": 23, "column": 0 }, "end": { "line": 28, "column": 1 } },
      "3": { "start": { "line": 24, "column": 18 }, "end": { "line": 24, "column": 65 } },
      "4": { "start": { "line": 24, "column": 47 }, "end": { "line": 24, "column": 64 } },
      "5": { "start": { "line": 25, "column": 2 }, "end": { "line": 27, "column": 3 } },
      "6": { "start": { "line": 26, "column": 4 }, "end": { "line": 26, "column": 85 } }
    },
    "fnMap": {
      "0": {
        "name": "(anonymous_0)",
        "decl": { "start": { "line": 24, "column": 38 }, "end": { "line": 24, "column": 39 } },
        "loc": { "start": { "line": 24, "column": 47 }, "end": { "line": 24, "column": 64 } },
        "line": 24
      }
    },
    "branchMap": {
      "0": {
        "loc": { "start": { "line": 10, "column": 8 }, "end": { "line": 10, "column": 32 } },
        "type": "binary-expr",
        "locations": [
          { "start": { "line": 10, "column": 8 }, "end": { "line": 10, "column": 24 } },
          { "start": { "line": 10, "column": 28 }, "end": { "line": 10, "column": 32 } }
        ],
        "line": 10
      },
      "1": {
        "loc": { "start": { "line": 11, "column": 11 }, "end": { "line": 11, "column": 48 } },
        "type": "binary-expr",
        "locations": [
          { "start": { "line": 11, "column": 11 }, "end": { "line": 11, "column": 31 } },
          { "start": { "line": 11, "column": 35 }, "end": { "line": 11, "column": 48 } }
        ],
        "line": 11
      },
      "2": {
        "loc": { "start": { "line": 12, "column": 19 }, "end": { "line": 12, "column": 74 } },
        "type": "binary-expr",
        "locations": [
          { "start": { "line": 12, "column": 19 }, "end": { "line": 12, "column": 47 } },
          { "start": { "line": 12, "column": 51 }, "end": { "line": 12, "column": 74 } }
        ],
        "line": 12
      },
      "3": {
        "loc": { "start": { "line": 13, "column": 18 }, "end": { "line": 13, "column": 65 } },
        "type": "binary-expr",
        "locations": [
          { "start": { "line": 13, "column": 18 }, "end": { "line": 13, "column": 52 } },
          { "start": { "line": 13, "column": 56 }, "end": { "line": 13, "column": 65 } }
        ],
        "line": 13
      },
      "4": {
        "loc": { "start": { "line": 14, "column": 16 }, "end": { "line": 14, "column": 67 } },
        "type": "binary-expr",
        "locations": [
          { "start": { "line": 14, "column": 16 }, "end": { "line": 14, "column": 46 } },
          { "start": { "line": 14, "column": 50 }, "end": { "line": 14, "column": 67 } }
        ],
        "line": 14
      },
      "5": {
        "loc": { "start": { "line": 23, "column": 0 }, "end": { "line": 28, "column": 1 } },
        "type": "if",
        "locations": [
          { "start": { "line": 23, "column": 0 }, "end": { "line": 28, "column": 1 } },
          { "start": {}, "end": {} }
        ],
        "line": 23
      },
      "6": {
        "loc": { "start": { "line": 25, "column": 2 }, "end": { "line": 27, "column": 3 } },
        "type": "if",
        "locations": [
          { "start": { "line": 25, "column": 2 }, "end": { "line": 27, "column": 3 } },
          { "start": {}, "end": {} }
        ],
        "line": 25
      }
    },
    "s": { "0": 2, "1": 2, "2": 2, "3": 1, "4": 0, "5": 1, "6": 0 },
    "f": { "0": 0 },
    "b": {
      "0": [2, 1],
      "1": [2, 1],
      "2": [2, 1],
      "3": [2, 1],
      "4": [2, 1],
      "5": [1, 1],
      "6": [0, 1]
    },
    "inputSourceMap": null,
    "_coverageSchema": "1a1c01bbd47fc00a2c39e90264f33305004495a9",
    "hash": "bae53e7527b4757453b60d6a13835e3d85cfeb3d"
  },
  "C:\\projects\\Data Governence\\src\\utils\\entraConfig.js": {
    "path": "C:\\projects\\Data Governence\\src\\utils\\entraConfig.js",
    "statementMap": {
      "0": { "start": { "line": 8, "column": 0 }, "end": { "line": 8, "column": 16 } },
      "1": { "start": { "line": 10, "column": 27 }, "end": { "line": 17, "column": 1 } },
      "2": { "start": { "line": 24, "column": 2 }, "end": { "line": 34, "column": 3 } },
      "3": { "start": { "line": 25, "column": 21 }, "end": { "line": 25, "column": 82 } },
      "4": { "start": { "line": 26, "column": 20 }, "end": { "line": 26, "column": 63 } },
      "5": { "start": { "line": 26, "column": 45 }, "end": { "line": 26, "column": 62 } },
      "6": { "start": { "line": 28, "column": 4 }, "end": { "line": 33, "column": 5 } },
      "7": { "start": { "line": 29, "column": 6 }, "end": { "line": 32, "column": 8 } }
    },
    "fnMap": {
      "0": {
        "name": "validateEntraConfig",
        "decl": { "start": { "line": 23, "column": 16 }, "end": { "line": 23, "column": 35 } },
        "loc": { "start": { "line": 23, "column": 38 }, "end": { "line": 35, "column": 1 } },
        "line": 23
      },
      "1": {
        "name": "(anonymous_1)",
        "decl": { "start": { "line": 26, "column": 36 }, "end": { "line": 26, "column": 37 } },
        "loc": { "start": { "line": 26, "column": 45 }, "end": { "line": 26, "column": 62 } },
        "line": 26
      }
    },
    "branchMap": {
      "0": {
        "loc": { "start": { "line": 11, "column": 12 }, "end": { "line": 11, "column": 45 } },
        "type": "binary-expr",
        "locations": [
          { "start": { "line": 11, "column": 12 }, "end": { "line": 11, "column": 39 } },
          { "start": { "line": 11, "column": 43 }, "end": { "line": 11, "column": 45 } }
        ],
        "line": 11
      },
      "1": {
        "loc": { "start": { "line": 12, "column": 16 }, "end": { "line": 12, "column": 53 } },
        "type": "binary-expr",
        "locations": [
          { "start": { "line": 12, "column": 16 }, "end": { "line": 12, "column": 47 } },
          { "start": { "line": 12, "column": 51 }, "end": { "line": 12, "column": 53 } }
        ],
        "line": 12
      },
      "2": {
        "loc": { "start": { "line": 13, "column": 12 }, "end": { "line": 13, "column": 45 } },
        "type": "binary-expr",
        "locations": [
          { "start": { "line": 13, "column": 12 }, "end": { "line": 13, "column": 39 } },
          { "start": { "line": 13, "column": 43 }, "end": { "line": 13, "column": 45 } }
        ],
        "line": 13
      },
      "3": {
        "loc": { "start": { "line": 14, "column": 15 }, "end": { "line": 14, "column": 86 } },
        "type": "binary-expr",
        "locations": [
          { "start": { "line": 14, "column": 15 }, "end": { "line": 14, "column": 45 } },
          { "start": { "line": 14, "column": 49 }, "end": { "line": 14, "column": 86 } }
        ],
        "line": 14
      },
      "4": {
        "loc": { "start": { "line": 15, "column": 50 }, "end": { "line": 15, "column": 89 } },
        "type": "binary-expr",
        "locations": [
          { "start": { "line": 15, "column": 50 }, "end": { "line": 15, "column": 77 } },
          { "start": { "line": 15, "column": 81 }, "end": { "line": 15, "column": 89 } }
        ],
        "line": 15
      },
      "5": {
        "loc": { "start": { "line": 24, "column": 2 }, "end": { "line": 34, "column": 3 } },
        "type": "if",
        "locations": [
          { "start": { "line": 24, "column": 2 }, "end": { "line": 34, "column": 3 } },
          { "start": {}, "end": {} }
        ],
        "line": 24
      },
      "6": {
        "loc": { "start": { "line": 28, "column": 4 }, "end": { "line": 33, "column": 5 } },
        "type": "if",
        "locations": [
          { "start": { "line": 28, "column": 4 }, "end": { "line": 33, "column": 5 } },
          { "start": {}, "end": {} }
        ],
        "line": 28
      }
    },
    "s": { "0": 12, "1": 12, "2": 12, "3": 2, "4": 2, "5": 6, "6": 2, "7": 1 },
    "f": { "0": 12, "1": 6 },
    "b": {
      "0": [12, 11],
      "1": [12, 11],
      "2": [12, 11],
      "3": [12, 0],
      "4": [12, 11],
      "5": [2, 10],
      "6": [1, 1]
    },
    "inputSourceMap": null,
    "_coverageSchema": "1a1c01bbd47fc00a2c39e90264f33305004495a9",
    "hash": "85a52e9e23c3fa63f2c6c7bc3c0e1c7b0256ab89"
  },
  "C:\\projects\\Data Governence\\src\\utils\\tokenManager.js": {
    "path": "C:\\projects\\Data Governence\\src\\utils\\tokenManager.js",
    "statementMap": {
      "0": { "start": { "line": 8, "column": 19 }, "end": { "line": 8, "column": 82 } },
      "1": { "start": { "line": 9, "column": 19 }, "end": { "line": 9, "column": 50 } },
      "2": { "start": { "line": 10, "column": 29 }, "end": { "line": 10, "column": 69 } },
      "3": { "start": { "line": 18, "column": 2 }, "end": { "line": 33, "column": 4 } },
      "4": { "start": { "line": 42, "column": 2 }, "end": { "line": 52, "column": 4 } },
      "5": { "start": { "line": 61, "column": 2 }, "end": { "line": 66, "column": 3 } },
      "6": { "start": { "line": 62, "column": 4 }, "end": { "line": 62, "column": 68 } },
      "7": { "start": { "line": 64, "column": 4 }, "end": { "line": 64, "column": 61 } },
      "8": { "start": { "line": 65, "column": 4 }, "end": { "line": 65, "column": 16 } },
      "9": { "start": { "line": 75, "column": 2 }, "end": { "line": 75, "column": 31 } },
      "10": { "start": { "line": 75, "column": 19 }, "end": { "line": 75, "column": 31 } },
      "11": { "start": { "line": 77, "column": 16 }, "end": { "line": 77, "column": 37 } },
      "12": { "start": { "line": 78, "column": 2 }, "end": { "line": 80, "column": 3 } },
      "13": { "start": { "line": 79, "column": 4 }, "end": { "line": 79, "column": 16 } },
      "14": { "start": { "line": 82, "column": 2 }, "end": { "line": 82, "column": 18 } },
      "15": { "start": { "line": 92, "column": 18 }, "end": { "line": 92, "column": 43 } },
      "16": { "start": { "line": 94, "column": 2 }, "end": { "line": 96, "column": 3 } },
      "17": { "start": { "line": 95, "column": 4 }, "end": { "line": 95, "column": 45 } },
      "18": { "start": { "line": 98, "column": 2 }, "end": { "line": 98, "column": 29 } }
    },
    "fnMap": {
      "0": {
        "name": "generateToken",
        "decl": { "start": { "line": 17, "column": 16 }, "end": { "line": 17, "column": 29 } },
        "loc": { "start": { "line": 17, "column": 36 }, "end": { "line": 34, "column": 1 } },
        "line": 17
      },
      "1": {
        "name": "generateRefreshToken",
        "decl": { "start": { "line": 41, "column": 16 }, "end": { "line": 41, "column": 36 } },
        "loc": { "start": { "line": 41, "column": 45 }, "end": { "line": 53, "column": 1 } },
        "line": 41
      },
      "2": {
        "name": "verifyToken",
        "decl": { "start": { "line": 60, "column": 16 }, "end": { "line": 60, "column": 27 } },
        "loc": { "start": { "line": 60, "column": 35 }, "end": { "line": 67, "column": 1 } },
        "line": 60
      },
      "3": {
        "name": "extractToken",
        "decl": { "start": { "line": 74, "column": 16 }, "end": { "line": 74, "column": 28 } },
        "loc": { "start": { "line": 74, "column": 41 }, "end": { "line": 83, "column": 1 } },
        "line": 74
      },
      "4": {
        "name": "refreshAccessToken",
        "decl": { "start": { "line": 91, "column": 16 }, "end": { "line": 91, "column": 34 } },
        "loc": { "start": { "line": 91, "column": 55 }, "end": { "line": 99, "column": 1 } },
        "line": 91
      }
    },
    "branchMap": {
      "0": {
        "loc": { "start": { "line": 8, "column": 19 }, "end": { "line": 8, "column": 82 } },
        "type": "binary-expr",
        "locations": [
          { "start": { "line": 8, "column": 19 }, "end": { "line": 8, "column": 41 } },
          { "start": { "line": 8, "column": 45 }, "end": { "line": 8, "column": 82 } }
        ],
        "line": 8
      },
      "1": {
        "loc": { "start": { "line": 9, "column": 19 }, "end": { "line": 9, "column": 50 } },
        "type": "binary-expr",
        "locations": [
          { "start": { "line": 9, "column": 19 }, "end": { "line": 9, "column": 41 } },
          { "start": { "line": 9, "column": 45 }, "end": { "line": 9, "column": 50 } }
        ],
        "line": 9
      },
      "2": {
        "loc": { "start": { "line": 10, "column": 29 }, "end": { "line": 10, "column": 69 } },
        "type": "binary-expr",
        "locations": [
          { "start": { "line": 10, "column": 29 }, "end": { "line": 10, "column": 61 } },
          { "start": { "line": 10, "column": 65 }, "end": { "line": 10, "column": 69 } }
        ],
        "line": 10
      },
      "3": {
        "loc": { "start": { "line": 23, "column": 13 }, "end": { "line": 23, "column": 29 } },
        "type": "binary-expr",
        "locations": [
          { "start": { "line": 23, "column": 13 }, "end": { "line": 23, "column": 23 } },
          { "start": { "line": 23, "column": 27 }, "end": { "line": 23, "column": 29 } }
        ],
        "line": 23
      },
      "4": {
        "loc": { "start": { "line": 24, "column": 17 }, "end": { "line": 24, "column": 37 } },
        "type": "binary-expr",
        "locations": [
          { "start": { "line": 24, "column": 17 }, "end": { "line": 24, "column": 31 } },
          { "start": { "line": 24, "column": 35 }, "end": { "line": 24, "column": 37 } }
        ],
        "line": 24
      },
      "5": {
        "loc": { "start": { "line": 75, "column": 2 }, "end": { "line": 75, "column": 31 } },
        "type": "if",
        "locations": [
          { "start": { "line": 75, "column": 2 }, "end": { "line": 75, "column": 31 } },
          { "start": {}, "end": {} }
        ],
        "line": 75
      },
      "6": {
        "loc": { "start": { "line": 78, "column": 2 }, "end": { "line": 80, "column": 3 } },
        "type": "if",
        "locations": [
          { "start": { "line": 78, "column": 2 }, "end": { "line": 80, "column": 3 } },
          { "start": {}, "end": {} }
        ],
        "line": 78
      },
      "7": {
        "loc": { "start": { "line": 78, "column": 6 }, "end": { "line": 78, "column": 63 } },
        "type": "binary-expr",
        "locations": [
          { "start": { "line": 78, "column": 6 }, "end": { "line": 78, "column": 24 } },
          { "start": { "line": 78, "column": 28 }, "end": { "line": 78, "column": 63 } }
        ],
        "line": 78
      },
      "8": {
        "loc": { "start": { "line": 94, "column": 2 }, "end": { "line": 96, "column": 3 } },
        "type": "if",
        "locations": [
          { "start": { "line": 94, "column": 2 }, "end": { "line": 96, "column": 3 } },
          { "start": {}, "end": {} }
        ],
        "line": 94
      },
      "9": {
        "loc": { "start": { "line": 94, "column": 6 }, "end": { "line": 94, "column": 44 } },
        "type": "binary-expr",
        "locations": [
          { "start": { "line": 94, "column": 6 }, "end": { "line": 94, "column": 14 } },
          { "start": { "line": 94, "column": 18 }, "end": { "line": 94, "column": 44 } }
        ],
        "line": 94
      }
    },
    "s": {
      "0": 11,
      "1": 11,
      "2": 11,
      "3": 34,
      "4": 6,
      "5": 86,
      "6": 86,
      "7": 6,
      "8": 6,
      "9": 85,
      "10": 8,
      "11": 77,
      "12": 76,
      "13": 1,
      "14": 75,
      "15": 2,
      "16": 2,
      "17": 1,
      "18": 1
    },
    "f": { "0": 34, "1": 6, "2": 86, "3": 85, "4": 2 },
    "b": {
      "0": [11, 11],
      "1": [11, 11],
      "2": [11, 11],
      "3": [34, 0],
      "4": [34, 0],
      "5": [8, 77],
      "6": [1, 75],
      "7": [76, 76],
      "8": [1, 1],
      "9": [2, 1]
    },
    "inputSourceMap": null,
    "_coverageSchema": "1a1c01bbd47fc00a2c39e90264f33305004495a9",
    "hash": "a21812e3307d38c81269be044ba0e46bec225977"
  },
  "C:\\projects\\Data Governence\\src\\utils\\ttlCache.js": {
    "path": "C:\\projects\\Data Governence\\src\\utils\\ttlCache.js",
    "statementMap": {
      "0": { "start": { "line": 2, "column": 16 }, "end": { "line": 2, "column": 25 } },
      "1": { "start": { "line": 5, "column": 4 }, "end": { "line": 9, "column": 5 } },
      "2": { "start": { "line": 6, "column": 6 }, "end": { "line": 8, "column": 7 } },
      "3": { "start": { "line": 7, "column": 8 }, "end": { "line": 7, "column": 26 } },
      "4": { "start": { "line": 13, "column": 4 }, "end": { "line": 15, "column": 5 } },
      "5": { "start": { "line": 14, "column": 6 }, "end": { "line": 14, "column": 13 } },
      "6": { "start": { "line": 17, "column": 17 }, "end": { "line": 17, "column": 29 } },
      "7": { "start": { "line": 18, "column": 4 }, "end": { "line": 24, "column": 5 } },
      "8": { "start": { "line": 19, "column": 22 }, "end": { "line": 19, "column": 39 } },
      "9": { "start": { "line": 20, "column": 6 }, "end": { "line": 22, "column": 7 } },
      "10": { "start": { "line": 21, "column": 8 }, "end": { "line": 21, "column": 14 } },
      "11": { "start": { "line": 23, "column": 6 }, "end": { "line": 23, "column": 28 } },
      "12": { "start": { "line": 27, "column": 2 }, "end": { "line": 47, "column": 4 } },
      "13": { "start": { "line": 29, "column": 18 }, "end": { "line": 29, "column": 28 } },
      "14": { "start": { "line": 30, "column": 6 }, "end": { "line": 30, "column": 24 } },
      "15": { "start": { "line": 32, "column": 20 }, "end": { "line": 32, "column": 34 } },
      "16": { "start": { "line": 33, "column": 6 }, "end": { "line": 33, "column": 40 } },
      "17": { "start": { "line": 36, "column": 6 }, "end": { "line": 36, "column": 21 } },
      "18": { "start": { "line": 37, "column": 6 }, "end": { "line": 40, "column": 9 } },
      "19": { "start": { "line": 41, "column": 6 }, "end": { "line": 41, "column": 22 } },
      "20": { "start": { "line": 42, "column": 6 }, "end": { "line": 42, "column": 19 } },
      "21": { "start": { "line": 45, "column": 6 }, "end": { "line": 45, "column": 20 } }
    },
    "fnMap": {
      "0": {
        "name": "createTtlCache",
        "decl": { "start": { "line": 1, "column": 16 }, "end": { "line": 1, "column": 30 } },
        "loc": { "start": { "line": 1, "column": 70 }, "end": { "line": 48, "column": 1 } },
        "line": 1
      },
      "1": {
        "name": "evictExpired",
        "decl": { "start": { "line": 4, "column": 11 }, "end": { "line": 4, "column": 23 } },
        "loc": { "start": { "line": 4, "column": 42 }, "end": { "line": 10, "column": 3 } },
        "line": 4
      },
      "2": {
        "name": "evictOverflow",
        "decl": { "start": { "line": 12, "column": 11 }, "end": { "line": 12, "column": 24 } },
        "loc": { "start": { "line": 12, "column": 27 }, "end": { "line": 25, "column": 3 } },
        "line": 12
      },
      "3": {
        "name": "(anonymous_3)",
        "decl": { "start": { "line": 28, "column": 4 }, "end": { "line": 28, "column": 5 } },
        "loc": { "start": { "line": 28, "column": 13 }, "end": { "line": 34, "column": 5 } },
        "line": 28
      },
      "4": {
        "name": "(anonymous_4)",
        "decl": { "start": { "line": 35, "column": 4 }, "end": { "line": 35, "column": 5 } },
        "loc": { "start": { "line": 35, "column": 20 }, "end": { "line": 43, "column": 5 } },
        "line": 35
      },
      "5": {
        "name": "(anonymous_5)",
        "decl": { "start": { "line": 44, "column": 4 }, "end": { "line": 44, "column": 5 } },
        "loc": { "start": { "line": 44, "column": 12 }, "end": { "line": 46, "column": 5 } },
        "line": 44
      }
    },
    "branchMap": {
      "0": {
        "loc": { "start": { "line": 1, "column": 31 }, "end": { "line": 1, "column": 68 } },
        "type": "default-arg",
        "locations": [{ "start": { "line": 1, "column": 66 }, "end": { "line": 1, "column": 68 } }],
        "line": 1
      },
      "1": {
        "loc": { "start": { "line": 1, "column": 33 }, "end": { "line": 1, "column": 46 } },
        "type": "default-arg",
        "locations": [{ "start": { "line": 1, "column": 41 }, "end": { "line": 1, "column": 46 } }],
        "line": 1
      },
      "2": {
        "loc": { "start": { "line": 1, "column": 48 }, "end": { "line": 1, "column": 61 } },
        "type": "default-arg",
        "locations": [{ "start": { "line": 1, "column": 58 }, "end": { "line": 1, "column": 61 } }],
        "line": 1
      },
      "3": {
        "loc": { "start": { "line": 4, "column": 24 }, "end": { "line": 4, "column": 40 } },
        "type": "default-arg",
        "locations": [{ "start": { "line": 4, "column": 30 }, "end": { "line": 4, "column": 40 } }],
        "line": 4
      },
      "4": {
        "loc": { "start": { "line": 6, "column": 6 }, "end": { "line": 8, "column": 7 } },
        "type": "if",
        "locations": [
          { "start": { "line": 6, "column": 6 }, "end": { "line": 8, "column": 7 } },
          { "start": {}, "end": {} }
        ],
        "line": 6
      },
      "5": {
        "loc": { "start": { "line": 13, "column": 4 }, "end": { "line": 15, "column": 5 } },
        "type": "if",
        "locations": [
          { "start": { "line": 13, "column": 4 }, "end": { "line": 15, "column": 5 } },
          { "start": {}, "end": {} }
        ],
        "line": 13
      },
      "6": {
        "loc": { "start": { "line": 20, "column": 6 }, "end": { "line": 22, "column": 7 } },
        "type": "if",
        "locations": [
          { "start": { "line": 20, "column": 6 }, "end": { "line": 22, "column": 7 } },
          { "start": {}, "end": {} }
        ],
        "line": 20
      },
      "7": {
        "loc": { "start": { "line": 33, "column": 13 }, "end": { "line": 33, "column": 39 } },
        "type": "cond-expr",
        "locations": [
          { "start": { "line": 33, "column": 21 }, "end": { "line": 33, "column": 32 } },
          { "start": { "line": 33, "column": 35 }, "end": { "line": 33, "column": 39 } }
        ],
        "line": 33
      }
    },
    "s": {
      "0": 23,
      "1": 19,
      "2": 21,
      "3": 1,
      "4": 9,
      "5": 7,
      "6": 2,
      "7": 2,
      "8": 2,
      "9": 2,
      "10": 0,
      "11": 2,
      "12": 23,
      "13": 10,
      "14": 10,
      "15": 10,
      "16": 10,
      "17": 9,
      "18": 9,
      "19": 9,
      "20": 9,
      "21": 5
    },
    "f": { "0": 23, "1": 19, "2": 9, "3": 10, "4": 9, "5": 5 },
    "b": {
      "0": [0],
      "1": [0],
      "2": [0],
      "3": [9],
      "4": [1, 20],
      "5": [7, 2],
      "6": [0, 2],
      "7": [6, 4]
    },
    "inputSourceMap": null,
    "_coverageSchema": "1a1c01bbd47fc00a2c39e90264f33305004495a9",
    "hash": "53d9db72792d312537774e336878ff079c1e8c21"
  }
}
