TN:
SF:src\app.js
FN:45,initializeCache
FN:62,createApp
FN:105,(anonymous_2)
FN:142,(anonymous_3)
FN:185,(anonymous_4)
FN:190,(anonymous_5)
FNF:6
FNH:2
FNDA:0,initializeCache
FNDA:1,createApp
FNDA:11,(anonymous_2)
FNDA:0,(anonymous_3)
FNDA:0,(anonymous_4)
FNDA:0,(anonymous_5)
DA:46,0
DA:47,0
DA:48,0
DA:49,0
DA:50,0
DA:51,0
DA:52,0
DA:53,0
DA:54,0
DA:55,0
DA:63,1
DA:64,1
DA:65,1
DA:68,1
DA:70,1
DA:73,1
DA:97,1
DA:100,1
DA:101,1
DA:104,1
DA:105,1
DA:106,11
DA:107,11
DA:108,11
DA:110,1
DA:111,1
DA:114,1
DA:117,1
DA:120,1
DA:123,1
DA:124,1
DA:125,1
DA:126,1
DA:127,1
DA:128,1
DA:129,1
DA:130,1
DA:131,1
DA:132,1
DA:133,1
DA:134,1
DA:135,1
DA:136,1
DA:137,1
DA:138,1
DA:139,1
DA:142,1
DA:143,0
DA:180,1
DA:183,1
DA:185,1
DA:186,0
DA:190,1
DA:191,0
DA:195,1
DA:197,1
LF:56
LH:43
BRDA:106,0,0,11
BRDA:106,0,1,11
BRF:2
BRH:2
end_of_record
TN:
SF:src\middleware\auth.js
FN:13,authenticate
FN:43,requireAdmin
FN:59,requireDatabaseAccess
FNF:3
FNH:1
FNDA:5,authenticate
FNDA:0,requireAdmin
FNDA:0,requireDatabaseAccess
DA:14,5
DA:15,5
DA:17,5
DA:18,2
DA:23,3
DA:25,3
DA:26,1
DA:30,2
DA:32,2
DA:34,0
DA:35,0
DA:44,0
DA:45,0
DA:48,0
DA:49,0
DA:52,0
DA:60,0
DA:61,0
DA:64,0
DA:66,0
DA:67,0
DA:70,0
DA:71,0
DA:76,0
DA:77,0
LF:25
LH:9
BRDA:17,0,0,2
BRDA:17,0,1,3
BRDA:25,1,0,1
BRDA:25,1,1,2
BRDA:44,2,0,0
BRDA:44,2,1,0
BRDA:48,3,0,0
BRDA:48,3,1,0
BRDA:48,4,0,0
BRDA:48,4,1,0
BRDA:60,5,0,0
BRDA:60,5,1,0
BRDA:64,6,0,0
BRDA:64,6,1,0
BRDA:66,7,0,0
BRDA:66,7,1,0
BRDA:70,8,0,0
BRDA:70,8,1,0
BRDA:70,9,0,0
BRDA:70,9,1,0
BRF:20
BRH:4
end_of_record
TN:
SF:src\middleware\errorHandler.js
FN:6,(anonymous_0)
FN:16,normalizeStatus
FN:23,getLegacyErrorLabel
FN:38,errorHandler
FN:78,buildErrorResponse
FN:113,sendErrorResponse
FNF:6
FNH:6
FNDA:5,(anonymous_0)
FNDA:5,normalizeStatus
FNDA:5,getLegacyErrorLabel
FNDA:3,errorHandler
FNDA:2,buildErrorResponse
FNDA:2,sendErrorResponse
DA:7,5
DA:8,5
DA:9,5
DA:10,5
DA:11,5
DA:12,5
DA:17,5
DA:19,5
DA:20,5
DA:24,5
DA:25,0
DA:28,5
DA:29,4
DA:30,0
DA:31,0
DA:32,0
DA:33,0
DA:34,0
DA:35,0
DA:39,3
DA:40,3
DA:41,3
DA:42,3
DA:43,3
DA:44,3
DA:45,3
DA:46,3
DA:47,3
DA:49,3
DA:54,3
DA:73,3
DA:79,2
DA:80,2
DA:81,2
DA:82,2
DA:83,2
DA:84,2
DA:85,2
DA:86,2
DA:88,2
DA:90,2
DA:114,2
DA:115,2
DA:116,2
LF:44
LH:37
BRDA:6,0,0,0
BRDA:17,1,0,5
BRDA:17,1,1,0
BRDA:17,1,2,0
BRDA:19,2,0,5
BRDA:19,2,1,5
BRDA:19,2,2,5
BRDA:20,3,0,5
BRDA:20,3,1,0
BRDA:24,4,0,0
BRDA:24,4,1,5
BRDA:24,5,0,5
BRDA:24,5,1,0
BRDA:28,6,0,1
BRDA:28,6,1,4
BRDA:29,7,0,4
BRDA:29,7,1,0
BRDA:30,8,0,0
BRDA:30,8,1,0
BRDA:31,9,0,0
BRDA:31,9,1,0
BRDA:32,10,0,0
BRDA:32,10,1,0
BRDA:33,11,0,0
BRDA:33,11,1,0
BRDA:34,12,0,0
BRDA:34,12,1,0
BRDA:40,13,0,3
BRDA:40,13,1,0
BRDA:43,14,0,0
BRDA:43,14,1,3
BRDA:43,15,0,3
BRDA:43,15,1,0
BRDA:45,16,0,3
BRDA:45,16,1,0
BRDA:45,16,2,0
BRDA:47,17,0,0
BRDA:47,17,1,3
BRDA:47,18,0,3
BRDA:47,18,1,0
BRDA:47,19,0,3
BRDA:47,19,1,3
BRDA:50,20,0,3
BRDA:50,20,1,0
BRDA:62,21,0,3
BRDA:62,21,1,0
BRDA:69,22,0,3
BRDA:69,22,1,0
BRDA:78,23,0,0
BRDA:80,24,0,2
BRDA:80,24,1,0
BRDA:80,24,2,0
BRDA:83,25,0,0
BRDA:83,25,1,2
BRDA:83,26,0,2
BRDA:83,26,1,0
BRDA:84,27,0,2
BRDA:84,27,1,2
BRDA:85,28,0,2
BRDA:85,28,1,0
BRDA:85,28,2,0
BRDA:86,29,0,2
BRDA:86,29,1,2
BRDA:88,30,0,0
BRDA:88,30,1,2
BRDA:88,31,0,2
BRDA:88,31,1,0
BRDA:88,32,0,2
BRDA:88,32,1,2
BRDA:88,32,2,2
BRDA:100,33,0,2
BRDA:100,33,1,0
BRDA:100,33,2,0
BRDA:107,34,0,2
BRDA:107,34,1,0
BRDA:113,35,0,0
BRF:76
BRH:36
end_of_record
TN:
SF:src\middleware\performanceMonitor.js
FN:3,performanceMonitor
FN:6,(anonymous_1)
FNF:2
FNH:2
FNDA:11,performanceMonitor
FNDA:11,(anonymous_1)
DA:4,11
DA:6,11
DA:7,11
DA:8,11
DA:9,11
DA:11,11
DA:19,11
LF:7
LH:7
BRDA:9,0,0,11
BRDA:9,0,1,0
BRDA:9,1,0,11
BRDA:9,1,1,3
BRF:4
BRH:3
end_of_record
TN:
SF:src\middleware\requestLogger.js
FN:5,requestLogger
FN:9,(anonymous_1)
FNF:2
FNH:2
FNDA:11,requestLogger
FNDA:11,(anonymous_1)
DA:6,11
DA:9,11
DA:10,11
DA:11,11
DA:16,11
LF:5
LH:5
BRF:0
BRH:0
end_of_record
TN:
SF:src\utils\apiRouter.js
FN:3,wrapHandler
FN:12,wrappedHandler
FN:25,wrapArg
FN:33,createApiRouter
FN:37,(anonymous_4)
FN:39,(anonymous_5)
FNF:6
FNH:6
FNDA:360,wrapHandler
FNDA:13,wrappedHandler
FNDA:360,wrapArg
FNDA:19,createApiRouter
FNDA:171,(anonymous_4)
FNDA:126,(anonymous_5)
DA:4,360
DA:5,120
DA:8,240
DA:9,0
DA:12,240
DA:13,13
DA:14,13
DA:15,13
DA:16,0
DA:18,13
DA:20,0
DA:26,360
DA:27,0
DA:30,360
DA:34,19
DA:35,19
DA:37,19
DA:38,171
DA:39,171
DA:42,19
LF:20
LH:16
BRDA:4,0,0,120
BRDA:4,0,1,240
BRDA:8,1,0,0
BRDA:8,1,1,240
BRDA:15,2,0,0
BRDA:15,2,1,13
BRDA:15,3,0,13
BRDA:15,3,1,5
BRDA:26,4,0,0
BRDA:26,4,1,360
BRF:10
BRH:7
end_of_record
TN:
SF:src\utils\config.js
FN:24,(anonymous_0)
FNF:1
FNH:0
FNDA:0,(anonymous_0)
DA:6,0
DA:9,0
DA:23,0
DA:24,0
DA:25,0
DA:26,0
LF:6
LH:0
BRDA:10,0,0,0
BRDA:10,0,1,0
BRDA:11,1,0,0
BRDA:11,1,1,0
BRDA:12,2,0,0
BRDA:12,2,1,0
BRDA:13,3,0,0
BRDA:13,3,1,0
BRDA:14,4,0,0
BRDA:14,4,1,0
BRDA:23,5,0,0
BRDA:23,5,1,0
BRDA:25,6,0,0
BRDA:25,6,1,0
BRF:14
BRH:0
end_of_record
TN:
SF:src\utils\entraConfig.js
FN:23,validateEntraConfig
FN:26,(anonymous_1)
FNF:2
FNH:1
FNDA:1,validateEntraConfig
FNDA:0,(anonymous_1)
DA:8,1
DA:10,1
DA:24,1
DA:25,0
DA:26,0
DA:28,0
DA:29,0
LF:7
LH:3
BRDA:11,0,0,1
BRDA:11,0,1,1
BRDA:12,1,0,1
BRDA:12,1,1,1
BRDA:13,2,0,1
BRDA:13,2,1,1
BRDA:14,3,0,1
BRDA:14,3,1,0
BRDA:15,4,0,1
BRDA:15,4,1,1
BRDA:24,5,0,0
BRDA:24,5,1,1
BRDA:28,6,0,0
BRDA:28,6,1,0
BRF:14
BRH:10
end_of_record
TN:
SF:src\utils\tokenManager.js
FN:17,generateToken
FN:41,generateRefreshToken
FN:60,verifyToken
FN:74,extractToken
FN:91,refreshAccessToken
FNF:5
FNH:5
FNDA:4,generateToken
FNDA:3,generateRefreshToken
FNDA:6,verifyToken
FNDA:5,extractToken
FNDA:1,refreshAccessToken
DA:8,1
DA:9,1
DA:10,1
DA:18,4
DA:42,3
DA:61,6
DA:62,6
DA:64,2
DA:65,2
DA:75,5
DA:77,3
DA:78,3
DA:79,0
DA:82,3
DA:92,1
DA:94,1
DA:95,0
DA:98,1
LF:18
LH:16
BRDA:8,0,0,1
BRDA:8,0,1,1
BRDA:9,1,0,1
BRDA:9,1,1,1
BRDA:10,2,0,1
BRDA:10,2,1,1
BRDA:23,3,0,4
BRDA:23,3,1,0
BRDA:24,4,0,4
BRDA:24,4,1,0
BRDA:75,5,0,2
BRDA:75,5,1,3
BRDA:78,6,0,0
BRDA:78,6,1,3
BRDA:78,7,0,3
BRDA:78,7,1,3
BRDA:94,8,0,0
BRDA:94,8,1,1
BRDA:94,9,0,1
BRDA:94,9,1,1
BRF:20
BRH:16
end_of_record
TN:
SF:src\utils\ttlCache.js
FN:1,createTtlCache
FN:4,evictExpired
FN:12,evictOverflow
FN:28,(anonymous_3)
FN:35,(anonymous_4)
FN:44,(anonymous_5)
FNF:6
FNH:1
FNDA:2,createTtlCache
FNDA:0,evictExpired
FNDA:0,evictOverflow
FNDA:0,(anonymous_3)
FNDA:0,(anonymous_4)
FNDA:0,(anonymous_5)
DA:2,2
DA:5,0
DA:6,0
DA:7,0
DA:13,0
DA:14,0
DA:17,0
DA:18,0
DA:19,0
DA:20,0
DA:21,0
DA:23,0
DA:27,2
DA:29,0
DA:30,0
DA:32,0
DA:33,0
DA:36,0
DA:37,0
DA:41,0
DA:42,0
DA:45,0
LF:22
LH:2
BRDA:1,0,0,0
BRDA:1,1,0,0
BRDA:1,2,0,0
BRDA:4,3,0,0
BRDA:6,4,0,0
BRDA:6,4,1,0
BRDA:13,5,0,0
BRDA:13,5,1,0
BRDA:20,6,0,0
BRDA:20,6,1,0
BRDA:33,7,0,0
BRDA:33,7,1,0
BRF:12
BRH:0
end_of_record
