TN:
SF:src\app.js
FN:45,initializeCache
FN:62,createApp
FN:105,(anonymous_2)
FN:142,(anonymous_3)
FN:185,(anonymous_4)
FN:190,(anonymous_5)
FNF:6
FNH:5
FNDA:2,initializeCache
FNDA:9,createApp
FNDA:89,(anonymous_2)
FNDA:1,(anonymous_3)
FNDA:0,(anonymous_4)
FNDA:1,(anonymous_5)
DA:46,2
DA:47,2
DA:48,2
DA:49,2
DA:50,2
DA:51,2
DA:52,2
DA:53,2
DA:54,2
DA:55,2
DA:63,9
DA:64,9
DA:65,9
DA:68,9
DA:70,9
DA:73,9
DA:97,9
DA:100,9
DA:101,9
DA:104,9
DA:105,9
DA:106,89
DA:107,89
DA:108,89
DA:110,9
DA:111,9
DA:114,9
DA:117,9
DA:120,9
DA:123,9
DA:124,9
DA:125,9
DA:126,9
DA:127,9
DA:128,9
DA:129,9
DA:130,9
DA:131,9
DA:132,9
DA:133,9
DA:134,9
DA:135,9
DA:136,9
DA:137,9
DA:138,9
DA:139,9
DA:142,9
DA:143,1
DA:180,9
DA:183,9
DA:185,9
DA:186,0
DA:190,9
DA:191,1
DA:195,9
DA:197,9
LF:56
LH:55
BRDA:106,0,0,89
BRDA:106,0,1,89
BRF:2
BRH:2
end_of_record
TN:
SF:src\middleware\auth.js
FN:13,authenticate
FN:43,requireAdmin
FN:59,requireDatabaseAccess
FNF:3
FNH:3
FNDA:81,authenticate
FNDA:22,requireAdmin
FNDA:4,requireDatabaseAccess
DA:14,81
DA:15,81
DA:17,80
DA:18,7
DA:23,73
DA:25,73
DA:26,2
DA:30,71
DA:32,71
DA:34,1
DA:35,1
DA:44,22
DA:45,1
DA:48,21
DA:49,3
DA:52,18
DA:60,4
DA:61,1
DA:64,3
DA:66,3
DA:67,1
DA:70,2
DA:71,1
DA:76,1
DA:77,1
LF:25
LH:25
BRDA:17,0,0,7
BRDA:17,0,1,73
BRDA:25,1,0,2
BRDA:25,1,1,71
BRDA:44,2,0,1
BRDA:44,2,1,21
BRDA:48,3,0,3
BRDA:48,3,1,18
BRDA:48,4,0,21
BRDA:48,4,1,21
BRDA:60,5,0,1
BRDA:60,5,1,3
BRDA:64,6,0,3
BRDA:64,6,1,2
BRDA:66,7,0,1
BRDA:66,7,1,2
BRDA:70,8,0,1
BRDA:70,8,1,1
BRDA:70,9,0,2
BRDA:70,9,1,2
BRF:20
BRH:20
end_of_record
TN:
SF:src\middleware\errorHandler.js
FN:6,(anonymous_0)
FN:16,normalizeStatus
FN:23,getLegacyErrorLabel
FN:38,errorHandler
FN:78,buildErrorResponse
FN:113,sendErrorResponse
FNF:6
FNH:6
FNDA:40,(anonymous_0)
FNDA:34,normalizeStatus
FNDA:33,getLegacyErrorLabel
FNDA:13,errorHandler
FNDA:21,buildErrorResponse
FNDA:21,sendErrorResponse
DA:7,40
DA:8,40
DA:9,40
DA:10,40
DA:11,40
DA:12,40
DA:17,34
DA:19,34
DA:20,34
DA:24,33
DA:25,0
DA:28,33
DA:29,21
DA:30,13
DA:31,8
DA:32,3
DA:33,2
DA:34,2
DA:35,2
DA:39,13
DA:40,13
DA:41,13
DA:42,13
DA:43,13
DA:44,13
DA:45,13
DA:46,13
DA:47,13
DA:49,13
DA:54,13
DA:73,13
DA:79,21
DA:80,21
DA:81,21
DA:82,21
DA:83,21
DA:84,21
DA:85,21
DA:86,21
DA:88,21
DA:90,21
DA:114,21
DA:115,21
DA:116,21
LF:44
LH:43
BRDA:6,0,0,0
BRDA:17,1,0,34
BRDA:17,1,1,1
BRDA:17,1,2,1
BRDA:19,2,0,34
BRDA:19,2,1,34
BRDA:19,2,2,34
BRDA:20,3,0,34
BRDA:20,3,1,0
BRDA:24,4,0,0
BRDA:24,4,1,33
BRDA:24,5,0,33
BRDA:24,5,1,0
BRDA:28,6,0,12
BRDA:28,6,1,21
BRDA:29,7,0,8
BRDA:29,7,1,13
BRDA:30,8,0,5
BRDA:30,8,1,8
BRDA:31,9,0,5
BRDA:31,9,1,3
BRDA:32,10,0,1
BRDA:32,10,1,2
BRDA:33,11,0,0
BRDA:33,11,1,2
BRDA:34,12,0,0
BRDA:34,12,1,2
BRDA:40,13,0,13
BRDA:40,13,1,0
BRDA:43,14,0,1
BRDA:43,14,1,12
BRDA:43,15,0,13
BRDA:43,15,1,2
BRDA:45,16,0,13
BRDA:45,16,1,0
BRDA:45,16,2,0
BRDA:47,17,0,1
BRDA:47,17,1,12
BRDA:47,18,0,13
BRDA:47,18,1,2
BRDA:47,19,0,12
BRDA:47,19,1,11
BRDA:50,20,0,13
BRDA:50,20,1,0
BRDA:62,21,0,13
BRDA:62,21,1,2
BRDA:69,22,0,13
BRDA:69,22,1,1
BRDA:78,23,0,0
BRDA:80,24,0,21
BRDA:80,24,1,0
BRDA:80,24,2,0
BRDA:83,25,0,0
BRDA:83,25,1,21
BRDA:83,26,0,21
BRDA:83,26,1,0
BRDA:84,27,0,21
BRDA:84,27,1,21
BRDA:85,28,0,21
BRDA:85,28,1,0
BRDA:85,28,2,0
BRDA:86,29,0,21
BRDA:86,29,1,20
BRDA:88,30,0,0
BRDA:88,30,1,21
BRDA:88,31,0,21
BRDA:88,31,1,0
BRDA:88,32,0,21
BRDA:88,32,1,21
BRDA:88,32,2,21
BRDA:100,33,0,21
BRDA:100,33,1,0
BRDA:100,33,2,0
BRDA:107,34,0,21
BRDA:107,34,1,0
BRDA:113,35,0,0
BRF:76
BRH:53
end_of_record
TN:
SF:src\middleware\performanceMonitor.js
FN:3,performanceMonitor
FN:6,(anonymous_1)
FNF:2
FNH:2
FNDA:89,performanceMonitor
FNDA:89,(anonymous_1)
DA:4,89
DA:6,89
DA:7,89
DA:8,89
DA:9,89
DA:11,89
DA:19,89
LF:7
LH:7
BRDA:9,0,0,86
BRDA:9,0,1,3
BRDA:9,1,0,86
BRDA:9,1,1,7
BRF:4
BRH:4
end_of_record
TN:
SF:src\middleware\requestLogger.js
FN:5,requestLogger
FN:9,(anonymous_1)
FNF:2
FNH:2
FNDA:89,requestLogger
FNDA:89,(anonymous_1)
DA:6,89
DA:9,89
DA:10,89
DA:11,89
DA:16,89
LF:5
LH:5
BRF:0
BRH:0
end_of_record
TN:
SF:src\utils\apiRouter.js
FN:3,wrapHandler
FN:12,wrappedHandler
FN:25,wrapArg
FN:33,createApiRouter
FN:37,(anonymous_4)
FN:39,(anonymous_5)
FNF:6
FNH:6
FNDA:3251,wrapHandler
FNDA:180,wrappedHandler
FNDA:3252,wrapArg
FNDA:174,createApiRouter
FNDA:1566,(anonymous_4)
FNDA:1139,(anonymous_5)
DA:4,3251
DA:5,1084
DA:8,2167
DA:9,1
DA:12,2166
DA:13,180
DA:14,180
DA:15,178
DA:16,12
DA:18,178
DA:20,2
DA:26,3252
DA:27,1
DA:30,3251
DA:34,174
DA:35,174
DA:37,174
DA:38,1566
DA:39,1566
DA:42,174
LF:20
LH:20
BRDA:4,0,0,1084
BRDA:4,0,1,2167
BRDA:8,1,0,1
BRDA:8,1,1,2166
BRDA:15,2,0,12
BRDA:15,2,1,166
BRDA:15,3,0,178
BRDA:15,3,1,72
BRDA:26,4,0,1
BRDA:26,4,1,3251
BRF:10
BRH:10
end_of_record
TN:
SF:src\utils\config.js
FN:24,(anonymous_0)
FNF:1
FNH:0
FNDA:0,(anonymous_0)
DA:6,2
DA:9,2
DA:23,2
DA:24,1
DA:25,1
DA:26,0
LF:6
LH:5
BRDA:10,0,0,2
BRDA:10,0,1,1
BRDA:11,1,0,2
BRDA:11,1,1,1
BRDA:12,2,0,2
BRDA:12,2,1,1
BRDA:13,3,0,2
BRDA:13,3,1,1
BRDA:14,4,0,2
BRDA:14,4,1,1
BRDA:23,5,0,1
BRDA:23,5,1,1
BRDA:25,6,0,0
BRDA:25,6,1,1
BRF:14
BRH:13
end_of_record
TN:
SF:src\utils\entraConfig.js
FN:23,validateEntraConfig
FN:26,(anonymous_1)
FNF:2
FNH:2
FNDA:12,validateEntraConfig
FNDA:6,(anonymous_1)
DA:8,12
DA:10,12
DA:24,12
DA:25,2
DA:26,6
DA:28,2
DA:29,1
LF:7
LH:7
BRDA:11,0,0,12
BRDA:11,0,1,11
BRDA:12,1,0,12
BRDA:12,1,1,11
BRDA:13,2,0,12
BRDA:13,2,1,11
BRDA:14,3,0,12
BRDA:14,3,1,0
BRDA:15,4,0,12
BRDA:15,4,1,11
BRDA:24,5,0,2
BRDA:24,5,1,10
BRDA:28,6,0,1
BRDA:28,6,1,1
BRF:14
BRH:13
end_of_record
TN:
SF:src\utils\tokenManager.js
FN:17,generateToken
FN:41,generateRefreshToken
FN:60,verifyToken
FN:74,extractToken
FN:91,refreshAccessToken
FNF:5
FNH:5
FNDA:34,generateToken
FNDA:6,generateRefreshToken
FNDA:86,verifyToken
FNDA:85,extractToken
FNDA:2,refreshAccessToken
DA:8,11
DA:9,11
DA:10,11
DA:18,34
DA:42,6
DA:61,86
DA:62,86
DA:64,6
DA:65,6
DA:75,85
DA:77,77
DA:78,76
DA:79,1
DA:82,75
DA:92,2
DA:94,2
DA:95,1
DA:98,1
LF:18
LH:18
BRDA:8,0,0,11
BRDA:8,0,1,11
BRDA:9,1,0,11
BRDA:9,1,1,11
BRDA:10,2,0,11
BRDA:10,2,1,11
BRDA:23,3,0,34
BRDA:23,3,1,0
BRDA:24,4,0,34
BRDA:24,4,1,0
BRDA:75,5,0,8
BRDA:75,5,1,77
BRDA:78,6,0,1
BRDA:78,6,1,75
BRDA:78,7,0,76
BRDA:78,7,1,76
BRDA:94,8,0,1
BRDA:94,8,1,1
BRDA:94,9,0,2
BRDA:94,9,1,1
BRF:20
BRH:18
end_of_record
TN:
SF:src\utils\ttlCache.js
FN:1,createTtlCache
FN:4,evictExpired
FN:12,evictOverflow
FN:28,(anonymous_3)
FN:35,(anonymous_4)
FN:44,(anonymous_5)
FNF:6
FNH:6
FNDA:23,createTtlCache
FNDA:19,evictExpired
FNDA:9,evictOverflow
FNDA:10,(anonymous_3)
FNDA:9,(anonymous_4)
FNDA:5,(anonymous_5)
DA:2,23
DA:5,19
DA:6,21
DA:7,1
DA:13,9
DA:14,7
DA:17,2
DA:18,2
DA:19,2
DA:20,2
DA:21,0
DA:23,2
DA:27,23
DA:29,10
DA:30,10
DA:32,10
DA:33,10
DA:36,9
DA:37,9
DA:41,9
DA:42,9
DA:45,5
LF:22
LH:21
BRDA:1,0,0,0
BRDA:1,1,0,0
BRDA:1,2,0,0
BRDA:4,3,0,9
BRDA:6,4,0,1
BRDA:6,4,1,20
BRDA:13,5,0,7
BRDA:13,5,1,2
BRDA:20,6,0,0
BRDA:20,6,1,2
BRDA:33,7,0,6
BRDA:33,7,1,4
BRF:12
BRH:8
end_of_record
